Copyright 1986-2022 Xilinx, Inc. All Rights Reserved. Copyright 2022-2023 Advanced Micro Devices, Inc. All Rights Reserved.
-------------------------------------------------------------------------------------------------------------------------------------------------
| Tool Version     : Vivado v.2023.1 (lin64) Build 3865809 Sun May  7 15:04:56 MDT 2023
| Date             : Sun Mar  8 23:41:10 2026
| Host             : ecelvd711.ece.local running 64-bit CentOS Linux release 7.9.2009 (Core)
| Command          : report_power -file tpu_power_routed.rpt -pb tpu_power_summary_routed.pb -rpx tpu_power_routed.rpx
| Design           : tpu
| Device           : xc7z020clg484-1
| Design State     : routed
| Grade            : commercial
| Process          : typical
| Characterization : Production
-------------------------------------------------------------------------------------------------------------------------------------------------

Power Report

Table of Contents
-----------------
1. Summary
1.1 On-Chip Components
1.2 Power Supply Summary
1.3 Confidence Level
2. Settings
2.1 Environment
2.2 Clock Constraints
3. Detailed Reports
3.1 By Hierarchy

1. Summary
----------

+--------------------------+--------------+
| Total On-Chip Power (W)  | 0.539        |
| Design Power Budget (W)  | Unspecified* |
| Power Budget Margin (W)  | NA           |
| Dynamic (W)              | 0.427        |
| Device Static (W)        | 0.112        |
| Effective TJA (C/W)      | 11.5         |
| Max Ambient (C)          | 78.8         |
| Junction Temperature (C) | 31.2         |
| Confidence Level         | Low          |
| Setting File             | ---          |
| Simulation Activity File | ---          |
| Design Nets Matched      | NA           |
+--------------------------+--------------+
* Specify Design Power Budget using, set_operating_conditions -design_power_budget <value in Watts>


1.1 On-Chip Components
----------------------

+----------------+-----------+----------+-----------+-----------------+
| On-Chip        | Power (W) | Used     | Available | Utilization (%) |
+----------------+-----------+----------+-----------+-----------------+
| Clocks         |     0.085 |        3 |       --- |             --- |
| Slice Logic    |     0.148 |    76783 |       --- |             --- |
|   LUT as Logic |     0.129 |    36739 |     53200 |           69.06 |
|   CARRY4       |     0.017 |     4188 |     13300 |           31.49 |
|   Register     |     0.002 |    24634 |    106400 |           23.15 |
|   F7/F8 Muxes  |    <0.001 |      374 |     53200 |            0.70 |
|   Others       |     0.000 |     2541 |       --- |             --- |
| Signals        |     0.154 |    57168 |       --- |             --- |
| Block RAM      |     0.022 |       10 |       140 |            7.14 |
| I/O            |     0.019 |      197 |       200 |           98.50 |
| Static Power   |     0.112 |          |           |                 |
| Total          |     0.539 |          |           |                 |
+----------------+-----------+----------+-----------+-----------------+


1.2 Power Supply Summary
------------------------

+-----------+-------------+-----------+-------------+------------+-------------+-------------+------------+
| Source    | Voltage (V) | Total (A) | Dynamic (A) | Static (A) | Powerup (A) | Budget (A)  | Margin (A) |
+-----------+-------------+-----------+-------------+------------+-------------+-------------+------------+
| Vccint    |       1.000 |     0.416 |       0.407 |      0.009 |       NA    | Unspecified | NA         |
| Vccaux    |       1.800 |     0.013 |       0.002 |      0.011 |       NA    | Unspecified | NA         |
| Vcco33    |       3.300 |     0.000 |       0.000 |      0.000 |       NA    | Unspecified | NA         |
| Vcco25    |       2.500 |     0.000 |       0.000 |      0.000 |       NA    | Unspecified | NA         |
| Vcco18    |       1.800 |     0.010 |       0.009 |      0.001 |       NA    | Unspecified | NA         |
| Vcco15    |       1.500 |     0.000 |       0.000 |      0.000 |       NA    | Unspecified | NA         |
| Vcco135   |       1.350 |     0.000 |       0.000 |      0.000 |       NA    | Unspecified | NA         |
| Vcco12    |       1.200 |     0.000 |       0.000 |      0.000 |       NA    | Unspecified | NA         |
| Vccaux_io |       1.800 |     0.000 |       0.000 |      0.000 |       NA    | Unspecified | NA         |
| Vccbram   |       1.000 |     0.003 |       0.002 |      0.001 |       NA    | Unspecified | NA         |
| MGTAVcc   |       1.000 |     0.000 |       0.000 |      0.000 |       NA    | Unspecified | NA         |
| MGTAVtt   |       1.200 |     0.000 |       0.000 |      0.000 |       NA    | Unspecified | NA         |
| MGTVccaux |       1.800 |     0.000 |       0.000 |      0.000 |       NA    | Unspecified | NA         |
| Vccpint   |       1.000 |     0.019 |       0.000 |      0.019 |       NA    | Unspecified | NA         |
| Vccpaux   |       1.800 |     0.010 |       0.000 |      0.010 |       NA    | Unspecified | NA         |
| Vccpll    |       1.800 |     0.003 |       0.000 |      0.003 |       NA    | Unspecified | NA         |
| Vcco_ddr  |       1.500 |     0.000 |       0.000 |      0.000 |       NA    | Unspecified | NA         |
| Vcco_mio0 |       1.800 |     0.000 |       0.000 |      0.000 |       NA    | Unspecified | NA         |
| Vcco_mio1 |       1.800 |     0.000 |       0.000 |      0.000 |       NA    | Unspecified | NA         |
| Vccadc    |       1.800 |     0.020 |       0.000 |      0.020 |       NA    | Unspecified | NA         |
+-----------+-------------+-----------+-------------+------------+-------------+-------------+------------+


1.3 Confidence Level
--------------------

+-----------------------------+------------+--------------------------------------------------------+------------------------------------------------------------------------------------------------------------+
| User Input Data             | Confidence | Details                                                | Action                                                                                                     |
+-----------------------------+------------+--------------------------------------------------------+------------------------------------------------------------------------------------------------------------+
| Design implementation state | High       | Design is routed                                       |                                                                                                            |
| Clock nodes activity        | High       | User specified more than 95% of clocks                 |                                                                                                            |
| I/O nodes activity          | Low        | More than 75% of inputs are missing user specification | Provide missing input activity with simulation results or by editing the "By Resource Type -> I/Os" view   |
| Internal nodes activity     | Medium     | User specified less than 25% of internal nodes         | Provide missing internal nodes activity with simulation results or by editing the "By Resource Type" views |
| Device models               | High       | Device models are Production                           |                                                                                                            |
|                             |            |                                                        |                                                                                                            |
| Overall confidence level    | Low        |                                                        |                                                                                                            |
+-----------------------------+------------+--------------------------------------------------------+------------------------------------------------------------------------------------------------------------+


2. Settings
-----------

2.1 Environment
---------------

+-----------------------+------------------------+
| Ambient Temp (C)      | 25.0                   |
| ThetaJA (C/W)         | 11.5                   |
| Airflow (LFM)         | 250                    |
| Heat Sink             | none                   |
| ThetaSA (C/W)         | 0.0                    |
| Board Selection       | medium (10"x10")       |
| # of Board Layers     | 8to11 (8 to 11 Layers) |
| Board Temperature (C) | 25.0                   |
+-----------------------+------------------------+


2.2 Clock Constraints
---------------------

+-------+--------+-----------------+
| Clock | Domain | Constraint (ns) |
+-------+--------+-----------------+
| Clk   | clk    |            10.0 |
+-------+--------+-----------------+


3. Detailed Reports
-------------------

3.1 By Hierarchy
----------------

+-----------------------------------------------+-----------+
| Name                                          | Power (W) |
+-----------------------------------------------+-----------+
| tpu                                           |     0.427 |
|   u_AXI_READ_INFT                             |     0.004 |
|     ff_axi_lsu_rdata                          |     0.001 |
|     ff_axi_lsu_rvld                           |     0.001 |
|   u_AXI_WRITE_INTF                            |     0.002 |
|   u_alu                                       |     0.002 |
|   u_idu                                       |     0.002 |
|   u_ifu                                       |     0.013 |
|     ff_cur_ins_addr                           |     0.007 |
|     ifu_mem_wrap_256x128                      |     0.005 |
|       U0                                      |     0.005 |
|   u_lsu                                       |     0.126 |
|     ff_lsu_axi_asize                          |     0.003 |
|     ff_lsu_st_type1_mxu_start_row             |     0.005 |
|     ff_lsu_st_type1_oram_din                  |     0.002 |
|     ff_lsu_st_type2_wr_chunk_len_cnt          |     0.002 |
|     ff_lsu_type1_cnt_row                      |     0.018 |
|     iram                                      |     0.008 |
|       U0                                      |     0.008 |
|     matrix_iram_load_buffer                   |     0.007 |
|       ram_data_byte_shift                     |     0.003 |
|     matrix_wram_load_buffer                   |     0.036 |
|       ff_lsu_mm_buff_ctrl_addr_cnt            |     0.006 |
|       ff_lsu_mm_buff_ctrl_start_addr          |     0.008 |
|       genblk1[15].ff_lsu_mm_buff_ent_data_raw |     0.001 |
|       ram_data_byte_shift                     |     0.006 |
|     mux8rowdata_int16_hi                      |     0.001 |
|     mux8rowdata_int16_lo                      |     0.002 |
|     oram_hi                                   |     0.005 |
|       U0                                      |     0.005 |
|     oram_lo                                   |     0.005 |
|       U0                                      |     0.005 |
|     wram                                      |     0.006 |
|       U0                                      |     0.006 |
|   u_mxu                                       |     0.251 |
|     u_pe_row0_col0                            |     0.001 |
|     u_pe_row12_col0                           |     0.001 |
|     u_pe_row13_col0                           |     0.001 |
|     u_pe_row14_col0                           |     0.001 |
|     u_pe_row15_col0                           |     0.001 |
|     u_pe_row15_col3                           |     0.001 |
|     u_pe_row1_col0                            |     0.001 |
|     u_pe_row2_col0                            |     0.001 |
|     u_pe_row3_col0                            |     0.001 |
|     u_pe_row5_col0                            |     0.001 |
|     u_pe_row6_col0                            |     0.001 |
|     u_pe_row7_col0                            |     0.001 |
|     u_pe_row8_col0                            |     0.001 |
|     u_pe_row9_col0                            |     0.001 |
|   u_rf                                        |     0.005 |
+-----------------------------------------------+-----------+


