Copyright 1986-2022 Xilinx, Inc. All Rights Reserved. Copyright 2022-2023 Advanced Micro Devices, Inc. All Rights Reserved.
---------------------------------------------------------------------------------------------------------------------------------------------
| Tool Version : Vivado v.2023.1 (lin64) Build 3865809 Sun May  7 15:04:56 MDT 2023
| Date         : Sat Mar 21 19:48:17 2026
| Host         : ecelvd715.ece.local running 64-bit CentOS Linux release 7.9.2009 (Core)
| Command      : report_drc -file tpu_drc_opted.rpt -pb tpu_drc_opted.pb -rpx tpu_drc_opted.rpx
| Design       : tpu
| Device       : xc7z020clg484-1
| Speed File   : -1
| Design State : Synthesized
---------------------------------------------------------------------------------------------------------------------------------------------

Report DRC

Table of Contents
-----------------
1. REPORT SUMMARY
2. REPORT DETAILS

1. REPORT SUMMARY
-----------------
            Netlist: netlist
          Floorplan: design_1
      Design limits: <entire design considered>
           Ruledeck: default
             Max violations: <unlimited>
             Violations found: 26
+-----------+------------------+----------------------------+------------+
| Rule      | Severity         | Description                | Violations |
+-----------+------------------+----------------------------+------------+
| LUTLP-1   | Critical Warning | Combinatorial Loop Alert   | 2          |
| NSTD-1    | Critical Warning | Unspecified I/O Standard   | 1          |
| UCIO-1    | Critical Warning | Unconstrained Logical Port | 1          |
| CHECK-3   | Warning          | Report rule limit reached  | 1          |
| REQP-1839 | Warning          | RAMB36 async control check | 20         |
| ZPS7-1    | Warning          | PS7 block required         | 1          |
+-----------+------------------+----------------------------+------------+

2. REPORT DETAILS
-----------------
LUTLP-1#1 Critical Warning
Combinatorial Loop Alert  
3 LUT cells form a combinatorial loop. This can create a race condition. Timing analysis may not be accurate. The preferred resolution is to modify the design to remove combinatorial logic loops. If the loop is known and understood, this DRC can be bypassed by acknowledging the condition and setting the following XDC constraint on any one of the nets in the loop: 'set_property ALLOW_COMBINATORIAL_LOOPS TRUE [get_nets <myHier/myNet>]'. One net in the loop is u_alu/ff_alu_lsu_sb_op/q_reg[0]_1. Please evaluate your design. The cells in the loop are: u_alu/ff_alu_lsu_sb_op/q[0]_i_3__7, u_lsu/ff_mxu_lsu_rdy/q[0]_i_1__381
u_lsu/ff_mxu_lsu_rdy/q[0]_i_2__34.
Related violations: <none>

LUTLP-1#2 Critical Warning
Combinatorial Loop Alert  
7 LUT cells form a combinatorial loop. This can create a race condition. Timing analysis may not be accurate. The preferred resolution is to modify the design to remove combinatorial logic loops. If the loop is known and understood, this DRC can be bypassed by acknowledging the condition and setting the following XDC constraint on any one of the nets in the loop: 'set_property ALLOW_COMBINATORIAL_LOOPS TRUE [get_nets <myHier/myNet>]'. One net in the loop is u_mxu/ff_mxu_conv_awake_cnt/q_reg[0]_54. Please evaluate your design. The cells in the loop are: u_mxu/ff_mxu_conv_awake_cnt/q[0]_i_2__0,
u_mxu/ff_mxu_conv_awake_cnt/q[0]_i_3,
u_mxu/u_pe_row12_col2/ff_c1_vld/q[0]_i_4__10,
u_mxu/u_pe_row15_col2/ff_c1_vld/q[0]_i_14__3,
u_mxu/u_pe_row2_col0/ff_c1_vld/q[0]_i_2__40,
u_mxu/u_pe_row6_col2/ff_c1_vld/q[0]_i_15__3
u_mxu/u_pe_row6_col2/ff_c1_vld/q[0]_i_5__10.
Related violations: <none>

NSTD-1#1 Critical Warning
Unspecified I/O Standard  
14 out of 14 logical ports use I/O standard (IOSTANDARD) value 'DEFAULT', instead of a user assigned specific value. This may cause I/O contention or incompatibility with the board power or connectivity affecting performance, signal integrity or in extreme cases cause damage to the device or the components to which it is connected. To correct this violation, specify all I/O standards. This design will fail to generate a bitstream unless all logical ports have a user specified I/O standard value defined. To allow bitstream creation with unspecified I/O standard values (not recommended), use this command: set_property SEVERITY {Warning} [get_drc_checks NSTD-1].  NOTE: When using the Vivado Runs infrastructure (e.g. launch_runs Tcl command), add this command to a .tcl file and add that file as a pre-hook for write_bitstream step for the implementation run. Problem ports: clk, rst_n, start_addr[10], start_addr[11], start_addr[2], start_addr[3],
start_addr[4], start_addr[5], start_addr[6], start_addr[7], start_addr[8],
start_addr[9], start_vld, wfi.
Related violations: <none>

UCIO-1#1 Critical Warning
Unconstrained Logical Port  
14 out of 14 logical ports have no user assigned specific location constraint (LOC). This may cause I/O contention or incompatibility with the board power or connectivity affecting performance, signal integrity or in extreme cases cause damage to the device or the components to which it is connected. To correct this violation, specify all pin locations. This design will fail to generate a bitstream unless all logical ports have a user specified site LOC constraint defined.  To allow bitstream creation with unspecified pin locations (not recommended), use this command: set_property SEVERITY {Warning} [get_drc_checks UCIO-1].  NOTE: When using the Vivado Runs infrastructure (e.g. launch_runs Tcl command), add this command to a .tcl file and add that file as a pre-hook for write_bitstream step for the implementation run.  Problem ports: clk, rst_n, start_addr[10], start_addr[11], start_addr[2], start_addr[3],
start_addr[4], start_addr[5], start_addr[6], start_addr[7], start_addr[8],
start_addr[9], start_vld, wfi.
Related violations: <none>

CHECK-3#1 Warning
Report rule limit reached  
REQP-1839 rule limit reached: 20 violations have been found.
Related violations: <none>

REQP-1839#1 Warning
RAMB36 async control check  
The RAMB36E1 external_mem/U0/inst_blk_mem_gen/gnbram.gaxibmg.axi_blk_mem_gen/valid.cstr/ramloop[0].ram.r/prim_init.ram/DEVICE_7SERIES.NO_BMM_INFO.SDP.SIMPLE_PRIM36.ram has an input control pin external_mem/U0/inst_blk_mem_gen/gnbram.gaxibmg.axi_blk_mem_gen/valid.cstr/ramloop[0].ram.r/prim_init.ram/DEVICE_7SERIES.NO_BMM_INFO.SDP.SIMPLE_PRIM36.ram/ADDRBWRADDR[10] (net: external_mem/U0/inst_blk_mem_gen/gnbram.gaxibmg.axi_blk_mem_gen/valid.cstr/ramloop[0].ram.r/prim_init.ram/gnbram.gaxibmg.s_axi_araddr_out_c[7]) which is driven by a register (u_AXI_READ_INFT/ff_ARADDR/q_reg[10]) that has an active asychronous set or reset. This may cause corruption of the memory contents and/or read values when the set/reset is asserted and is not analyzed by the default static timing analysis. It is suggested to eliminate the use of a set/reset to registers driving this RAMB pin or else use a synchronous reset in which the assertion of the reset is timed by default.
Related violations: <none>

REQP-1839#2 Warning
RAMB36 async control check  
The RAMB36E1 external_mem/U0/inst_blk_mem_gen/gnbram.gaxibmg.axi_blk_mem_gen/valid.cstr/ramloop[0].ram.r/prim_init.ram/DEVICE_7SERIES.NO_BMM_INFO.SDP.SIMPLE_PRIM36.ram has an input control pin external_mem/U0/inst_blk_mem_gen/gnbram.gaxibmg.axi_blk_mem_gen/valid.cstr/ramloop[0].ram.r/prim_init.ram/DEVICE_7SERIES.NO_BMM_INFO.SDP.SIMPLE_PRIM36.ram/ADDRBWRADDR[10] (net: external_mem/U0/inst_blk_mem_gen/gnbram.gaxibmg.axi_blk_mem_gen/valid.cstr/ramloop[0].ram.r/prim_init.ram/gnbram.gaxibmg.s_axi_araddr_out_c[7]) which is driven by a register (u_AXI_READ_INFT/ff_axi_lsu_rvld/q_reg[0]) that has an active asychronous set or reset. This may cause corruption of the memory contents and/or read values when the set/reset is asserted and is not analyzed by the default static timing analysis. It is suggested to eliminate the use of a set/reset to registers driving this RAMB pin or else use a synchronous reset in which the assertion of the reset is timed by default.
Related violations: <none>

REQP-1839#3 Warning
RAMB36 async control check  
The RAMB36E1 external_mem/U0/inst_blk_mem_gen/gnbram.gaxibmg.axi_blk_mem_gen/valid.cstr/ramloop[0].ram.r/prim_init.ram/DEVICE_7SERIES.NO_BMM_INFO.SDP.SIMPLE_PRIM36.ram has an input control pin external_mem/U0/inst_blk_mem_gen/gnbram.gaxibmg.axi_blk_mem_gen/valid.cstr/ramloop[0].ram.r/prim_init.ram/DEVICE_7SERIES.NO_BMM_INFO.SDP.SIMPLE_PRIM36.ram/ADDRBWRADDR[11] (net: external_mem/U0/inst_blk_mem_gen/gnbram.gaxibmg.axi_blk_mem_gen/valid.cstr/ramloop[0].ram.r/prim_init.ram/gnbram.gaxibmg.s_axi_araddr_out_c[8]) which is driven by a register (u_AXI_READ_INFT/ff_ARADDR/q_reg[11]) that has an active asychronous set or reset. This may cause corruption of the memory contents and/or read values when the set/reset is asserted and is not analyzed by the default static timing analysis. It is suggested to eliminate the use of a set/reset to registers driving this RAMB pin or else use a synchronous reset in which the assertion of the reset is timed by default.
Related violations: <none>

REQP-1839#4 Warning
RAMB36 async control check  
The RAMB36E1 external_mem/U0/inst_blk_mem_gen/gnbram.gaxibmg.axi_blk_mem_gen/valid.cstr/ramloop[0].ram.r/prim_init.ram/DEVICE_7SERIES.NO_BMM_INFO.SDP.SIMPLE_PRIM36.ram has an input control pin external_mem/U0/inst_blk_mem_gen/gnbram.gaxibmg.axi_blk_mem_gen/valid.cstr/ramloop[0].ram.r/prim_init.ram/DEVICE_7SERIES.NO_BMM_INFO.SDP.SIMPLE_PRIM36.ram/ADDRBWRADDR[11] (net: external_mem/U0/inst_blk_mem_gen/gnbram.gaxibmg.axi_blk_mem_gen/valid.cstr/ramloop[0].ram.r/prim_init.ram/gnbram.gaxibmg.s_axi_araddr_out_c[8]) which is driven by a register (u_AXI_READ_INFT/ff_axi_lsu_rvld/q_reg[0]) that has an active asychronous set or reset. This may cause corruption of the memory contents and/or read values when the set/reset is asserted and is not analyzed by the default static timing analysis. It is suggested to eliminate the use of a set/reset to registers driving this RAMB pin or else use a synchronous reset in which the assertion of the reset is timed by default.
Related violations: <none>

REQP-1839#5 Warning
RAMB36 async control check  
The RAMB36E1 external_mem/U0/inst_blk_mem_gen/gnbram.gaxibmg.axi_blk_mem_gen/valid.cstr/ramloop[0].ram.r/prim_init.ram/DEVICE_7SERIES.NO_BMM_INFO.SDP.SIMPLE_PRIM36.ram has an input control pin external_mem/U0/inst_blk_mem_gen/gnbram.gaxibmg.axi_blk_mem_gen/valid.cstr/ramloop[0].ram.r/prim_init.ram/DEVICE_7SERIES.NO_BMM_INFO.SDP.SIMPLE_PRIM36.ram/ADDRBWRADDR[12] (net: external_mem/U0/inst_blk_mem_gen/gnbram.gaxibmg.axi_blk_mem_gen/valid.cstr/ramloop[0].ram.r/prim_init.ram/gnbram.gaxibmg.s_axi_araddr_out_c[9]) which is driven by a register (u_AXI_READ_INFT/ff_ARADDR/q_reg[12]) that has an active asychronous set or reset. This may cause corruption of the memory contents and/or read values when the set/reset is asserted and is not analyzed by the default static timing analysis. It is suggested to eliminate the use of a set/reset to registers driving this RAMB pin or else use a synchronous reset in which the assertion of the reset is timed by default.
Related violations: <none>

REQP-1839#6 Warning
RAMB36 async control check  
The RAMB36E1 external_mem/U0/inst_blk_mem_gen/gnbram.gaxibmg.axi_blk_mem_gen/valid.cstr/ramloop[0].ram.r/prim_init.ram/DEVICE_7SERIES.NO_BMM_INFO.SDP.SIMPLE_PRIM36.ram has an input control pin external_mem/U0/inst_blk_mem_gen/gnbram.gaxibmg.axi_blk_mem_gen/valid.cstr/ramloop[0].ram.r/prim_init.ram/DEVICE_7SERIES.NO_BMM_INFO.SDP.SIMPLE_PRIM36.ram/ADDRBWRADDR[12] (net: external_mem/U0/inst_blk_mem_gen/gnbram.gaxibmg.axi_blk_mem_gen/valid.cstr/ramloop[0].ram.r/prim_init.ram/gnbram.gaxibmg.s_axi_araddr_out_c[9]) which is driven by a register (u_AXI_READ_INFT/ff_axi_lsu_rvld/q_reg[0]) that has an active asychronous set or reset. This may cause corruption of the memory contents and/or read values when the set/reset is asserted and is not analyzed by the default static timing analysis. It is suggested to eliminate the use of a set/reset to registers driving this RAMB pin or else use a synchronous reset in which the assertion of the reset is timed by default.
Related violations: <none>

REQP-1839#7 Warning
RAMB36 async control check  
The RAMB36E1 external_mem/U0/inst_blk_mem_gen/gnbram.gaxibmg.axi_blk_mem_gen/valid.cstr/ramloop[0].ram.r/prim_init.ram/DEVICE_7SERIES.NO_BMM_INFO.SDP.SIMPLE_PRIM36.ram has an input control pin external_mem/U0/inst_blk_mem_gen/gnbram.gaxibmg.axi_blk_mem_gen/valid.cstr/ramloop[0].ram.r/prim_init.ram/DEVICE_7SERIES.NO_BMM_INFO.SDP.SIMPLE_PRIM36.ram/ADDRBWRADDR[13] (net: external_mem/U0/inst_blk_mem_gen/gnbram.gaxibmg.axi_blk_mem_gen/valid.cstr/ramloop[0].ram.r/prim_init.ram/gnbram.gaxibmg.s_axi_araddr_out_c[10]) which is driven by a register (u_AXI_READ_INFT/ff_ARADDR/q_reg[13]) that has an active asychronous set or reset. This may cause corruption of the memory contents and/or read values when the set/reset is asserted and is not analyzed by the default static timing analysis. It is suggested to eliminate the use of a set/reset to registers driving this RAMB pin or else use a synchronous reset in which the assertion of the reset is timed by default.
Related violations: <none>

REQP-1839#8 Warning
RAMB36 async control check  
The RAMB36E1 external_mem/U0/inst_blk_mem_gen/gnbram.gaxibmg.axi_blk_mem_gen/valid.cstr/ramloop[0].ram.r/prim_init.ram/DEVICE_7SERIES.NO_BMM_INFO.SDP.SIMPLE_PRIM36.ram has an input control pin external_mem/U0/inst_blk_mem_gen/gnbram.gaxibmg.axi_blk_mem_gen/valid.cstr/ramloop[0].ram.r/prim_init.ram/DEVICE_7SERIES.NO_BMM_INFO.SDP.SIMPLE_PRIM36.ram/ADDRBWRADDR[13] (net: external_mem/U0/inst_blk_mem_gen/gnbram.gaxibmg.axi_blk_mem_gen/valid.cstr/ramloop[0].ram.r/prim_init.ram/gnbram.gaxibmg.s_axi_araddr_out_c[10]) which is driven by a register (u_AXI_READ_INFT/ff_axi_lsu_rvld/q_reg[0]) that has an active asychronous set or reset. This may cause corruption of the memory contents and/or read values when the set/reset is asserted and is not analyzed by the default static timing analysis. It is suggested to eliminate the use of a set/reset to registers driving this RAMB pin or else use a synchronous reset in which the assertion of the reset is timed by default.
Related violations: <none>

REQP-1839#9 Warning
RAMB36 async control check  
The RAMB36E1 external_mem/U0/inst_blk_mem_gen/gnbram.gaxibmg.axi_blk_mem_gen/valid.cstr/ramloop[0].ram.r/prim_init.ram/DEVICE_7SERIES.NO_BMM_INFO.SDP.SIMPLE_PRIM36.ram has an input control pin external_mem/U0/inst_blk_mem_gen/gnbram.gaxibmg.axi_blk_mem_gen/valid.cstr/ramloop[0].ram.r/prim_init.ram/DEVICE_7SERIES.NO_BMM_INFO.SDP.SIMPLE_PRIM36.ram/ADDRBWRADDR[14] (net: external_mem/U0/inst_blk_mem_gen/gnbram.gaxibmg.axi_blk_mem_gen/valid.cstr/ramloop[0].ram.r/prim_init.ram/gnbram.gaxibmg.s_axi_araddr_out_c[11]) which is driven by a register (u_AXI_READ_INFT/ff_ARADDR/q_reg[14]) that has an active asychronous set or reset. This may cause corruption of the memory contents and/or read values when the set/reset is asserted and is not analyzed by the default static timing analysis. It is suggested to eliminate the use of a set/reset to registers driving this RAMB pin or else use a synchronous reset in which the assertion of the reset is timed by default.
Related violations: <none>

REQP-1839#10 Warning
RAMB36 async control check  
The RAMB36E1 external_mem/U0/inst_blk_mem_gen/gnbram.gaxibmg.axi_blk_mem_gen/valid.cstr/ramloop[0].ram.r/prim_init.ram/DEVICE_7SERIES.NO_BMM_INFO.SDP.SIMPLE_PRIM36.ram has an input control pin external_mem/U0/inst_blk_mem_gen/gnbram.gaxibmg.axi_blk_mem_gen/valid.cstr/ramloop[0].ram.r/prim_init.ram/DEVICE_7SERIES.NO_BMM_INFO.SDP.SIMPLE_PRIM36.ram/ADDRBWRADDR[14] (net: external_mem/U0/inst_blk_mem_gen/gnbram.gaxibmg.axi_blk_mem_gen/valid.cstr/ramloop[0].ram.r/prim_init.ram/gnbram.gaxibmg.s_axi_araddr_out_c[11]) which is driven by a register (u_AXI_READ_INFT/ff_axi_lsu_rvld/q_reg[0]) that has an active asychronous set or reset. This may cause corruption of the memory contents and/or read values when the set/reset is asserted and is not analyzed by the default static timing analysis. It is suggested to eliminate the use of a set/reset to registers driving this RAMB pin or else use a synchronous reset in which the assertion of the reset is timed by default.
Related violations: <none>

REQP-1839#11 Warning
RAMB36 async control check  
The RAMB36E1 external_mem/U0/inst_blk_mem_gen/gnbram.gaxibmg.axi_blk_mem_gen/valid.cstr/ramloop[0].ram.r/prim_init.ram/DEVICE_7SERIES.NO_BMM_INFO.SDP.SIMPLE_PRIM36.ram has an input control pin external_mem/U0/inst_blk_mem_gen/gnbram.gaxibmg.axi_blk_mem_gen/valid.cstr/ramloop[0].ram.r/prim_init.ram/DEVICE_7SERIES.NO_BMM_INFO.SDP.SIMPLE_PRIM36.ram/ADDRBWRADDR[5] (net: external_mem/U0/inst_blk_mem_gen/gnbram.gaxibmg.axi_blk_mem_gen/valid.cstr/ramloop[0].ram.r/prim_init.ram/gnbram.gaxibmg.s_axi_araddr_out_c[2]) which is driven by a register (u_AXI_READ_INFT/ff_ARADDR/q_reg[5]) that has an active asychronous set or reset. This may cause corruption of the memory contents and/or read values when the set/reset is asserted and is not analyzed by the default static timing analysis. It is suggested to eliminate the use of a set/reset to registers driving this RAMB pin or else use a synchronous reset in which the assertion of the reset is timed by default.
Related violations: <none>

REQP-1839#12 Warning
RAMB36 async control check  
The RAMB36E1 external_mem/U0/inst_blk_mem_gen/gnbram.gaxibmg.axi_blk_mem_gen/valid.cstr/ramloop[0].ram.r/prim_init.ram/DEVICE_7SERIES.NO_BMM_INFO.SDP.SIMPLE_PRIM36.ram has an input control pin external_mem/U0/inst_blk_mem_gen/gnbram.gaxibmg.axi_blk_mem_gen/valid.cstr/ramloop[0].ram.r/prim_init.ram/DEVICE_7SERIES.NO_BMM_INFO.SDP.SIMPLE_PRIM36.ram/ADDRBWRADDR[5] (net: external_mem/U0/inst_blk_mem_gen/gnbram.gaxibmg.axi_blk_mem_gen/valid.cstr/ramloop[0].ram.r/prim_init.ram/gnbram.gaxibmg.s_axi_araddr_out_c[2]) which is driven by a register (u_AXI_READ_INFT/ff_axi_lsu_rvld/q_reg[0]) that has an active asychronous set or reset. This may cause corruption of the memory contents and/or read values when the set/reset is asserted and is not analyzed by the default static timing analysis. It is suggested to eliminate the use of a set/reset to registers driving this RAMB pin or else use a synchronous reset in which the assertion of the reset is timed by default.
Related violations: <none>

REQP-1839#13 Warning
RAMB36 async control check  
The RAMB36E1 external_mem/U0/inst_blk_mem_gen/gnbram.gaxibmg.axi_blk_mem_gen/valid.cstr/ramloop[0].ram.r/prim_init.ram/DEVICE_7SERIES.NO_BMM_INFO.SDP.SIMPLE_PRIM36.ram has an input control pin external_mem/U0/inst_blk_mem_gen/gnbram.gaxibmg.axi_blk_mem_gen/valid.cstr/ramloop[0].ram.r/prim_init.ram/DEVICE_7SERIES.NO_BMM_INFO.SDP.SIMPLE_PRIM36.ram/ADDRBWRADDR[6] (net: external_mem/U0/inst_blk_mem_gen/gnbram.gaxibmg.axi_blk_mem_gen/valid.cstr/ramloop[0].ram.r/prim_init.ram/gnbram.gaxibmg.s_axi_araddr_out_c[3]) which is driven by a register (u_AXI_READ_INFT/ff_ARADDR/q_reg[6]) that has an active asychronous set or reset. This may cause corruption of the memory contents and/or read values when the set/reset is asserted and is not analyzed by the default static timing analysis. It is suggested to eliminate the use of a set/reset to registers driving this RAMB pin or else use a synchronous reset in which the assertion of the reset is timed by default.
Related violations: <none>

REQP-1839#14 Warning
RAMB36 async control check  
The RAMB36E1 external_mem/U0/inst_blk_mem_gen/gnbram.gaxibmg.axi_blk_mem_gen/valid.cstr/ramloop[0].ram.r/prim_init.ram/DEVICE_7SERIES.NO_BMM_INFO.SDP.SIMPLE_PRIM36.ram has an input control pin external_mem/U0/inst_blk_mem_gen/gnbram.gaxibmg.axi_blk_mem_gen/valid.cstr/ramloop[0].ram.r/prim_init.ram/DEVICE_7SERIES.NO_BMM_INFO.SDP.SIMPLE_PRIM36.ram/ADDRBWRADDR[6] (net: external_mem/U0/inst_blk_mem_gen/gnbram.gaxibmg.axi_blk_mem_gen/valid.cstr/ramloop[0].ram.r/prim_init.ram/gnbram.gaxibmg.s_axi_araddr_out_c[3]) which is driven by a register (u_AXI_READ_INFT/ff_axi_lsu_rvld/q_reg[0]) that has an active asychronous set or reset. This may cause corruption of the memory contents and/or read values when the set/reset is asserted and is not analyzed by the default static timing analysis. It is suggested to eliminate the use of a set/reset to registers driving this RAMB pin or else use a synchronous reset in which the assertion of the reset is timed by default.
Related violations: <none>

REQP-1839#15 Warning
RAMB36 async control check  
The RAMB36E1 external_mem/U0/inst_blk_mem_gen/gnbram.gaxibmg.axi_blk_mem_gen/valid.cstr/ramloop[0].ram.r/prim_init.ram/DEVICE_7SERIES.NO_BMM_INFO.SDP.SIMPLE_PRIM36.ram has an input control pin external_mem/U0/inst_blk_mem_gen/gnbram.gaxibmg.axi_blk_mem_gen/valid.cstr/ramloop[0].ram.r/prim_init.ram/DEVICE_7SERIES.NO_BMM_INFO.SDP.SIMPLE_PRIM36.ram/ADDRBWRADDR[7] (net: external_mem/U0/inst_blk_mem_gen/gnbram.gaxibmg.axi_blk_mem_gen/valid.cstr/ramloop[0].ram.r/prim_init.ram/gnbram.gaxibmg.s_axi_araddr_out_c[4]) which is driven by a register (u_AXI_READ_INFT/ff_ARADDR/q_reg[7]) that has an active asychronous set or reset. This may cause corruption of the memory contents and/or read values when the set/reset is asserted and is not analyzed by the default static timing analysis. It is suggested to eliminate the use of a set/reset to registers driving this RAMB pin or else use a synchronous reset in which the assertion of the reset is timed by default.
Related violations: <none>

REQP-1839#16 Warning
RAMB36 async control check  
The RAMB36E1 external_mem/U0/inst_blk_mem_gen/gnbram.gaxibmg.axi_blk_mem_gen/valid.cstr/ramloop[0].ram.r/prim_init.ram/DEVICE_7SERIES.NO_BMM_INFO.SDP.SIMPLE_PRIM36.ram has an input control pin external_mem/U0/inst_blk_mem_gen/gnbram.gaxibmg.axi_blk_mem_gen/valid.cstr/ramloop[0].ram.r/prim_init.ram/DEVICE_7SERIES.NO_BMM_INFO.SDP.SIMPLE_PRIM36.ram/ADDRBWRADDR[7] (net: external_mem/U0/inst_blk_mem_gen/gnbram.gaxibmg.axi_blk_mem_gen/valid.cstr/ramloop[0].ram.r/prim_init.ram/gnbram.gaxibmg.s_axi_araddr_out_c[4]) which is driven by a register (u_AXI_READ_INFT/ff_axi_lsu_rvld/q_reg[0]) that has an active asychronous set or reset. This may cause corruption of the memory contents and/or read values when the set/reset is asserted and is not analyzed by the default static timing analysis. It is suggested to eliminate the use of a set/reset to registers driving this RAMB pin or else use a synchronous reset in which the assertion of the reset is timed by default.
Related violations: <none>

REQP-1839#17 Warning
RAMB36 async control check  
The RAMB36E1 external_mem/U0/inst_blk_mem_gen/gnbram.gaxibmg.axi_blk_mem_gen/valid.cstr/ramloop[0].ram.r/prim_init.ram/DEVICE_7SERIES.NO_BMM_INFO.SDP.SIMPLE_PRIM36.ram has an input control pin external_mem/U0/inst_blk_mem_gen/gnbram.gaxibmg.axi_blk_mem_gen/valid.cstr/ramloop[0].ram.r/prim_init.ram/DEVICE_7SERIES.NO_BMM_INFO.SDP.SIMPLE_PRIM36.ram/ADDRBWRADDR[8] (net: external_mem/U0/inst_blk_mem_gen/gnbram.gaxibmg.axi_blk_mem_gen/valid.cstr/ramloop[0].ram.r/prim_init.ram/gnbram.gaxibmg.s_axi_araddr_out_c[5]) which is driven by a register (u_AXI_READ_INFT/ff_ARADDR/q_reg[8]) that has an active asychronous set or reset. This may cause corruption of the memory contents and/or read values when the set/reset is asserted and is not analyzed by the default static timing analysis. It is suggested to eliminate the use of a set/reset to registers driving this RAMB pin or else use a synchronous reset in which the assertion of the reset is timed by default.
Related violations: <none>

REQP-1839#18 Warning
RAMB36 async control check  
The RAMB36E1 external_mem/U0/inst_blk_mem_gen/gnbram.gaxibmg.axi_blk_mem_gen/valid.cstr/ramloop[0].ram.r/prim_init.ram/DEVICE_7SERIES.NO_BMM_INFO.SDP.SIMPLE_PRIM36.ram has an input control pin external_mem/U0/inst_blk_mem_gen/gnbram.gaxibmg.axi_blk_mem_gen/valid.cstr/ramloop[0].ram.r/prim_init.ram/DEVICE_7SERIES.NO_BMM_INFO.SDP.SIMPLE_PRIM36.ram/ADDRBWRADDR[8] (net: external_mem/U0/inst_blk_mem_gen/gnbram.gaxibmg.axi_blk_mem_gen/valid.cstr/ramloop[0].ram.r/prim_init.ram/gnbram.gaxibmg.s_axi_araddr_out_c[5]) which is driven by a register (u_AXI_READ_INFT/ff_axi_lsu_rvld/q_reg[0]) that has an active asychronous set or reset. This may cause corruption of the memory contents and/or read values when the set/reset is asserted and is not analyzed by the default static timing analysis. It is suggested to eliminate the use of a set/reset to registers driving this RAMB pin or else use a synchronous reset in which the assertion of the reset is timed by default.
Related violations: <none>

REQP-1839#19 Warning
RAMB36 async control check  
The RAMB36E1 external_mem/U0/inst_blk_mem_gen/gnbram.gaxibmg.axi_blk_mem_gen/valid.cstr/ramloop[0].ram.r/prim_init.ram/DEVICE_7SERIES.NO_BMM_INFO.SDP.SIMPLE_PRIM36.ram has an input control pin external_mem/U0/inst_blk_mem_gen/gnbram.gaxibmg.axi_blk_mem_gen/valid.cstr/ramloop[0].ram.r/prim_init.ram/DEVICE_7SERIES.NO_BMM_INFO.SDP.SIMPLE_PRIM36.ram/ADDRBWRADDR[9] (net: external_mem/U0/inst_blk_mem_gen/gnbram.gaxibmg.axi_blk_mem_gen/valid.cstr/ramloop[0].ram.r/prim_init.ram/gnbram.gaxibmg.s_axi_araddr_out_c[6]) which is driven by a register (u_AXI_READ_INFT/ff_ARADDR/q_reg[9]) that has an active asychronous set or reset. This may cause corruption of the memory contents and/or read values when the set/reset is asserted and is not analyzed by the default static timing analysis. It is suggested to eliminate the use of a set/reset to registers driving this RAMB pin or else use a synchronous reset in which the assertion of the reset is timed by default.
Related violations: <none>

REQP-1839#20 Warning
RAMB36 async control check  
The RAMB36E1 external_mem/U0/inst_blk_mem_gen/gnbram.gaxibmg.axi_blk_mem_gen/valid.cstr/ramloop[0].ram.r/prim_init.ram/DEVICE_7SERIES.NO_BMM_INFO.SDP.SIMPLE_PRIM36.ram has an input control pin external_mem/U0/inst_blk_mem_gen/gnbram.gaxibmg.axi_blk_mem_gen/valid.cstr/ramloop[0].ram.r/prim_init.ram/DEVICE_7SERIES.NO_BMM_INFO.SDP.SIMPLE_PRIM36.ram/ADDRBWRADDR[9] (net: external_mem/U0/inst_blk_mem_gen/gnbram.gaxibmg.axi_blk_mem_gen/valid.cstr/ramloop[0].ram.r/prim_init.ram/gnbram.gaxibmg.s_axi_araddr_out_c[6]) which is driven by a register (u_AXI_READ_INFT/ff_axi_lsu_rvld/q_reg[0]) that has an active asychronous set or reset. This may cause corruption of the memory contents and/or read values when the set/reset is asserted and is not analyzed by the default static timing analysis. It is suggested to eliminate the use of a set/reset to registers driving this RAMB pin or else use a synchronous reset in which the assertion of the reset is timed by default.
Related violations: <none>

ZPS7-1#1 Warning
PS7 block required  
The PS7 cell must be used in this Zynq design in order to enable correct default configuration.
Related violations: <none>


