Copyright 1986-2022 Xilinx, Inc. All Rights Reserved. Copyright 2022-2025 Advanced Micro Devices, Inc. All Rights Reserved.
---------------------------------------------------------------------------------------------------------------------------------------------
| Tool Version : Vivado v.2025.2 (win64) Build 6299465 Fri Nov 14 19:35:11 GMT 2025
| Date         : Thu Apr  9 20:16:23 2026
| Host         : CCVDIAISB0045 running 64-bit major release  (build 9200)
| Command      : upgrade_ip
| Device       : xc7z020clg484-1
---------------------------------------------------------------------------------------------------------------------------------------------

Upgrade Log for IP 'fpga_ram_mem_wrapper'

1. Summary
----------

SUCCESS in the upgrade of fpga_ram_mem_wrapper (xilinx.com:ip:blk_mem_gen:8.4) from (Rev. 6) to (Rev. 12)






Copyright 1986-2022 Xilinx, Inc. All Rights Reserved. Copyright 2022-2025 Advanced Micro Devices, Inc. All Rights Reserved.
---------------------------------------------------------------------------------------------------------------------------------------------
| Tool Version : Vivado v.2025.2 (win64) Build 6299465 Fri Nov 14 19:35:11 GMT 2025
| Date         : Thu Apr  9 20:16:21 2026
| Host         : CCVDIAISB0045 running 64-bit major release  (build 9200)
| Command      : upgrade_ip
| Device       : xc7z020clg484-1
---------------------------------------------------------------------------------------------------------------------------------------------

Upgrade Log for IP 'fpga_mem_wrapper'

1. Summary
----------

SUCCESS in the upgrade of fpga_mem_wrapper (xilinx.com:ip:blk_mem_gen:8.4) from (Rev. 6) to (Rev. 12)






Copyright 1986-2022 Xilinx, Inc. All Rights Reserved. Copyright 2022-2025 Advanced Micro Devices, Inc. All Rights Reserved.
---------------------------------------------------------------------------------------------------------------------------------------------
| Tool Version : Vivado v.2025.2 (win64) Build 6299465 Fri Nov 14 19:35:11 GMT 2025
| Date         : Thu Apr  9 20:16:19 2026
| Host         : CCVDIAISB0045 running 64-bit major release  (build 9200)
| Command      : upgrade_ip
| Device       : xc7z020clg484-1
---------------------------------------------------------------------------------------------------------------------------------------------

Upgrade Log for IP 'extern_bram'

1. Summary
----------

SUCCESS in the upgrade of extern_bram (xilinx.com:ip:blk_mem_gen:8.4) from (Rev. 6) to (Rev. 12)

