09:46:59 DEBUG : Logs will be stored at '/dfs/usrhome/twipaa/Documents/uart/ZW02a-25_FYP_repo/DMA_SAMPLE/IDE.log'.
09:49:45 INFO  : Launching XSCT server: xsct -n  -interactive /dfs/usrhome/twipaa/Documents/uart/ZW02a-25_FYP_repo/DMA_SAMPLE/temp_xsdb_launch_script.tcl
09:49:47 INFO  : Registering command handlers for Vitis TCF services
09:49:55 INFO  : Platform repository initialization has completed.
09:50:07 INFO  : XSCT server has started successfully.
09:50:07 INFO  : Successfully done setting XSCT server connection channel  
09:50:08 INFO  : plnx-install-location is set to ''
09:50:39 INFO  : Successfully done setting workspace for the tool. 
09:50:39 INFO  : Successfully done query RDI_DATADIR 
09:52:33 INFO  : Result from executing command 'getProjects': dmaSystem_hw_platform
09:52:33 INFO  : Result from executing command 'getPlatforms': xilinx_vck190_base_202310_1|/dfs/app/xilinx/Vitis/2023.1/base_platforms/xilinx_vck190_base_202310_1/xilinx_vck190_base_202310_1.xpfm;xilinx_vck190_base_dfx_202310_1|/dfs/app/xilinx/Vitis/2023.1/base_platforms/xilinx_vck190_base_dfx_202310_1/xilinx_vck190_base_dfx_202310_1.xpfm;xilinx_vek280_es1_base_202310_1|/dfs/app/xilinx/Vitis/2023.1/base_platforms/xilinx_vek280_es1_base_202310_1/xilinx_vek280_es1_base_202310_1.xpfm;xilinx_vmk180_base_202310_1|/dfs/app/xilinx/Vitis/2023.1/base_platforms/xilinx_vmk180_base_202310_1/xilinx_vmk180_base_202310_1.xpfm;xilinx_zcu102_base_202310_1|/dfs/app/xilinx/Vitis/2023.1/base_platforms/xilinx_zcu102_base_202310_1/xilinx_zcu102_base_202310_1.xpfm;xilinx_zcu102_base_dfx_202310_1|/dfs/app/xilinx/Vitis/2023.1/base_platforms/xilinx_zcu102_base_dfx_202310_1/xilinx_zcu102_base_dfx_202310_1.xpfm;xilinx_zcu104_base_202310_1|/dfs/app/xilinx/Vitis/2023.1/base_platforms/xilinx_zcu104_base_202310_1/xilinx_zcu104_base_202310_1.xpfm
15:52:06 DEBUG : Logs will be stored at '/dfs/usrhome/twipaa/Documents/uart/ZW02a-25_FYP_repo/DMA_SAMPLE/IDE.log'.
15:52:08 INFO  : Launching XSCT server: xsct -n  -interactive /dfs/usrhome/twipaa/Documents/uart/ZW02a-25_FYP_repo/DMA_SAMPLE/temp_xsdb_launch_script.tcl
15:52:12 INFO  : Registering command handlers for Vitis TCF services
15:52:13 INFO  : Platform repository initialization has completed.
15:52:15 INFO  : XSCT server has started successfully.
15:52:24 INFO  : Successfully done setting XSCT server connection channel  
15:52:24 INFO  : plnx-install-location is set to ''
15:52:24 INFO  : Successfully done query RDI_DATADIR 
15:52:24 INFO  : Successfully done setting workspace for the tool. 
