#-----------------------------------------------------------
# Vivado v2023.1 (64-bit)
# SW Build 3865809 on Sun May  7 15:04:56 MDT 2023
# IP Build 3864474 on Sun May  7 20:36:21 MDT 2023
# SharedData Build 3865790 on Sun May 07 13:33:03 MDT 2023
# Start of session at: Mon Apr 13 00:27:06 2026
# Process ID: 107832
# Current directory: /dfs/usrhome/twipaa/Documents/uart/ZW02a-25_FYP_repo/DMA_SAMPLE
# Command line: vivado
# Log file: /dfs/usrhome/twipaa/Documents/uart/ZW02a-25_FYP_repo/DMA_SAMPLE/vivado.log
# Journal file: /dfs/usrhome/twipaa/Documents/uart/ZW02a-25_FYP_repo/DMA_SAMPLE/vivado.jou
# Running On: ecelvd714.ece.local, OS: Linux, CPU Frequency: 2593.905 MHz, CPU Physical cores: 32, Host memory: 270292 MB
#-----------------------------------------------------------
start_gui
WARNING: [Board 49-26] cannot add Board Part xilinx.com:vek280_es:part0:1.0 available at /dfs/app/xilinx/Vivado/2023.1/data/xhub/boards/XilinxBoardStore/boards/Xilinx/vek280/es/rev_a/1.0/board.xml as part xcve2802-vsvh1760-2lp-e-s-es1 specified in board_part file is either invalid or not available
WARNING: [Board 49-26] cannot add Board Part xilinx.com:vek280_es:part0:1.1 available at /dfs/app/xilinx/Vivado/2023.1/data/xhub/boards/XilinxBoardStore/boards/Xilinx/vek280/es/rev_a/1.1/board.xml as part xcve2802-vsvh1760-2lp-e-s-es1 specified in board_part file is either invalid or not available
WARNING: [Board 49-26] cannot add Board Part xilinx.com:vek280_es_revb:part0:1.0 available at /dfs/app/xilinx/Vivado/2023.1/data/xhub/boards/XilinxBoardStore/boards/Xilinx/vek280/es/rev_b/1.0/board.xml as part xcve2802-vsvh1760-2mp-e-s-es1 specified in board_part file is either invalid or not available
WARNING: [Board 49-26] cannot add Board Part xilinx.com:vek280_es_revb:part0:1.1 available at /dfs/app/xilinx/Vivado/2023.1/data/xhub/boards/XilinxBoardStore/boards/Xilinx/vek280/es/rev_b/1.1/board.xml as part xcve2802-vsvh1760-2mp-e-s-es1 specified in board_part file is either invalid or not available
WARNING: [Board 49-26] cannot add Board Part xilinx.com:vhk158_es:part0:1.0 available at /dfs/app/xilinx/Vivado/2023.1/data/xhub/boards/XilinxBoardStore/boards/Xilinx/vhk158/es/1.0/board.xml as part xcvh1582-vsva3697-2mp-e-s-es1 specified in board_part file is either invalid or not available
WARNING: [Board 49-26] cannot add Board Part xilinx.com:vhk158_es:part0:1.1 available at /dfs/app/xilinx/Vivado/2023.1/data/xhub/boards/XilinxBoardStore/boards/Xilinx/vhk158/es/1.1/board.xml as part xcvh1582-vsva3697-2mp-e-s-es1 specified in board_part file is either invalid or not available
WARNING: [Board 49-26] cannot add Board Part xilinx.com:vpk120_es:part0:1.2 available at /dfs/app/xilinx/Vivado/2023.1/data/xhub/boards/XilinxBoardStore/boards/Xilinx/vpk120/es/1.2/board.xml as part xcvp1202-vsva2785-2mp-e-s-es1 specified in board_part file is either invalid or not available
WARNING: [Board 49-26] cannot add Board Part xilinx.com:vpk120_es:part0:1.3 available at /dfs/app/xilinx/Vivado/2023.1/data/xhub/boards/XilinxBoardStore/boards/Xilinx/vpk120/es/1.3/board.xml as part xcvp1202-vsva2785-2mp-e-s-es1 specified in board_part file is either invalid or not available
WARNING: [Board 49-26] cannot add Board Part xilinx.com:vpk120_es_revb:part0:1.0 available at /dfs/app/xilinx/Vivado/2023.1/data/xhub/boards/XilinxBoardStore/boards/Xilinx/vpk120_revb/es/1.0/board.xml as part xcvp1202-vsva2785-2mp-e-s-es1 specified in board_part file is either invalid or not available
WARNING: [Board 49-26] cannot add Board Part xilinx.com:vpk120_es_revb:part0:1.1 available at /dfs/app/xilinx/Vivado/2023.1/data/xhub/boards/XilinxBoardStore/boards/Xilinx/vpk120_revb/es/1.1/board.xml as part xcvp1202-vsva2785-2mp-e-s-es1 specified in board_part file is either invalid or not available
WARNING: [Board 49-26] cannot add Board Part xilinx.com:vpk180_es:part0:1.0 available at /dfs/app/xilinx/Vivado/2023.1/data/xhub/boards/XilinxBoardStore/boards/Xilinx/vpk180/es/1.0/board.xml as part xcvp1802-lsvc4072-2mp-e-s-es1 specified in board_part file is either invalid or not available
WARNING: [Board 49-26] cannot add Board Part xilinx.com:vpk180_es:part0:1.1 available at /dfs/app/xilinx/Vivado/2023.1/data/xhub/boards/XilinxBoardStore/boards/Xilinx/vpk180/es/1.1/board.xml as part xcvp1802-lsvc4072-2mp-e-s-es1 specified in board_part file is either invalid or not available
WARNING: [Board 49-26] cannot add Board Part xilinx.com:zcu208ld:part0:2.0 available at /dfs/app/xilinx/Vivado/2023.1/data/xhub/boards/XilinxBoardStore/boards/Xilinx/zcu208ld/production/2.0/board.xml as part xczu58dr-fsvg1517-2-i specified in board_part file is either invalid or not available
WARNING: [Board 49-26] cannot add Board Part xilinx.com:zcu216ld:part0:2.0 available at /dfs/app/xilinx/Vivado/2023.1/data/xhub/boards/XilinxBoardStore/boards/Xilinx/zcu216ld/production/2.0/board.xml as part xczu59dr-ffvf1760-2-i specified in board_part file is either invalid or not available
WARNING: [Board 49-26] cannot add Board Part xilinx.com:zcu670:part0:2.0 available at /dfs/app/xilinx/Vivado/2023.1/data/xhub/boards/XilinxBoardStore/boards/Xilinx/zcu670/2.0/board.xml as part xczu67dr-fsve1156-2-i specified in board_part file is either invalid or not available
WARNING: [Board 49-26] cannot add Board Part xilinx.com:zcu670ld:part0:1.0 available at /dfs/app/xilinx/Vivado/2023.1/data/xhub/boards/XilinxBoardStore/boards/Xilinx/zcu670ld/1.0/board.xml as part xczu57dr-fsve1156-2-i specified in board_part file is either invalid or not available
WARNING: [Board 49-26] cannot add Board Part xilinx.com:vek280_es:part0:1.0 available at /dfs/app/xilinx/Vivado/2023.1/data/xhub/boards/XilinxBoardStore/boards/Xilinx/vek280/es/rev_a/1.0/board.xml as part xcve2802-vsvh1760-2lp-e-s-es1 specified in board_part file is either invalid or not available
WARNING: [Board 49-26] cannot add Board Part xilinx.com:vek280_es:part0:1.1 available at /dfs/app/xilinx/Vivado/2023.1/data/xhub/boards/XilinxBoardStore/boards/Xilinx/vek280/es/rev_a/1.1/board.xml as part xcve2802-vsvh1760-2lp-e-s-es1 specified in board_part file is either invalid or not available
WARNING: [Board 49-26] cannot add Board Part xilinx.com:vek280_es_revb:part0:1.0 available at /dfs/app/xilinx/Vivado/2023.1/data/xhub/boards/XilinxBoardStore/boards/Xilinx/vek280/es/rev_b/1.0/board.xml as part xcve2802-vsvh1760-2mp-e-s-es1 specified in board_part file is either invalid or not available
WARNING: [Board 49-26] cannot add Board Part xilinx.com:vek280_es_revb:part0:1.1 available at /dfs/app/xilinx/Vivado/2023.1/data/xhub/boards/XilinxBoardStore/boards/Xilinx/vek280/es/rev_b/1.1/board.xml as part xcve2802-vsvh1760-2mp-e-s-es1 specified in board_part file is either invalid or not available
WARNING: [Board 49-26] cannot add Board Part xilinx.com:vhk158_es:part0:1.0 available at /dfs/app/xilinx/Vivado/2023.1/data/xhub/boards/XilinxBoardStore/boards/Xilinx/vhk158/es/1.0/board.xml as part xcvh1582-vsva3697-2mp-e-s-es1 specified in board_part file is either invalid or not available
WARNING: [Board 49-26] cannot add Board Part xilinx.com:vhk158_es:part0:1.1 available at /dfs/app/xilinx/Vivado/2023.1/data/xhub/boards/XilinxBoardStore/boards/Xilinx/vhk158/es/1.1/board.xml as part xcvh1582-vsva3697-2mp-e-s-es1 specified in board_part file is either invalid or not available
WARNING: [Board 49-26] cannot add Board Part xilinx.com:vpk120_es:part0:1.2 available at /dfs/app/xilinx/Vivado/2023.1/data/xhub/boards/XilinxBoardStore/boards/Xilinx/vpk120/es/1.2/board.xml as part xcvp1202-vsva2785-2mp-e-s-es1 specified in board_part file is either invalid or not available
WARNING: [Board 49-26] cannot add Board Part xilinx.com:vpk120_es:part0:1.3 available at /dfs/app/xilinx/Vivado/2023.1/data/xhub/boards/XilinxBoardStore/boards/Xilinx/vpk120/es/1.3/board.xml as part xcvp1202-vsva2785-2mp-e-s-es1 specified in board_part file is either invalid or not available
WARNING: [Board 49-26] cannot add Board Part xilinx.com:vpk120_es_revb:part0:1.0 available at /dfs/app/xilinx/Vivado/2023.1/data/xhub/boards/XilinxBoardStore/boards/Xilinx/vpk120_revb/es/1.0/board.xml as part xcvp1202-vsva2785-2mp-e-s-es1 specified in board_part file is either invalid or not available
WARNING: [Board 49-26] cannot add Board Part xilinx.com:vpk120_es_revb:part0:1.1 available at /dfs/app/xilinx/Vivado/2023.1/data/xhub/boards/XilinxBoardStore/boards/Xilinx/vpk120_revb/es/1.1/board.xml as part xcvp1202-vsva2785-2mp-e-s-es1 specified in board_part file is either invalid or not available
WARNING: [Board 49-26] cannot add Board Part xilinx.com:vpk180_es:part0:1.0 available at /dfs/app/xilinx/Vivado/2023.1/data/xhub/boards/XilinxBoardStore/boards/Xilinx/vpk180/es/1.0/board.xml as part xcvp1802-lsvc4072-2mp-e-s-es1 specified in board_part file is either invalid or not available
WARNING: [Board 49-26] cannot add Board Part xilinx.com:vpk180_es:part0:1.1 available at /dfs/app/xilinx/Vivado/2023.1/data/xhub/boards/XilinxBoardStore/boards/Xilinx/vpk180/es/1.1/board.xml as part xcvp1802-lsvc4072-2mp-e-s-es1 specified in board_part file is either invalid or not available
WARNING: [Board 49-26] cannot add Board Part xilinx.com:zcu208ld:part0:2.0 available at /dfs/app/xilinx/Vivado/2023.1/data/xhub/boards/XilinxBoardStore/boards/Xilinx/zcu208ld/production/2.0/board.xml as part xczu58dr-fsvg1517-2-i specified in board_part file is either invalid or not available
WARNING: [Board 49-26] cannot add Board Part xilinx.com:zcu216ld:part0:2.0 available at /dfs/app/xilinx/Vivado/2023.1/data/xhub/boards/XilinxBoardStore/boards/Xilinx/zcu216ld/production/2.0/board.xml as part xczu59dr-ffvf1760-2-i specified in board_part file is either invalid or not available
WARNING: [Board 49-26] cannot add Board Part xilinx.com:zcu670:part0:2.0 available at /dfs/app/xilinx/Vivado/2023.1/data/xhub/boards/XilinxBoardStore/boards/Xilinx/zcu670/2.0/board.xml as part xczu67dr-fsve1156-2-i specified in board_part file is either invalid or not available
WARNING: [Board 49-26] cannot add Board Part xilinx.com:zcu670ld:part0:1.0 available at /dfs/app/xilinx/Vivado/2023.1/data/xhub/boards/XilinxBoardStore/boards/Xilinx/zcu670ld/1.0/board.xml as part xczu57dr-fsve1156-2-i specified in board_part file is either invalid or not available
WARNING: [Board 49-26] cannot add Board Part xilinx.com:vek280_es:part0:1.0 available at /dfs/app/xilinx/Vivado/2023.1/data/xhub/boards/XilinxBoardStore/boards/Xilinx/vek280/es/rev_a/1.0/board.xml as part xcve2802-vsvh1760-2lp-e-s-es1 specified in board_part file is either invalid or not available
WARNING: [Board 49-26] cannot add Board Part xilinx.com:vek280_es:part0:1.1 available at /dfs/app/xilinx/Vivado/2023.1/data/xhub/boards/XilinxBoardStore/boards/Xilinx/vek280/es/rev_a/1.1/board.xml as part xcve2802-vsvh1760-2lp-e-s-es1 specified in board_part file is either invalid or not available
WARNING: [Board 49-26] cannot add Board Part xilinx.com:vek280_es_revb:part0:1.0 available at /dfs/app/xilinx/Vivado/2023.1/data/xhub/boards/XilinxBoardStore/boards/Xilinx/vek280/es/rev_b/1.0/board.xml as part xcve2802-vsvh1760-2mp-e-s-es1 specified in board_part file is either invalid or not available
WARNING: [Board 49-26] cannot add Board Part xilinx.com:vek280_es_revb:part0:1.1 available at /dfs/app/xilinx/Vivado/2023.1/data/xhub/boards/XilinxBoardStore/boards/Xilinx/vek280/es/rev_b/1.1/board.xml as part xcve2802-vsvh1760-2mp-e-s-es1 specified in board_part file is either invalid or not available
WARNING: [Board 49-26] cannot add Board Part xilinx.com:vhk158_es:part0:1.0 available at /dfs/app/xilinx/Vivado/2023.1/data/xhub/boards/XilinxBoardStore/boards/Xilinx/vhk158/es/1.0/board.xml as part xcvh1582-vsva3697-2mp-e-s-es1 specified in board_part file is either invalid or not available
WARNING: [Board 49-26] cannot add Board Part xilinx.com:vhk158_es:part0:1.1 available at /dfs/app/xilinx/Vivado/2023.1/data/xhub/boards/XilinxBoardStore/boards/Xilinx/vhk158/es/1.1/board.xml as part xcvh1582-vsva3697-2mp-e-s-es1 specified in board_part file is either invalid or not available
WARNING: [Board 49-26] cannot add Board Part xilinx.com:vpk120_es:part0:1.2 available at /dfs/app/xilinx/Vivado/2023.1/data/xhub/boards/XilinxBoardStore/boards/Xilinx/vpk120/es/1.2/board.xml as part xcvp1202-vsva2785-2mp-e-s-es1 specified in board_part file is either invalid or not available
WARNING: [Board 49-26] cannot add Board Part xilinx.com:vpk120_es:part0:1.3 available at /dfs/app/xilinx/Vivado/2023.1/data/xhub/boards/XilinxBoardStore/boards/Xilinx/vpk120/es/1.3/board.xml as part xcvp1202-vsva2785-2mp-e-s-es1 specified in board_part file is either invalid or not available
WARNING: [Board 49-26] cannot add Board Part xilinx.com:vpk120_es_revb:part0:1.0 available at /dfs/app/xilinx/Vivado/2023.1/data/xhub/boards/XilinxBoardStore/boards/Xilinx/vpk120_revb/es/1.0/board.xml as part xcvp1202-vsva2785-2mp-e-s-es1 specified in board_part file is either invalid or not available
WARNING: [Board 49-26] cannot add Board Part xilinx.com:vpk120_es_revb:part0:1.1 available at /dfs/app/xilinx/Vivado/2023.1/data/xhub/boards/XilinxBoardStore/boards/Xilinx/vpk120_revb/es/1.1/board.xml as part xcvp1202-vsva2785-2mp-e-s-es1 specified in board_part file is either invalid or not available
WARNING: [Board 49-26] cannot add Board Part xilinx.com:vpk180_es:part0:1.0 available at /dfs/app/xilinx/Vivado/2023.1/data/xhub/boards/XilinxBoardStore/boards/Xilinx/vpk180/es/1.0/board.xml as part xcvp1802-lsvc4072-2mp-e-s-es1 specified in board_part file is either invalid or not available
WARNING: [Board 49-26] cannot add Board Part xilinx.com:vpk180_es:part0:1.1 available at /dfs/app/xilinx/Vivado/2023.1/data/xhub/boards/XilinxBoardStore/boards/Xilinx/vpk180/es/1.1/board.xml as part xcvp1802-lsvc4072-2mp-e-s-es1 specified in board_part file is either invalid or not available
WARNING: [Board 49-26] cannot add Board Part xilinx.com:zcu208ld:part0:2.0 available at /dfs/app/xilinx/Vivado/2023.1/data/xhub/boards/XilinxBoardStore/boards/Xilinx/zcu208ld/production/2.0/board.xml as part xczu58dr-fsvg1517-2-i specified in board_part file is either invalid or not available
WARNING: [Board 49-26] cannot add Board Part xilinx.com:zcu216ld:part0:2.0 available at /dfs/app/xilinx/Vivado/2023.1/data/xhub/boards/XilinxBoardStore/boards/Xilinx/zcu216ld/production/2.0/board.xml as part xczu59dr-ffvf1760-2-i specified in board_part file is either invalid or not available
WARNING: [Board 49-26] cannot add Board Part xilinx.com:zcu670:part0:2.0 available at /dfs/app/xilinx/Vivado/2023.1/data/xhub/boards/XilinxBoardStore/boards/Xilinx/zcu670/2.0/board.xml as part xczu67dr-fsve1156-2-i specified in board_part file is either invalid or not available
WARNING: [Board 49-26] cannot add Board Part xilinx.com:zcu670ld:part0:1.0 available at /dfs/app/xilinx/Vivado/2023.1/data/xhub/boards/XilinxBoardStore/boards/Xilinx/zcu670ld/1.0/board.xml as part xczu57dr-fsve1156-2-i specified in board_part file is either invalid or not available
WARNING: [Board 49-26] cannot add Board Part xilinx.com:vek280_es:part0:1.1 available at /dfs/app/xilinx/Vivado/2023.1/data/xhub/boards/XilinxBoardStore/boards/Xilinx/vek280/es/rev_a/1.1/board.xml as part xcve2802-vsvh1760-2lp-e-s-es1 specified in board_part file is either invalid or not available
WARNING: [Board 49-26] cannot add Board Part xilinx.com:vek280_es_revb:part0:1.1 available at /dfs/app/xilinx/Vivado/2023.1/data/xhub/boards/XilinxBoardStore/boards/Xilinx/vek280/es/rev_b/1.1/board.xml as part xcve2802-vsvh1760-2mp-e-s-es1 specified in board_part file is either invalid or not available
WARNING: [Board 49-26] cannot add Board Part xilinx.com:vhk158_es:part0:1.1 available at /dfs/app/xilinx/Vivado/2023.1/data/xhub/boards/XilinxBoardStore/boards/Xilinx/vhk158/es/1.1/board.xml as part xcvh1582-vsva3697-2mp-e-s-es1 specified in board_part file is either invalid or not available
WARNING: [Board 49-26] cannot add Board Part xilinx.com:vpk120_es:part0:1.3 available at /dfs/app/xilinx/Vivado/2023.1/data/xhub/boards/XilinxBoardStore/boards/Xilinx/vpk120/es/1.3/board.xml as part xcvp1202-vsva2785-2mp-e-s-es1 specified in board_part file is either invalid or not available
WARNING: [Board 49-26] cannot add Board Part xilinx.com:vpk120_es_revb:part0:1.1 available at /dfs/app/xilinx/Vivado/2023.1/data/xhub/boards/XilinxBoardStore/boards/Xilinx/vpk120_revb/es/1.1/board.xml as part xcvp1202-vsva2785-2mp-e-s-es1 specified in board_part file is either invalid or not available
WARNING: [Board 49-26] cannot add Board Part xilinx.com:vpk180_es:part0:1.1 available at /dfs/app/xilinx/Vivado/2023.1/data/xhub/boards/XilinxBoardStore/boards/Xilinx/vpk180/es/1.1/board.xml as part xcvp1802-lsvc4072-2mp-e-s-es1 specified in board_part file is either invalid or not available
WARNING: [Board 49-26] cannot add Board Part xilinx.com:zcu208ld:part0:2.0 available at /dfs/app/xilinx/Vivado/2023.1/data/xhub/boards/XilinxBoardStore/boards/Xilinx/zcu208ld/production/2.0/board.xml as part xczu58dr-fsvg1517-2-i specified in board_part file is either invalid or not available
WARNING: [Board 49-26] cannot add Board Part xilinx.com:zcu216ld:part0:2.0 available at /dfs/app/xilinx/Vivado/2023.1/data/xhub/boards/XilinxBoardStore/boards/Xilinx/zcu216ld/production/2.0/board.xml as part xczu59dr-ffvf1760-2-i specified in board_part file is either invalid or not available
WARNING: [Board 49-26] cannot add Board Part xilinx.com:zcu670:part0:2.0 available at /dfs/app/xilinx/Vivado/2023.1/data/xhub/boards/XilinxBoardStore/boards/Xilinx/zcu670/2.0/board.xml as part xczu67dr-fsve1156-2-i specified in board_part file is either invalid or not available
WARNING: [Board 49-26] cannot add Board Part xilinx.com:zcu670ld:part0:1.0 available at /dfs/app/xilinx/Vivado/2023.1/data/xhub/boards/XilinxBoardStore/boards/Xilinx/zcu670ld/1.0/board.xml as part xczu57dr-fsve1156-2-i specified in board_part file is either invalid or not available
create_project inverter /dfs/usrhome/twipaa/Documents/uart/ZW02a-25_FYP_repo/DMA_SAMPLE/IP/inverter -part xc7z020clg484-1
INFO: [IP_Flow 19-234] Refreshing IP repositories
INFO: [IP_Flow 19-1704] No user IP repositories specified
INFO: [IP_Flow 19-2313] Loaded Vivado IP repository '/usr/eelocal/xilinx/Vivado/2023.1/data/ip'.
create_project: Time (s): cpu = 00:00:08 ; elapsed = 00:00:28 . Memory (MB): peak = 9218.805 ; gain = 208.055 ; free physical = 193757 ; free virtual = 224373
file mkdir /dfs/usrhome/twipaa/Documents/uart/ZW02a-25_FYP_repo/DMA_SAMPLE/IP/inverter/inverter.srcs/sources_1/new
close [ open /dfs/usrhome/twipaa/Documents/uart/ZW02a-25_FYP_repo/DMA_SAMPLE/IP/inverter/inverter.srcs/sources_1/new/inverter.v w ]
add_files /dfs/usrhome/twipaa/Documents/uart/ZW02a-25_FYP_repo/DMA_SAMPLE/IP/inverter/inverter.srcs/sources_1/new/inverter.v
update_compile_order -fileset sources_1
ipx::package_project -root_dir /dfs/usrhome/twipaa/Documents/uart/ZW02a-25_FYP_repo/ip_repo -vendor user.org -library user -taxonomy /UserIP -import_files
INFO: [IP_Flow 19-5107] Inferred bus interface 'axi_clk' of definition 'xilinx.com:signal:clock:1.0' (from Xilinx Repository).
WARNING: [IP_Flow 19-5661] Bus Interface 'axi_clk' does not have any bus interfaces associated with it.
WARNING: [IP_Flow 19-11770] Clock interface 'axi_clk' has no FREQ_HZ parameter.
INFO: [IP_Flow 19-2181] Payment Required is not set for this core.
INFO: [IP_Flow 19-2187] The Product Guide file is missing.
ipx::package_project: Time (s): cpu = 00:00:02 ; elapsed = 00:00:06 . Memory (MB): peak = 9354.816 ; gain = 26.844 ; free physical = 193620 ; free virtual = 224256
ipx::add_bus_interface m_axis [ipx::current_core]
set_property abstraction_type_vlnv xilinx.com:interface:axis_rtl:1.0 [ipx::get_bus_interfaces m_axis -of_objects [ipx::current_core]]
set_property bus_type_vlnv xilinx.com:interface:axis:1.0 [ipx::get_bus_interfaces m_axis -of_objects [ipx::current_core]]
set_property interface_mode master [ipx::get_bus_interfaces m_axis -of_objects [ipx::current_core]]
ipx::add_port_map TDATA [ipx::get_bus_interfaces m_axis -of_objects [ipx::current_core]]
set_property physical_name m_axis_data [ipx::get_port_maps TDATA -of_objects [ipx::get_bus_interfaces m_axis -of_objects [ipx::current_core]]]
ipx::add_port_map TVALID [ipx::get_bus_interfaces m_axis -of_objects [ipx::current_core]]
set_property physical_name m_axis_valid [ipx::get_port_maps TVALID -of_objects [ipx::get_bus_interfaces m_axis -of_objects [ipx::current_core]]]
ipx::add_port_map TREADY [ipx::get_bus_interfaces m_axis -of_objects [ipx::current_core]]
set_property physical_name m_axis_ready [ipx::get_port_maps TREADY -of_objects [ipx::get_bus_interfaces m_axis -of_objects [ipx::current_core]]]
ipx::add_bus_interface s_axis [ipx::current_core]
set_property abstraction_type_vlnv xilinx.com:interface:axis_rtl:1.0 [ipx::get_bus_interfaces s_axis -of_objects [ipx::current_core]]
set_property bus_type_vlnv xilinx.com:interface:axis:1.0 [ipx::get_bus_interfaces s_axis -of_objects [ipx::current_core]]
ipx::remove_bus_interface s_axis [ipx::current_core]
ipx::add_bus_interface s_axis [ipx::current_core]
set_property abstraction_type_vlnv xilinx.com:interface:axis_rtl:1.0 [ipx::get_bus_interfaces s_axis -of_objects [ipx::current_core]]
set_property bus_type_vlnv xilinx.com:interface:axis:1.0 [ipx::get_bus_interfaces s_axis -of_objects [ipx::current_core]]
ipx::add_port_map TDATA [ipx::get_bus_interfaces s_axis -of_objects [ipx::current_core]]
set_property physical_name s_axis_data [ipx::get_port_maps TDATA -of_objects [ipx::get_bus_interfaces s_axis -of_objects [ipx::current_core]]]
ipx::add_port_map TVALID [ipx::get_bus_interfaces s_axis -of_objects [ipx::current_core]]
set_property physical_name s_axis_valid [ipx::get_port_maps TVALID -of_objects [ipx::get_bus_interfaces s_axis -of_objects [ipx::current_core]]]
ipx::add_port_map TREADY [ipx::get_bus_interfaces s_axis -of_objects [ipx::current_core]]
set_property physical_name s_axis_ready [ipx::get_port_maps TREADY -of_objects [ipx::get_bus_interfaces s_axis -of_objects [ipx::current_core]]]
ipx::add_bus_parameter ASSOCAITED_BUSIF [ipx::get_bus_interfaces axi_clk -of_objects [ipx::current_core]]
set_property value m_axis:s_axis [ipx::get_bus_parameters ASSOCAITED_BUSIF -of_objects [ipx::get_bus_interfaces axi_clk -of_objects [ipx::current_core]]]
set_property name ASSOCIATED_BUSIF [ipx::get_bus_parameters ASSOCAITED_BUSIF -of_objects [ipx::get_bus_interfaces axi_clk -of_objects [ipx::current_core]]]
ipx::add_bus_parameter FREQ_HZ [ipx::get_bus_interfaces axi_clk -of_objects [ipx::current_core]]
ipx::add_bus_parameter FREQ_HZ [ipx::get_bus_interfaces axi_clk -of_objects [ipx::current_core]]
set_property value 100000000 [ipx::get_bus_parameters FREQ_HZ -of_objects [ipx::get_bus_interfaces axi_clk -of_objects [ipx::current_core]]]
set_property core_revision 2 [ipx::current_core]
ipx::create_xgui_files [ipx::current_core]
ipx::update_checksums [ipx::current_core]
ipx::check_integrity [ipx::current_core]
INFO: [IP_Flow 19-7067] Note that bus interface 'axi_clk' has a fixed FREQ_HZ of '100000000'. This value will be respected whenever this IP is instantiated in IP Integrator.
INFO: [IP_Flow 19-2181] Payment Required is not set for this core.
INFO: [IP_Flow 19-2187] The Product Guide file is missing.
INFO: [Ipptcl 7-1486] check_integrity: Integrity check passed.
ipx::save_core [ipx::current_core]
set_property  ip_repo_paths  /dfs/usrhome/twipaa/Documents/uart/ZW02a-25_FYP_repo/ip_repo [current_project]
update_ip_catalog
INFO: [IP_Flow 19-234] Refreshing IP repositories
INFO: [IP_Flow 19-1700] Loaded user IP repository '/dfs/usrhome/twipaa/Documents/uart/ZW02a-25_FYP_repo/ip_repo'.
WARNING: [Board 49-26] cannot add Board Part xilinx.com:vek280_es:part0:1.0 available at /dfs/app/xilinx/Vivado/2023.1/data/xhub/boards/XilinxBoardStore/boards/Xilinx/vek280/es/rev_a/1.0/board.xml as part xcve2802-vsvh1760-2lp-e-s-es1 specified in board_part file is either invalid or not available
WARNING: [Board 49-26] cannot add Board Part xilinx.com:vek280_es:part0:1.1 available at /dfs/app/xilinx/Vivado/2023.1/data/xhub/boards/XilinxBoardStore/boards/Xilinx/vek280/es/rev_a/1.1/board.xml as part xcve2802-vsvh1760-2lp-e-s-es1 specified in board_part file is either invalid or not available
WARNING: [Board 49-26] cannot add Board Part xilinx.com:vek280_es_revb:part0:1.0 available at /dfs/app/xilinx/Vivado/2023.1/data/xhub/boards/XilinxBoardStore/boards/Xilinx/vek280/es/rev_b/1.0/board.xml as part xcve2802-vsvh1760-2mp-e-s-es1 specified in board_part file is either invalid or not available
WARNING: [Board 49-26] cannot add Board Part xilinx.com:vek280_es_revb:part0:1.1 available at /dfs/app/xilinx/Vivado/2023.1/data/xhub/boards/XilinxBoardStore/boards/Xilinx/vek280/es/rev_b/1.1/board.xml as part xcve2802-vsvh1760-2mp-e-s-es1 specified in board_part file is either invalid or not available
WARNING: [Board 49-26] cannot add Board Part xilinx.com:vhk158_es:part0:1.0 available at /dfs/app/xilinx/Vivado/2023.1/data/xhub/boards/XilinxBoardStore/boards/Xilinx/vhk158/es/1.0/board.xml as part xcvh1582-vsva3697-2mp-e-s-es1 specified in board_part file is either invalid or not available
WARNING: [Board 49-26] cannot add Board Part xilinx.com:vhk158_es:part0:1.1 available at /dfs/app/xilinx/Vivado/2023.1/data/xhub/boards/XilinxBoardStore/boards/Xilinx/vhk158/es/1.1/board.xml as part xcvh1582-vsva3697-2mp-e-s-es1 specified in board_part file is either invalid or not available
WARNING: [Board 49-26] cannot add Board Part xilinx.com:vpk120_es:part0:1.2 available at /dfs/app/xilinx/Vivado/2023.1/data/xhub/boards/XilinxBoardStore/boards/Xilinx/vpk120/es/1.2/board.xml as part xcvp1202-vsva2785-2mp-e-s-es1 specified in board_part file is either invalid or not available
WARNING: [Board 49-26] cannot add Board Part xilinx.com:vpk120_es:part0:1.3 available at /dfs/app/xilinx/Vivado/2023.1/data/xhub/boards/XilinxBoardStore/boards/Xilinx/vpk120/es/1.3/board.xml as part xcvp1202-vsva2785-2mp-e-s-es1 specified in board_part file is either invalid or not available
WARNING: [Board 49-26] cannot add Board Part xilinx.com:vpk120_es_revb:part0:1.0 available at /dfs/app/xilinx/Vivado/2023.1/data/xhub/boards/XilinxBoardStore/boards/Xilinx/vpk120_revb/es/1.0/board.xml as part xcvp1202-vsva2785-2mp-e-s-es1 specified in board_part file is either invalid or not available
WARNING: [Board 49-26] cannot add Board Part xilinx.com:vpk120_es_revb:part0:1.1 available at /dfs/app/xilinx/Vivado/2023.1/data/xhub/boards/XilinxBoardStore/boards/Xilinx/vpk120_revb/es/1.1/board.xml as part xcvp1202-vsva2785-2mp-e-s-es1 specified in board_part file is either invalid or not available
WARNING: [Board 49-26] cannot add Board Part xilinx.com:vpk180_es:part0:1.0 available at /dfs/app/xilinx/Vivado/2023.1/data/xhub/boards/XilinxBoardStore/boards/Xilinx/vpk180/es/1.0/board.xml as part xcvp1802-lsvc4072-2mp-e-s-es1 specified in board_part file is either invalid or not available
WARNING: [Board 49-26] cannot add Board Part xilinx.com:vpk180_es:part0:1.1 available at /dfs/app/xilinx/Vivado/2023.1/data/xhub/boards/XilinxBoardStore/boards/Xilinx/vpk180/es/1.1/board.xml as part xcvp1802-lsvc4072-2mp-e-s-es1 specified in board_part file is either invalid or not available
WARNING: [Board 49-26] cannot add Board Part xilinx.com:zcu208ld:part0:2.0 available at /dfs/app/xilinx/Vivado/2023.1/data/xhub/boards/XilinxBoardStore/boards/Xilinx/zcu208ld/production/2.0/board.xml as part xczu58dr-fsvg1517-2-i specified in board_part file is either invalid or not available
WARNING: [Board 49-26] cannot add Board Part xilinx.com:zcu216ld:part0:2.0 available at /dfs/app/xilinx/Vivado/2023.1/data/xhub/boards/XilinxBoardStore/boards/Xilinx/zcu216ld/production/2.0/board.xml as part xczu59dr-ffvf1760-2-i specified in board_part file is either invalid or not available
WARNING: [Board 49-26] cannot add Board Part xilinx.com:zcu670:part0:2.0 available at /dfs/app/xilinx/Vivado/2023.1/data/xhub/boards/XilinxBoardStore/boards/Xilinx/zcu670/2.0/board.xml as part xczu67dr-fsve1156-2-i specified in board_part file is either invalid or not available
WARNING: [Board 49-26] cannot add Board Part xilinx.com:zcu670ld:part0:1.0 available at /dfs/app/xilinx/Vivado/2023.1/data/xhub/boards/XilinxBoardStore/boards/Xilinx/zcu670ld/1.0/board.xml as part xczu57dr-fsve1156-2-i specified in board_part file is either invalid or not available
WARNING: [Board 49-26] cannot add Board Part xilinx.com:vek280_es:part0:1.0 available at /dfs/app/xilinx/Vivado/2023.1/data/xhub/boards/XilinxBoardStore/boards/Xilinx/vek280/es/rev_a/1.0/board.xml as part xcve2802-vsvh1760-2lp-e-s-es1 specified in board_part file is either invalid or not available
WARNING: [Board 49-26] cannot add Board Part xilinx.com:vek280_es:part0:1.1 available at /dfs/app/xilinx/Vivado/2023.1/data/xhub/boards/XilinxBoardStore/boards/Xilinx/vek280/es/rev_a/1.1/board.xml as part xcve2802-vsvh1760-2lp-e-s-es1 specified in board_part file is either invalid or not available
WARNING: [Board 49-26] cannot add Board Part xilinx.com:vek280_es_revb:part0:1.0 available at /dfs/app/xilinx/Vivado/2023.1/data/xhub/boards/XilinxBoardStore/boards/Xilinx/vek280/es/rev_b/1.0/board.xml as part xcve2802-vsvh1760-2mp-e-s-es1 specified in board_part file is either invalid or not available
WARNING: [Board 49-26] cannot add Board Part xilinx.com:vek280_es_revb:part0:1.1 available at /dfs/app/xilinx/Vivado/2023.1/data/xhub/boards/XilinxBoardStore/boards/Xilinx/vek280/es/rev_b/1.1/board.xml as part xcve2802-vsvh1760-2mp-e-s-es1 specified in board_part file is either invalid or not available
WARNING: [Board 49-26] cannot add Board Part xilinx.com:vhk158_es:part0:1.0 available at /dfs/app/xilinx/Vivado/2023.1/data/xhub/boards/XilinxBoardStore/boards/Xilinx/vhk158/es/1.0/board.xml as part xcvh1582-vsva3697-2mp-e-s-es1 specified in board_part file is either invalid or not available
WARNING: [Board 49-26] cannot add Board Part xilinx.com:vhk158_es:part0:1.1 available at /dfs/app/xilinx/Vivado/2023.1/data/xhub/boards/XilinxBoardStore/boards/Xilinx/vhk158/es/1.1/board.xml as part xcvh1582-vsva3697-2mp-e-s-es1 specified in board_part file is either invalid or not available
WARNING: [Board 49-26] cannot add Board Part xilinx.com:vpk120_es:part0:1.2 available at /dfs/app/xilinx/Vivado/2023.1/data/xhub/boards/XilinxBoardStore/boards/Xilinx/vpk120/es/1.2/board.xml as part xcvp1202-vsva2785-2mp-e-s-es1 specified in board_part file is either invalid or not available
WARNING: [Board 49-26] cannot add Board Part xilinx.com:vpk120_es:part0:1.3 available at /dfs/app/xilinx/Vivado/2023.1/data/xhub/boards/XilinxBoardStore/boards/Xilinx/vpk120/es/1.3/board.xml as part xcvp1202-vsva2785-2mp-e-s-es1 specified in board_part file is either invalid or not available
WARNING: [Board 49-26] cannot add Board Part xilinx.com:vpk120_es_revb:part0:1.0 available at /dfs/app/xilinx/Vivado/2023.1/data/xhub/boards/XilinxBoardStore/boards/Xilinx/vpk120_revb/es/1.0/board.xml as part xcvp1202-vsva2785-2mp-e-s-es1 specified in board_part file is either invalid or not available
WARNING: [Board 49-26] cannot add Board Part xilinx.com:vpk120_es_revb:part0:1.1 available at /dfs/app/xilinx/Vivado/2023.1/data/xhub/boards/XilinxBoardStore/boards/Xilinx/vpk120_revb/es/1.1/board.xml as part xcvp1202-vsva2785-2mp-e-s-es1 specified in board_part file is either invalid or not available
WARNING: [Board 49-26] cannot add Board Part xilinx.com:vpk180_es:part0:1.0 available at /dfs/app/xilinx/Vivado/2023.1/data/xhub/boards/XilinxBoardStore/boards/Xilinx/vpk180/es/1.0/board.xml as part xcvp1802-lsvc4072-2mp-e-s-es1 specified in board_part file is either invalid or not available
WARNING: [Board 49-26] cannot add Board Part xilinx.com:vpk180_es:part0:1.1 available at /dfs/app/xilinx/Vivado/2023.1/data/xhub/boards/XilinxBoardStore/boards/Xilinx/vpk180/es/1.1/board.xml as part xcvp1802-lsvc4072-2mp-e-s-es1 specified in board_part file is either invalid or not available
WARNING: [Board 49-26] cannot add Board Part xilinx.com:zcu208ld:part0:2.0 available at /dfs/app/xilinx/Vivado/2023.1/data/xhub/boards/XilinxBoardStore/boards/Xilinx/zcu208ld/production/2.0/board.xml as part xczu58dr-fsvg1517-2-i specified in board_part file is either invalid or not available
WARNING: [Board 49-26] cannot add Board Part xilinx.com:zcu216ld:part0:2.0 available at /dfs/app/xilinx/Vivado/2023.1/data/xhub/boards/XilinxBoardStore/boards/Xilinx/zcu216ld/production/2.0/board.xml as part xczu59dr-ffvf1760-2-i specified in board_part file is either invalid or not available
WARNING: [Board 49-26] cannot add Board Part xilinx.com:zcu670:part0:2.0 available at /dfs/app/xilinx/Vivado/2023.1/data/xhub/boards/XilinxBoardStore/boards/Xilinx/zcu670/2.0/board.xml as part xczu67dr-fsve1156-2-i specified in board_part file is either invalid or not available
WARNING: [Board 49-26] cannot add Board Part xilinx.com:zcu670ld:part0:1.0 available at /dfs/app/xilinx/Vivado/2023.1/data/xhub/boards/XilinxBoardStore/boards/Xilinx/zcu670ld/1.0/board.xml as part xczu57dr-fsve1156-2-i specified in board_part file is either invalid or not available
WARNING: [Board 49-26] cannot add Board Part xilinx.com:vek280_es:part0:1.1 available at /dfs/app/xilinx/Vivado/2023.1/data/xhub/boards/XilinxBoardStore/boards/Xilinx/vek280/es/rev_a/1.1/board.xml as part xcve2802-vsvh1760-2lp-e-s-es1 specified in board_part file is either invalid or not available
WARNING: [Board 49-26] cannot add Board Part xilinx.com:vek280_es_revb:part0:1.1 available at /dfs/app/xilinx/Vivado/2023.1/data/xhub/boards/XilinxBoardStore/boards/Xilinx/vek280/es/rev_b/1.1/board.xml as part xcve2802-vsvh1760-2mp-e-s-es1 specified in board_part file is either invalid or not available
WARNING: [Board 49-26] cannot add Board Part xilinx.com:vhk158_es:part0:1.1 available at /dfs/app/xilinx/Vivado/2023.1/data/xhub/boards/XilinxBoardStore/boards/Xilinx/vhk158/es/1.1/board.xml as part xcvh1582-vsva3697-2mp-e-s-es1 specified in board_part file is either invalid or not available
WARNING: [Board 49-26] cannot add Board Part xilinx.com:vpk120_es:part0:1.3 available at /dfs/app/xilinx/Vivado/2023.1/data/xhub/boards/XilinxBoardStore/boards/Xilinx/vpk120/es/1.3/board.xml as part xcvp1202-vsva2785-2mp-e-s-es1 specified in board_part file is either invalid or not available
WARNING: [Board 49-26] cannot add Board Part xilinx.com:vpk120_es_revb:part0:1.1 available at /dfs/app/xilinx/Vivado/2023.1/data/xhub/boards/XilinxBoardStore/boards/Xilinx/vpk120_revb/es/1.1/board.xml as part xcvp1202-vsva2785-2mp-e-s-es1 specified in board_part file is either invalid or not available
WARNING: [Board 49-26] cannot add Board Part xilinx.com:vpk180_es:part0:1.1 available at /dfs/app/xilinx/Vivado/2023.1/data/xhub/boards/XilinxBoardStore/boards/Xilinx/vpk180/es/1.1/board.xml as part xcvp1802-lsvc4072-2mp-e-s-es1 specified in board_part file is either invalid or not available
WARNING: [Board 49-26] cannot add Board Part xilinx.com:zcu208ld:part0:2.0 available at /dfs/app/xilinx/Vivado/2023.1/data/xhub/boards/XilinxBoardStore/boards/Xilinx/zcu208ld/production/2.0/board.xml as part xczu58dr-fsvg1517-2-i specified in board_part file is either invalid or not available
WARNING: [Board 49-26] cannot add Board Part xilinx.com:zcu216ld:part0:2.0 available at /dfs/app/xilinx/Vivado/2023.1/data/xhub/boards/XilinxBoardStore/boards/Xilinx/zcu216ld/production/2.0/board.xml as part xczu59dr-ffvf1760-2-i specified in board_part file is either invalid or not available
WARNING: [Board 49-26] cannot add Board Part xilinx.com:zcu670:part0:2.0 available at /dfs/app/xilinx/Vivado/2023.1/data/xhub/boards/XilinxBoardStore/boards/Xilinx/zcu670/2.0/board.xml as part xczu67dr-fsve1156-2-i specified in board_part file is either invalid or not available
WARNING: [Board 49-26] cannot add Board Part xilinx.com:zcu670ld:part0:1.0 available at /dfs/app/xilinx/Vivado/2023.1/data/xhub/boards/XilinxBoardStore/boards/Xilinx/zcu670ld/1.0/board.xml as part xczu57dr-fsve1156-2-i specified in board_part file is either invalid or not available
close_project
create_project DMA_SYSTEM /dfs/usrhome/twipaa/Documents/uart/ZW02a-25_FYP_repo/DMA_SAMPLE/DMA_SYSTEM -part xc7z020clg484-1
INFO: [IP_Flow 19-234] Refreshing IP repositories
INFO: [IP_Flow 19-1704] No user IP repositories specified
INFO: [IP_Flow 19-2313] Loaded Vivado IP repository '/usr/eelocal/xilinx/Vivado/2023.1/data/ip'.
create_project: Time (s): cpu = 00:00:03 ; elapsed = 00:00:09 . Memory (MB): peak = 9485.824 ; gain = 0.000 ; free physical = 193840 ; free virtual = 223894
set_property  ip_repo_paths  /dfs/usrhome/twipaa/Documents/uart/ZW02a-25_FYP_repo/DMA_SAMPLE/IP [current_project]
update_ip_catalog
INFO: [IP_Flow 19-234] Refreshing IP repositories
INFO: [IP_Flow 19-1700] Loaded user IP repository '/dfs/usrhome/twipaa/Documents/uart/ZW02a-25_FYP_repo/DMA_SAMPLE/IP'.
create_bd_design "dmaSystem"
Wrote  : </dfs/usrhome/twipaa/Documents/uart/ZW02a-25_FYP_repo/DMA_SAMPLE/DMA_SYSTEM/DMA_SYSTEM.srcs/sources_1/bd/dmaSystem/dmaSystem.bd> 
create_bd_design: Time (s): cpu = 00:00:02 ; elapsed = 00:00:15 . Memory (MB): peak = 9485.824 ; gain = 0.000 ; free physical = 193650 ; free virtual = 223709
update_compile_order -fileset sources_1
startgroup
create_bd_cell -type ip -vlnv xilinx.com:ip:processing_system7:5.5 processing_system7_0
create_bd_cell: Time (s): cpu = 00:00:01 ; elapsed = 00:00:05 . Memory (MB): peak = 9485.824 ; gain = 0.000 ; free physical = 193592 ; free virtual = 223659
endgroup
WARNING: [Boardtcl 53-1] No current board_part set.
apply_bd_automation -rule xilinx.com:bd_rule:processing_system7 -config {make_external "FIXED_IO, DDR" Master "Disable" Slave "Disable" }  [get_bd_cells processing_system7_0]
save_bd_design
Wrote  : </dfs/usrhome/twipaa/Documents/uart/ZW02a-25_FYP_repo/DMA_SAMPLE/DMA_SYSTEM/DMA_SYSTEM.srcs/sources_1/bd/dmaSystem/dmaSystem.bd> 
Wrote  : </dfs/usrhome/twipaa/Documents/uart/ZW02a-25_FYP_repo/DMA_SAMPLE/DMA_SYSTEM/DMA_SYSTEM.srcs/sources_1/bd/dmaSystem/ui/bd_f9801247.ui> 
save_bd_design: Time (s): cpu = 00:00:00.17 ; elapsed = 00:00:06 . Memory (MB): peak = 9485.824 ; gain = 0.000 ; free physical = 193423 ; free virtual = 223499
update_ip_catalog -rebuild
INFO: [IP_Flow 19-234] Refreshing IP repositories
INFO: [IP_Flow 19-1700] Loaded user IP repository '/dfs/usrhome/twipaa/Documents/uart/ZW02a-25_FYP_repo/DMA_SAMPLE/IP'.
set_property  ip_repo_paths  {} [current_project]
update_ip_catalog
INFO: [IP_Flow 19-234] Refreshing IP repositories
INFO: [IP_Flow 19-1704] No user IP repositories specified
set_property  ip_repo_paths  /dfs/usrhome/twipaa/Documents/uart/ZW02a-25_FYP_repo/ip_repo [current_project]
update_ip_catalog
INFO: [IP_Flow 19-234] Refreshing IP repositories
INFO: [IP_Flow 19-1700] Loaded user IP repository '/dfs/usrhome/twipaa/Documents/uart/ZW02a-25_FYP_repo/ip_repo'.
startgroup
create_bd_cell -type ip -vlnv user.org:user:inverter:1.0 inverter_0
endgroup
startgroup
create_bd_cell -type ip -vlnv xilinx.com:ip:axi_dma:7.1 axi_dma_0
endgroup
set_property location {1 107 -122} [get_bd_cells axi_dma_0]
set_property location {1 142 -353} [get_bd_cells processing_system7_0]
apply_bd_automation -rule xilinx.com:bd_rule:axi4 -config { Clk_master {Auto} Clk_slave {Auto} Clk_xbar {Auto} Master {/processing_system7_0/M_AXI_GP0} Slave {/axi_dma_0/S_AXI_LITE} ddr_seg {Auto} intc_ip {New AXI Interconnect} master_apm {0}}  [get_bd_intf_pins axi_dma_0/S_AXI_LITE]
Slave segment '/axi_dma_0/S_AXI_LITE/Reg' is being assigned into address space '/processing_system7_0/Data' at <0x4040_0000 [ 64K ]>.
set_property location {2 678 -328} [get_bd_cells axi_dma_0]
set_property location {1 227 -571} [get_bd_cells rst_ps7_0_50M]
set_property location {2 657 -607} [get_bd_cells ps7_0_axi_periph]
set_property location {2.5 1016 -507} [get_bd_cells axi_dma_0]
set_property location {3 1010 -513} [get_bd_cells axi_dma_0]
set_property location {3 1002 -504} [get_bd_cells axi_dma_0]
set_property location {3 1013 -513} [get_bd_cells axi_dma_0]
set_property location {3 1008 -498} [get_bd_cells axi_dma_0]
set_property location {3 1007 -466} [get_bd_cells axi_dma_0]
set_property location {3 1009 -529} [get_bd_cells axi_dma_0]
set_property location {3 1010 -499} [get_bd_cells axi_dma_0]
connect_bd_intf_net [get_bd_intf_pins axi_dma_0/M_AXIS_MM2S] [get_bd_intf_pins inverter_0/s_axis]
connect_bd_intf_net [get_bd_intf_pins inverter_0/m_axis] [get_bd_intf_pins axi_dma_0/S_AXIS_S2MM]
startgroup
set_property CONFIG.c_include_sg {0} [get_bd_cells axi_dma_0]
endgroup
connect_bd_net [get_bd_pins inverter_0/axi_reset_n] [get_bd_pins rst_ps7_0_50M/peripheral_aresetn]
connect_bd_net [get_bd_pins inverter_0/axi_clk] [get_bd_pins processing_system7_0/FCLK_CLK0]
WARNING: [IP_Flow 19-474] Invalid Parameter 'Component_Name'
startgroup
set_property CONFIG.PCW_USE_S_AXI_HP0 {1} [get_bd_cells processing_system7_0]
endgroup
apply_bd_automation -rule xilinx.com:bd_rule:axi4 -config { Clk_master {Auto} Clk_slave {Auto} Clk_xbar {Auto} Master {/axi_dma_0/M_AXI_MM2S} Slave {/processing_system7_0/S_AXI_HP0} ddr_seg {Auto} intc_ip {New AXI Interconnect} master_apm {0}}  [get_bd_intf_pins processing_system7_0/S_AXI_HP0]
Slave segment '/processing_system7_0/S_AXI_HP0/HP0_DDR_LOWOCM' is being assigned into address space '/axi_dma_0/Data_MM2S' at <0x0000_0000 [ 512M ]>.
apply_bd_automation -rule xilinx.com:bd_rule:axi4 -config { Clk_master {Auto} Clk_slave {/processing_system7_0/FCLK_CLK0 (50 MHz)} Clk_xbar {/processing_system7_0/FCLK_CLK0 (50 MHz)} Master {/axi_dma_0/M_AXI_S2MM} Slave {/processing_system7_0/S_AXI_HP0} ddr_seg {Auto} intc_ip {/axi_mem_intercon} master_apm {0}}  [get_bd_intf_pins axi_dma_0/M_AXI_S2MM]
Slave segment '/processing_system7_0/S_AXI_HP0/HP0_DDR_LOWOCM' is being assigned into address space '/axi_dma_0/Data_S2MM' at <0x0000_0000 [ 512M ]>.
WARNING: [IP_Flow 19-474] Invalid Parameter 'Component_Name'
startgroup
set_property CONFIG.PCW_FPGA0_PERIPHERAL_FREQMHZ {100} [get_bd_cells processing_system7_0]
endgroup
set_property location {1 264 -158} [get_bd_cells rst_ps7_0_50M]
set_property location {2 698 -207} [get_bd_cells ps7_0_axi_periph]
set_property location {2 696 -475} [get_bd_cells inverter_0]
set_property location {3 1036 -228} [get_bd_cells axi_dma_0]
set_property location {3 1066 -540} [get_bd_cells axi_mem_intercon]
set_property location {3.5 1456 -240} [get_bd_cells processing_system7_0]
set_property location {2 675 -164} [get_bd_cells ps7_0_axi_periph]
save_bd_design
Wrote  : </dfs/usrhome/twipaa/Documents/uart/ZW02a-25_FYP_repo/DMA_SAMPLE/DMA_SYSTEM/DMA_SYSTEM.srcs/sources_1/bd/dmaSystem/dmaSystem.bd> 
Wrote  : </dfs/usrhome/twipaa/Documents/uart/ZW02a-25_FYP_repo/DMA_SAMPLE/DMA_SYSTEM/DMA_SYSTEM.srcs/sources_1/bd/dmaSystem/ui/bd_f9801247.ui> 
set_property HDL_ATTRIBUTE.DEBUG true [get_bd_intf_nets {inverter_0_m_axis}]
true
set_property HDL_ATTRIBUTE.DEBUG true [get_bd_intf_nets {axi_dma_0_M_AXIS_MM2S}]
true
set_property HDL_ATTRIBUTE.DEBUG true [get_bd_intf_nets {axi_dma_0_M_AXI_MM2S}]
true
set_property HDL_ATTRIBUTE.DEBUG true [get_bd_intf_nets {axi_dma_0_M_AXI_S2MM}]
true
set_property HDL_ATTRIBUTE.DEBUG true [get_bd_intf_nets {axi_mem_intercon_M00_AXI}]
true
apply_bd_automation -rule xilinx.com:bd_rule:debug -dict [list \
                                                          [get_bd_intf_nets axi_mem_intercon_M00_AXI] {AXI_R_ADDRESS "Data and Trigger" AXI_R_DATA "Data and Trigger" AXI_W_ADDRESS "Data and Trigger" AXI_W_DATA "Data and Trigger" AXI_W_RESPONSE "Data and Trigger" CLK_SRC "/processing_system7_0/FCLK_CLK0" SYSTEM_ILA "Auto" APC_EN "0" } \
                                                         ]
Debug Automation : Instantiating new System ILA block '/system_ila_0' with mode INTERFACE, 1 slot interface pins and 0 probe pins. Also setting parameters on this block, corresponding to newly enabled interface pins and probe pins as specified via Debug Automation.
Debug Automation : Connecting source clock pin /processing_system7_0/FCLK_CLK0 to the following sink clock pins :
/system_ila_0/clk
Debug Automation : Connecting source reset pin /rst_ps7_0_50M/peripheral_aresetn to the following sink reset pins :
/system_ila_0/resetn
Debug Automation : Connecting interface connection /axi_mem_intercon_M00_AXI, to System ILA slot interface pin /system_ila_0/SLOT_0_AXI for debug.
startgroup
apply_bd_automation -rule xilinx.com:bd_rule:debug -dict [list \
                                                          [get_bd_intf_nets axi_dma_0_M_AXI_MM2S] {AXI_R_ADDRESS "Data and Trigger" AXI_R_DATA "Data and Trigger" AXI_W_ADDRESS "None" AXI_W_DATA "None" AXI_W_RESPONSE "None" CLK_SRC "/processing_system7_0/FCLK_CLK0" SYSTEM_ILA "Auto" APC_EN "0" } \
                                                          [get_bd_intf_nets axi_dma_0_M_AXI_S2MM] {AXI_R_ADDRESS "None" AXI_R_DATA "None" AXI_W_ADDRESS "Data and Trigger" AXI_W_DATA "Data and Trigger" AXI_W_RESPONSE "Data and Trigger" CLK_SRC "/processing_system7_0/FCLK_CLK0" SYSTEM_ILA "Auto" APC_EN "0" } \
                                                          [get_bd_intf_nets axi_dma_0_M_AXIS_MM2S] {AXIS_SIGNALS "Data and Trigger" CLK_SRC "/processing_system7_0/FCLK_CLK0" SYSTEM_ILA "Auto" APC_EN "0" } \
                                                          [get_bd_intf_nets inverter_0_m_axis] {AXIS_SIGNALS "Data and Trigger" CLK_SRC "/processing_system7_0/FCLK_CLK0" SYSTEM_ILA "Auto" APC_EN "0" } \
                                                         ]
Debug Automation : Re-customizing System ILA block '/system_ila_0' to mode INTERFACE, with 4 new slot interface pins and 0 new probe pins. Also setting parameters on this block, corresponding to newly enabled interface pins and probe pins as specified via Debug Automation.
Debug Automation : Connecting interface connection /axi_dma_0_M_AXI_MM2S, to System ILA slot interface pin /system_ila_0/SLOT_1_AXI for debug.
Debug Automation : Connecting interface connection /axi_dma_0_M_AXI_S2MM, to System ILA slot interface pin /system_ila_0/SLOT_2_AXI for debug.
Debug Automation : Connecting interface connection /axi_dma_0_M_AXIS_MM2S, to System ILA slot interface pin /system_ila_0/SLOT_3_AXIS for debug.
Debug Automation : Connecting interface connection /inverter_0_m_axis, to System ILA slot interface pin /system_ila_0/SLOT_4_AXIS for debug.
endgroup
set_property location {4 1527 -561} [get_bd_cells system_ila_0]
save_bd_design
Wrote  : </dfs/usrhome/twipaa/Documents/uart/ZW02a-25_FYP_repo/DMA_SAMPLE/DMA_SYSTEM/DMA_SYSTEM.srcs/sources_1/bd/dmaSystem/dmaSystem.bd> 
Wrote  : </dfs/usrhome/twipaa/Documents/uart/ZW02a-25_FYP_repo/DMA_SAMPLE/DMA_SYSTEM/DMA_SYSTEM.srcs/sources_1/bd/dmaSystem/ui/bd_f9801247.ui> 
launch_runs impl_1 -to_step write_bitstream -jobs 50
CRITICAL WARNING: [filemgmt 20-730] Could not find a top module in the fileset sources_1.
Resolution: With the gui up, review the source files in the Sources window. Use Add Sources to add any needed sources. If the files are disabled, enable them. You can also select the file and choose Set Used In from the pop-up menu. Review if they are being used at the proper points of the flow.
WARNING: [BD 41-1781] Updates have been made to one or more nets/interface connections marked for debug.
Debug nets, which are already connected to any ILA IP core in the block-design, will be automatically available for debug in Hardware Manager.
For unconnected Debug nets, please open synthesized design and use 'Set Up Debug' wizard to insert, modify or delete Debug Cores. 
CRITICAL WARNING: [xilinx.com:ip:axi_dma:7.1-9] /axi_dma_0
                   ########################################################### 
                   Interface connected to S_AXIS_S2MM does not have TLAST port
                   ###########################################################
Wrote  : </dfs/usrhome/twipaa/Documents/uart/ZW02a-25_FYP_repo/DMA_SAMPLE/DMA_SYSTEM/DMA_SYSTEM.srcs/sources_1/bd/dmaSystem/dmaSystem.bd> 
WARNING: [BD 41-2384] Width mismatch when connecting pin: '/axi_mem_intercon/m00_couplers/auto_pc/m_axi_rid'(1) to pin: '/axi_mem_intercon/m00_couplers/M_AXI_rid'(6) - Only lower order bits will be connected.
WARNING: [BD 41-2384] Width mismatch when connecting pin: '/axi_mem_intercon/m00_couplers/auto_pc/m_axi_bid'(1) to pin: '/axi_mem_intercon/m00_couplers/M_AXI_bid'(6) - Only lower order bits will be connected.
WARNING: [BD 41-2384] Width mismatch when connecting pin: '/processing_system7_0/S_AXI_HP0_WID'(6) to pin: '/axi_mem_intercon/M00_AXI_wid'(1) - Only lower order bits will be connected.
WARNING: [BD 41-2384] Width mismatch when connecting pin: '/system_ila_0/SLOT_0_AXI_rid'(1) to pin: '/processing_system7_0/S_AXI_HP0_RID'(6) - Only lower order bits will be connected.
WARNING: [BD 41-2384] Width mismatch when connecting pin: '/system_ila_0/SLOT_0_AXI_bid'(1) to pin: '/processing_system7_0/S_AXI_HP0_BID'(6) - Only lower order bits will be connected.
WARNING: [BD 41-2384] Width mismatch when connecting pin: '/processing_system7_0/S_AXI_HP0_AWID'(6) to pin: '/axi_mem_intercon/M00_AXI_awid'(1) - Only lower order bits will be connected.
WARNING: [BD 41-2384] Width mismatch when connecting pin: '/processing_system7_0/S_AXI_HP0_ARID'(6) to pin: '/axi_mem_intercon/M00_AXI_arid'(1) - Only lower order bits will be connected.
Verilog Output written to : /dfs/usrhome/twipaa/Documents/uart/ZW02a-25_FYP_repo/DMA_SAMPLE/DMA_SYSTEM/DMA_SYSTEM.gen/sources_1/bd/dmaSystem/synth/dmaSystem.v
WARNING: [BD 41-2384] Width mismatch when connecting pin: '/axi_mem_intercon/m00_couplers/auto_pc/m_axi_rid'(1) to pin: '/axi_mem_intercon/m00_couplers/M_AXI_rid'(6) - Only lower order bits will be connected.
WARNING: [BD 41-2384] Width mismatch when connecting pin: '/axi_mem_intercon/m00_couplers/auto_pc/m_axi_bid'(1) to pin: '/axi_mem_intercon/m00_couplers/M_AXI_bid'(6) - Only lower order bits will be connected.
WARNING: [BD 41-2384] Width mismatch when connecting pin: '/processing_system7_0/S_AXI_HP0_WID'(6) to pin: '/axi_mem_intercon/M00_AXI_wid'(1) - Only lower order bits will be connected.
WARNING: [BD 41-2384] Width mismatch when connecting pin: '/system_ila_0/SLOT_0_AXI_rid'(1) to pin: '/processing_system7_0/S_AXI_HP0_RID'(6) - Only lower order bits will be connected.
WARNING: [BD 41-2384] Width mismatch when connecting pin: '/system_ila_0/SLOT_0_AXI_bid'(1) to pin: '/processing_system7_0/S_AXI_HP0_BID'(6) - Only lower order bits will be connected.
WARNING: [BD 41-2384] Width mismatch when connecting pin: '/processing_system7_0/S_AXI_HP0_AWID'(6) to pin: '/axi_mem_intercon/M00_AXI_awid'(1) - Only lower order bits will be connected.
WARNING: [BD 41-2384] Width mismatch when connecting pin: '/processing_system7_0/S_AXI_HP0_ARID'(6) to pin: '/axi_mem_intercon/M00_AXI_arid'(1) - Only lower order bits will be connected.
Verilog Output written to : /dfs/usrhome/twipaa/Documents/uart/ZW02a-25_FYP_repo/DMA_SAMPLE/DMA_SYSTEM/DMA_SYSTEM.gen/sources_1/bd/dmaSystem/sim/dmaSystem.v
Verilog Output written to : /dfs/usrhome/twipaa/Documents/uart/ZW02a-25_FYP_repo/DMA_SAMPLE/DMA_SYSTEM/DMA_SYSTEM.gen/sources_1/bd/dmaSystem/hdl/dmaSystem_wrapper.v
INFO: [IP_Flow 19-5611] Unable to find an associated reset port for the interface 'M_AXI_GP0'. A default connection has been created.
INFO: [IP_Flow 19-5611] Unable to find an associated reset port for the interface 'S_AXI_HP0'. A default connection has been created.
INFO: [BD 41-1029] Generation completed for the IP Integrator block processing_system7_0 .
INFO: [BD 41-1029] Generation completed for the IP Integrator block inverter_0 .
INFO: [BD 41-1029] Generation completed for the IP Integrator block axi_dma_0 .
INFO: [BD 41-1029] Generation completed for the IP Integrator block rst_ps7_0_50M .
INFO: [BD 41-1029] Generation completed for the IP Integrator block axi_mem_intercon/xbar .
WARNING: [IP_Flow 19-4994] Overwriting existing constraint file '/dfs/usrhome/twipaa/Documents/uart/ZW02a-25_FYP_repo/DMA_SAMPLE/DMA_SYSTEM/DMA_SYSTEM.gen/sources_1/bd/dmaSystem/ip/dmaSystem_system_ila_0_0/dmaSystem_system_ila_0_0_ooc.xdc'
Exporting to file /dfs/usrhome/twipaa/Documents/uart/ZW02a-25_FYP_repo/DMA_SAMPLE/DMA_SYSTEM/DMA_SYSTEM.gen/sources_1/bd/dmaSystem/ip/dmaSystem_system_ila_0_0/bd_0/hw_handoff/dmaSystem_system_ila_0_0.hwh
Generated Hardware Definition File /dfs/usrhome/twipaa/Documents/uart/ZW02a-25_FYP_repo/DMA_SAMPLE/DMA_SYSTEM/DMA_SYSTEM.gen/sources_1/bd/dmaSystem/ip/dmaSystem_system_ila_0_0/bd_0/synth/dmaSystem_system_ila_0_0.hwdef
INFO: [BD 41-1029] Generation completed for the IP Integrator block system_ila_0 .
WARNING: [IP_Flow 19-4994] Overwriting existing constraint file '/dfs/usrhome/twipaa/Documents/uart/ZW02a-25_FYP_repo/DMA_SAMPLE/DMA_SYSTEM/DMA_SYSTEM.gen/sources_1/bd/dmaSystem/ip/dmaSystem_auto_pc_0/dmaSystem_auto_pc_0_ooc.xdc'
INFO: [BD 41-1029] Generation completed for the IP Integrator block ps7_0_axi_periph/s00_couplers/auto_pc .
WARNING: [IP_Flow 19-4994] Overwriting existing constraint file '/dfs/usrhome/twipaa/Documents/uart/ZW02a-25_FYP_repo/DMA_SAMPLE/DMA_SYSTEM/DMA_SYSTEM.gen/sources_1/bd/dmaSystem/ip/dmaSystem_auto_us_0/dmaSystem_auto_us_0_ooc.xdc'
INFO: [Common 17-365] Interrupt caught but 'launch_runs' cannot be canceled. Please wait for command to finish.
INFO: [IP_Flow 19-3499] Reset cancelled 'Simulation' target for IP 'axi_mem_intercon/s00_couplers/auto_us'.
INFO: [BD 41-1029] Generation completed for the IP Integrator block axi_mem_intercon/s00_couplers/auto_us .
INFO: [BD 41-1029] Generation completed for the IP Integrator block axi_mem_intercon/s01_couplers/auto_us .
INFO: [BD 41-1171] User-interrupt detected : Generation halted successfully for IP Integrator design /dfs/usrhome/twipaa/Documents/uart/ZW02a-25_FYP_repo/DMA_SAMPLE/DMA_SYSTEM/DMA_SYSTEM.srcs/sources_1/bd/dmaSystem/dmaSystem.bd
INFO: [Common 17-681] Processing pending cancel.
make_wrapper -files [get_files /dfs/usrhome/twipaa/Documents/uart/ZW02a-25_FYP_repo/DMA_SAMPLE/DMA_SYSTEM/DMA_SYSTEM.srcs/sources_1/bd/dmaSystem/dmaSystem.bd] -top
INFO: [BD 41-1662] The design 'dmaSystem.bd' is already validated. Therefore parameter propagation will not be re-run.
Wrote  : </dfs/usrhome/twipaa/Documents/uart/ZW02a-25_FYP_repo/DMA_SAMPLE/DMA_SYSTEM/DMA_SYSTEM.srcs/sources_1/bd/dmaSystem/ui/bd_f9801247.ui> 
WARNING: [BD 41-2384] Width mismatch when connecting pin: '/axi_mem_intercon/m00_couplers/auto_pc/m_axi_rid'(1) to pin: '/axi_mem_intercon/m00_couplers/M_AXI_rid'(6) - Only lower order bits will be connected.
WARNING: [BD 41-2384] Width mismatch when connecting pin: '/axi_mem_intercon/m00_couplers/auto_pc/m_axi_bid'(1) to pin: '/axi_mem_intercon/m00_couplers/M_AXI_bid'(6) - Only lower order bits will be connected.
WARNING: [BD 41-2384] Width mismatch when connecting pin: '/processing_system7_0/S_AXI_HP0_WID'(6) to pin: '/axi_mem_intercon/M00_AXI_wid'(1) - Only lower order bits will be connected.
WARNING: [BD 41-2384] Width mismatch when connecting pin: '/system_ila_0/SLOT_0_AXI_rid'(1) to pin: '/processing_system7_0/S_AXI_HP0_RID'(6) - Only lower order bits will be connected.
WARNING: [BD 41-2384] Width mismatch when connecting pin: '/system_ila_0/SLOT_0_AXI_bid'(1) to pin: '/processing_system7_0/S_AXI_HP0_BID'(6) - Only lower order bits will be connected.
WARNING: [BD 41-2384] Width mismatch when connecting pin: '/processing_system7_0/S_AXI_HP0_AWID'(6) to pin: '/axi_mem_intercon/M00_AXI_awid'(1) - Only lower order bits will be connected.
WARNING: [BD 41-2384] Width mismatch when connecting pin: '/processing_system7_0/S_AXI_HP0_ARID'(6) to pin: '/axi_mem_intercon/M00_AXI_arid'(1) - Only lower order bits will be connected.
Verilog Output written to : /dfs/usrhome/twipaa/Documents/uart/ZW02a-25_FYP_repo/DMA_SAMPLE/DMA_SYSTEM/DMA_SYSTEM.gen/sources_1/bd/dmaSystem/synth/dmaSystem.v
WARNING: [BD 41-2384] Width mismatch when connecting pin: '/axi_mem_intercon/m00_couplers/auto_pc/m_axi_rid'(1) to pin: '/axi_mem_intercon/m00_couplers/M_AXI_rid'(6) - Only lower order bits will be connected.
WARNING: [BD 41-2384] Width mismatch when connecting pin: '/axi_mem_intercon/m00_couplers/auto_pc/m_axi_bid'(1) to pin: '/axi_mem_intercon/m00_couplers/M_AXI_bid'(6) - Only lower order bits will be connected.
WARNING: [BD 41-2384] Width mismatch when connecting pin: '/processing_system7_0/S_AXI_HP0_WID'(6) to pin: '/axi_mem_intercon/M00_AXI_wid'(1) - Only lower order bits will be connected.
WARNING: [BD 41-2384] Width mismatch when connecting pin: '/system_ila_0/SLOT_0_AXI_rid'(1) to pin: '/processing_system7_0/S_AXI_HP0_RID'(6) - Only lower order bits will be connected.
WARNING: [BD 41-2384] Width mismatch when connecting pin: '/system_ila_0/SLOT_0_AXI_bid'(1) to pin: '/processing_system7_0/S_AXI_HP0_BID'(6) - Only lower order bits will be connected.
WARNING: [BD 41-2384] Width mismatch when connecting pin: '/processing_system7_0/S_AXI_HP0_AWID'(6) to pin: '/axi_mem_intercon/M00_AXI_awid'(1) - Only lower order bits will be connected.
WARNING: [BD 41-2384] Width mismatch when connecting pin: '/processing_system7_0/S_AXI_HP0_ARID'(6) to pin: '/axi_mem_intercon/M00_AXI_arid'(1) - Only lower order bits will be connected.
Verilog Output written to : /dfs/usrhome/twipaa/Documents/uart/ZW02a-25_FYP_repo/DMA_SAMPLE/DMA_SYSTEM/DMA_SYSTEM.gen/sources_1/bd/dmaSystem/sim/dmaSystem.v
Verilog Output written to : /dfs/usrhome/twipaa/Documents/uart/ZW02a-25_FYP_repo/DMA_SAMPLE/DMA_SYSTEM/DMA_SYSTEM.gen/sources_1/bd/dmaSystem/hdl/dmaSystem_wrapper.v
add_files -norecurse /dfs/usrhome/twipaa/Documents/uart/ZW02a-25_FYP_repo/DMA_SAMPLE/DMA_SYSTEM/DMA_SYSTEM.gen/sources_1/bd/dmaSystem/hdl/dmaSystem_wrapper.v
launch_runs impl_1 -to_step write_bitstream -jobs 50
INFO: [BD 41-1662] The design 'dmaSystem.bd' is already validated. Therefore parameter propagation will not be re-run.
Wrote  : </dfs/usrhome/twipaa/Documents/uart/ZW02a-25_FYP_repo/DMA_SAMPLE/DMA_SYSTEM/DMA_SYSTEM.srcs/sources_1/bd/dmaSystem/ui/bd_f9801247.ui> 
WARNING: [BD 41-2384] Width mismatch when connecting pin: '/axi_mem_intercon/m00_couplers/auto_pc/m_axi_rid'(1) to pin: '/axi_mem_intercon/m00_couplers/M_AXI_rid'(6) - Only lower order bits will be connected.
WARNING: [BD 41-2384] Width mismatch when connecting pin: '/axi_mem_intercon/m00_couplers/auto_pc/m_axi_bid'(1) to pin: '/axi_mem_intercon/m00_couplers/M_AXI_bid'(6) - Only lower order bits will be connected.
WARNING: [BD 41-2384] Width mismatch when connecting pin: '/processing_system7_0/S_AXI_HP0_WID'(6) to pin: '/axi_mem_intercon/M00_AXI_wid'(1) - Only lower order bits will be connected.
WARNING: [BD 41-2384] Width mismatch when connecting pin: '/system_ila_0/SLOT_0_AXI_rid'(1) to pin: '/processing_system7_0/S_AXI_HP0_RID'(6) - Only lower order bits will be connected.
WARNING: [BD 41-2384] Width mismatch when connecting pin: '/system_ila_0/SLOT_0_AXI_bid'(1) to pin: '/processing_system7_0/S_AXI_HP0_BID'(6) - Only lower order bits will be connected.
WARNING: [BD 41-2384] Width mismatch when connecting pin: '/processing_system7_0/S_AXI_HP0_AWID'(6) to pin: '/axi_mem_intercon/M00_AXI_awid'(1) - Only lower order bits will be connected.
WARNING: [BD 41-2384] Width mismatch when connecting pin: '/processing_system7_0/S_AXI_HP0_ARID'(6) to pin: '/axi_mem_intercon/M00_AXI_arid'(1) - Only lower order bits will be connected.
Verilog Output written to : /dfs/usrhome/twipaa/Documents/uart/ZW02a-25_FYP_repo/DMA_SAMPLE/DMA_SYSTEM/DMA_SYSTEM.gen/sources_1/bd/dmaSystem/synth/dmaSystem.v
WARNING: [BD 41-2384] Width mismatch when connecting pin: '/axi_mem_intercon/m00_couplers/auto_pc/m_axi_rid'(1) to pin: '/axi_mem_intercon/m00_couplers/M_AXI_rid'(6) - Only lower order bits will be connected.
WARNING: [BD 41-2384] Width mismatch when connecting pin: '/axi_mem_intercon/m00_couplers/auto_pc/m_axi_bid'(1) to pin: '/axi_mem_intercon/m00_couplers/M_AXI_bid'(6) - Only lower order bits will be connected.
WARNING: [BD 41-2384] Width mismatch when connecting pin: '/processing_system7_0/S_AXI_HP0_WID'(6) to pin: '/axi_mem_intercon/M00_AXI_wid'(1) - Only lower order bits will be connected.
WARNING: [BD 41-2384] Width mismatch when connecting pin: '/system_ila_0/SLOT_0_AXI_rid'(1) to pin: '/processing_system7_0/S_AXI_HP0_RID'(6) - Only lower order bits will be connected.
WARNING: [BD 41-2384] Width mismatch when connecting pin: '/system_ila_0/SLOT_0_AXI_bid'(1) to pin: '/processing_system7_0/S_AXI_HP0_BID'(6) - Only lower order bits will be connected.
WARNING: [BD 41-2384] Width mismatch when connecting pin: '/processing_system7_0/S_AXI_HP0_AWID'(6) to pin: '/axi_mem_intercon/M00_AXI_awid'(1) - Only lower order bits will be connected.
WARNING: [BD 41-2384] Width mismatch when connecting pin: '/processing_system7_0/S_AXI_HP0_ARID'(6) to pin: '/axi_mem_intercon/M00_AXI_arid'(1) - Only lower order bits will be connected.
Verilog Output written to : /dfs/usrhome/twipaa/Documents/uart/ZW02a-25_FYP_repo/DMA_SAMPLE/DMA_SYSTEM/DMA_SYSTEM.gen/sources_1/bd/dmaSystem/sim/dmaSystem.v
Verilog Output written to : /dfs/usrhome/twipaa/Documents/uart/ZW02a-25_FYP_repo/DMA_SAMPLE/DMA_SYSTEM/DMA_SYSTEM.gen/sources_1/bd/dmaSystem/hdl/dmaSystem_wrapper.v
Exporting to file /dfs/usrhome/twipaa/Documents/uart/ZW02a-25_FYP_repo/DMA_SAMPLE/DMA_SYSTEM/DMA_SYSTEM.gen/sources_1/bd/dmaSystem/ip/dmaSystem_system_ila_0_0/bd_0/hw_handoff/dmaSystem_system_ila_0_0.hwh
Generated Hardware Definition File /dfs/usrhome/twipaa/Documents/uart/ZW02a-25_FYP_repo/DMA_SAMPLE/DMA_SYSTEM/DMA_SYSTEM.gen/sources_1/bd/dmaSystem/ip/dmaSystem_system_ila_0_0/bd_0/synth/dmaSystem_system_ila_0_0.hwdef
INFO: [BD 41-1029] Generation completed for the IP Integrator block axi_mem_intercon/s00_couplers/auto_us .
WARNING: [IP_Flow 19-4994] Overwriting existing constraint file '/dfs/usrhome/twipaa/Documents/uart/ZW02a-25_FYP_repo/DMA_SAMPLE/DMA_SYSTEM/DMA_SYSTEM.gen/sources_1/bd/dmaSystem/ip/dmaSystem_auto_us_1/dmaSystem_auto_us_1_ooc.xdc'
INFO: [IP_Flow 19-5611] Unable to find an associated reset port for the interface 'S_AXI'. A default connection has been created.
INFO: [IP_Flow 19-5611] Unable to find an associated reset port for the interface 'M_AXI'. A default connection has been created.
INFO: [BD 41-1029] Generation completed for the IP Integrator block axi_mem_intercon/s01_couplers/auto_us .
WARNING: [IP_Flow 19-4994] Overwriting existing constraint file '/dfs/usrhome/twipaa/Documents/uart/ZW02a-25_FYP_repo/DMA_SAMPLE/DMA_SYSTEM/DMA_SYSTEM.gen/sources_1/bd/dmaSystem/ip/dmaSystem_auto_pc_1/dmaSystem_auto_pc_1_ooc.xdc'
INFO: [BD 41-1029] Generation completed for the IP Integrator block axi_mem_intercon/m00_couplers/auto_pc .
Exporting to file /dfs/usrhome/twipaa/Documents/uart/ZW02a-25_FYP_repo/DMA_SAMPLE/DMA_SYSTEM/DMA_SYSTEM.gen/sources_1/bd/dmaSystem/hw_handoff/dmaSystem.hwh
Generated Hardware Definition File /dfs/usrhome/twipaa/Documents/uart/ZW02a-25_FYP_repo/DMA_SAMPLE/DMA_SYSTEM/DMA_SYSTEM.gen/sources_1/bd/dmaSystem/synth/dmaSystem.hwdef
INFO: [IP_Flow 19-6930] IPCACHE: runCacheChecks() number of threads = 8
INFO: [IP_Flow 19-6921] IPCACHE: Adding cache check func to thread queue for IP dmaSystem_auto_pc_0
INFO: [IP_Flow 19-6921] IPCACHE: Adding cache check func to thread queue for IP dmaSystem_auto_pc_1
INFO: [IP_Flow 19-6921] IPCACHE: Adding cache check func to thread queue for IP dmaSystem_auto_us_0
INFO: [IP_Flow 19-6921] IPCACHE: Adding cache check func to thread queue for IP dmaSystem_auto_us_1
INFO: [IP_Flow 19-6921] IPCACHE: Adding cache check func to thread queue for IP dmaSystem_axi_dma_0_0
INFO: [IP_Flow 19-6921] IPCACHE: Adding cache check func to thread queue for IP dmaSystem_inverter_0_0
INFO: [IP_Flow 19-6921] IPCACHE: Adding cache check func to thread queue for IP dmaSystem_rst_ps7_0_50M_0
INFO: [IP_Flow 19-6921] IPCACHE: Adding cache check func to thread queue for IP dmaSystem_system_ila_0_0
INFO: [IP_Flow 19-6921] IPCACHE: Adding cache check func to thread queue for IP dmaSystem_xbar_0
INFO: [IP_Flow 19-8020] IPCACHE: runCacheChecks() calling threadPool finishWork()
INFO: [IP_Flow 19-6924] IPCACHE: Running cache check for IP inst: dmaSystem_auto_pc_0
INFO: [IP_Flow 19-6924] IPCACHE: Running cache check for IP inst: dmaSystem_auto_pc_1
INFO: [IP_Flow 19-6924] IPCACHE: Running cache check for IP inst: dmaSystem_auto_us_0
INFO: [IP_Flow 19-6924] IPCACHE: Running cache check for IP inst: dmaSystem_auto_us_1
INFO: [IP_Flow 19-6924] IPCACHE: Running cache check for IP inst: dmaSystem_axi_dma_0_0
INFO: [IP_Flow 19-6924] IPCACHE: Running cache check for IP inst: dmaSystem_rst_ps7_0_50M_0
INFO: [IP_Flow 19-6924] IPCACHE: Running cache check for IP inst: dmaSystem_system_ila_0_0
INFO: [IP_Flow 19-6924] IPCACHE: Running cache check for IP inst: dmaSystem_inverter_0_0
INFO: [IP_Flow 19-6924] IPCACHE: Running cache check for IP inst: dmaSystem_xbar_0
[Mon Apr 13 01:29:03 2026] Launched dmaSystem_processing_system7_0_0_synth_1, dmaSystem_inverter_0_0_synth_1, dmaSystem_rst_ps7_0_50M_0_synth_1, dmaSystem_axi_dma_0_0_synth_1, dmaSystem_xbar_0_synth_1, dmaSystem_auto_pc_0_synth_1, dmaSystem_system_ila_0_0_synth_1, dmaSystem_auto_pc_1_synth_1, dmaSystem_auto_us_1_synth_1, dmaSystem_auto_us_0_synth_1, synth_1...
Run output will be captured here:
dmaSystem_processing_system7_0_0_synth_1: /dfs/usrhome/twipaa/Documents/uart/ZW02a-25_FYP_repo/DMA_SAMPLE/DMA_SYSTEM/DMA_SYSTEM.runs/dmaSystem_processing_system7_0_0_synth_1/runme.log
dmaSystem_inverter_0_0_synth_1: /dfs/usrhome/twipaa/Documents/uart/ZW02a-25_FYP_repo/DMA_SAMPLE/DMA_SYSTEM/DMA_SYSTEM.runs/dmaSystem_inverter_0_0_synth_1/runme.log
dmaSystem_rst_ps7_0_50M_0_synth_1: /dfs/usrhome/twipaa/Documents/uart/ZW02a-25_FYP_repo/DMA_SAMPLE/DMA_SYSTEM/DMA_SYSTEM.runs/dmaSystem_rst_ps7_0_50M_0_synth_1/runme.log
dmaSystem_axi_dma_0_0_synth_1: /dfs/usrhome/twipaa/Documents/uart/ZW02a-25_FYP_repo/DMA_SAMPLE/DMA_SYSTEM/DMA_SYSTEM.runs/dmaSystem_axi_dma_0_0_synth_1/runme.log
dmaSystem_xbar_0_synth_1: /dfs/usrhome/twipaa/Documents/uart/ZW02a-25_FYP_repo/DMA_SAMPLE/DMA_SYSTEM/DMA_SYSTEM.runs/dmaSystem_xbar_0_synth_1/runme.log
dmaSystem_auto_pc_0_synth_1: /dfs/usrhome/twipaa/Documents/uart/ZW02a-25_FYP_repo/DMA_SAMPLE/DMA_SYSTEM/DMA_SYSTEM.runs/dmaSystem_auto_pc_0_synth_1/runme.log
dmaSystem_system_ila_0_0_synth_1: /dfs/usrhome/twipaa/Documents/uart/ZW02a-25_FYP_repo/DMA_SAMPLE/DMA_SYSTEM/DMA_SYSTEM.runs/dmaSystem_system_ila_0_0_synth_1/runme.log
dmaSystem_auto_pc_1_synth_1: /dfs/usrhome/twipaa/Documents/uart/ZW02a-25_FYP_repo/DMA_SAMPLE/DMA_SYSTEM/DMA_SYSTEM.runs/dmaSystem_auto_pc_1_synth_1/runme.log
dmaSystem_auto_us_1_synth_1: /dfs/usrhome/twipaa/Documents/uart/ZW02a-25_FYP_repo/DMA_SAMPLE/DMA_SYSTEM/DMA_SYSTEM.runs/dmaSystem_auto_us_1_synth_1/runme.log
dmaSystem_auto_us_0_synth_1: /dfs/usrhome/twipaa/Documents/uart/ZW02a-25_FYP_repo/DMA_SAMPLE/DMA_SYSTEM/DMA_SYSTEM.runs/dmaSystem_auto_us_0_synth_1/runme.log
synth_1: /dfs/usrhome/twipaa/Documents/uart/ZW02a-25_FYP_repo/DMA_SAMPLE/DMA_SYSTEM/DMA_SYSTEM.runs/synth_1/runme.log
[Mon Apr 13 01:29:04 2026] Launched impl_1...
Run output will be captured here: /dfs/usrhome/twipaa/Documents/uart/ZW02a-25_FYP_repo/DMA_SAMPLE/DMA_SYSTEM/DMA_SYSTEM.runs/impl_1/runme.log
launch_runs: Time (s): cpu = 00:00:10 ; elapsed = 00:00:32 . Memory (MB): peak = 10573.168 ; gain = 238.094 ; free physical = 190620 ; free virtual = 220828
exit
INFO: [Common 17-206] Exiting Vivado at Mon Apr 13 01:54:55 2026...
