#-----------------------------------------------------------
# Vivado v2023.1 (64-bit)
# SW Build 3865809 on Sun May  7 15:04:56 MDT 2023
# IP Build 3864474 on Sun May  7 20:36:21 MDT 2023
# SharedData Build 3865790 on Sun May 07 13:33:03 MDT 2023
# Start of session at: Wed Apr 15 14:46:29 2026
# Process ID: 57602
# Current directory: /dfs/usrhome/twipaa/Documents/uart/ZW02a-25_FYP_repo/UART
# Command line: vivado
# Log file: /dfs/usrhome/twipaa/Documents/uart/ZW02a-25_FYP_repo/UART/vivado.log
# Journal file: /dfs/usrhome/twipaa/Documents/uart/ZW02a-25_FYP_repo/UART/vivado.jou
# Running On: ecelvd714.ece.local, OS: Linux, CPU Frequency: 2593.905 MHz, CPU Physical cores: 32, Host memory: 270292 MB
#-----------------------------------------------------------
start_gui
WARNING: [Board 49-26] cannot add Board Part xilinx.com:vek280_es:part0:1.0 available at /dfs/app/xilinx/Vivado/2023.1/data/xhub/boards/XilinxBoardStore/boards/Xilinx/vek280/es/rev_a/1.0/board.xml as part xcve2802-vsvh1760-2lp-e-s-es1 specified in board_part file is either invalid or not available
WARNING: [Board 49-26] cannot add Board Part xilinx.com:vek280_es:part0:1.1 available at /dfs/app/xilinx/Vivado/2023.1/data/xhub/boards/XilinxBoardStore/boards/Xilinx/vek280/es/rev_a/1.1/board.xml as part xcve2802-vsvh1760-2lp-e-s-es1 specified in board_part file is either invalid or not available
WARNING: [Board 49-26] cannot add Board Part xilinx.com:vek280_es_revb:part0:1.0 available at /dfs/app/xilinx/Vivado/2023.1/data/xhub/boards/XilinxBoardStore/boards/Xilinx/vek280/es/rev_b/1.0/board.xml as part xcve2802-vsvh1760-2mp-e-s-es1 specified in board_part file is either invalid or not available
WARNING: [Board 49-26] cannot add Board Part xilinx.com:vek280_es_revb:part0:1.1 available at /dfs/app/xilinx/Vivado/2023.1/data/xhub/boards/XilinxBoardStore/boards/Xilinx/vek280/es/rev_b/1.1/board.xml as part xcve2802-vsvh1760-2mp-e-s-es1 specified in board_part file is either invalid or not available
WARNING: [Board 49-26] cannot add Board Part xilinx.com:vhk158_es:part0:1.0 available at /dfs/app/xilinx/Vivado/2023.1/data/xhub/boards/XilinxBoardStore/boards/Xilinx/vhk158/es/1.0/board.xml as part xcvh1582-vsva3697-2mp-e-s-es1 specified in board_part file is either invalid or not available
WARNING: [Board 49-26] cannot add Board Part xilinx.com:vhk158_es:part0:1.1 available at /dfs/app/xilinx/Vivado/2023.1/data/xhub/boards/XilinxBoardStore/boards/Xilinx/vhk158/es/1.1/board.xml as part xcvh1582-vsva3697-2mp-e-s-es1 specified in board_part file is either invalid or not available
WARNING: [Board 49-26] cannot add Board Part xilinx.com:vpk120_es:part0:1.2 available at /dfs/app/xilinx/Vivado/2023.1/data/xhub/boards/XilinxBoardStore/boards/Xilinx/vpk120/es/1.2/board.xml as part xcvp1202-vsva2785-2mp-e-s-es1 specified in board_part file is either invalid or not available
WARNING: [Board 49-26] cannot add Board Part xilinx.com:vpk120_es:part0:1.3 available at /dfs/app/xilinx/Vivado/2023.1/data/xhub/boards/XilinxBoardStore/boards/Xilinx/vpk120/es/1.3/board.xml as part xcvp1202-vsva2785-2mp-e-s-es1 specified in board_part file is either invalid or not available
WARNING: [Board 49-26] cannot add Board Part xilinx.com:vpk120_es_revb:part0:1.0 available at /dfs/app/xilinx/Vivado/2023.1/data/xhub/boards/XilinxBoardStore/boards/Xilinx/vpk120_revb/es/1.0/board.xml as part xcvp1202-vsva2785-2mp-e-s-es1 specified in board_part file is either invalid or not available
WARNING: [Board 49-26] cannot add Board Part xilinx.com:vpk120_es_revb:part0:1.1 available at /dfs/app/xilinx/Vivado/2023.1/data/xhub/boards/XilinxBoardStore/boards/Xilinx/vpk120_revb/es/1.1/board.xml as part xcvp1202-vsva2785-2mp-e-s-es1 specified in board_part file is either invalid or not available
WARNING: [Board 49-26] cannot add Board Part xilinx.com:vpk180_es:part0:1.0 available at /dfs/app/xilinx/Vivado/2023.1/data/xhub/boards/XilinxBoardStore/boards/Xilinx/vpk180/es/1.0/board.xml as part xcvp1802-lsvc4072-2mp-e-s-es1 specified in board_part file is either invalid or not available
WARNING: [Board 49-26] cannot add Board Part xilinx.com:vpk180_es:part0:1.1 available at /dfs/app/xilinx/Vivado/2023.1/data/xhub/boards/XilinxBoardStore/boards/Xilinx/vpk180/es/1.1/board.xml as part xcvp1802-lsvc4072-2mp-e-s-es1 specified in board_part file is either invalid or not available
WARNING: [Board 49-26] cannot add Board Part xilinx.com:zcu208ld:part0:2.0 available at /dfs/app/xilinx/Vivado/2023.1/data/xhub/boards/XilinxBoardStore/boards/Xilinx/zcu208ld/production/2.0/board.xml as part xczu58dr-fsvg1517-2-i specified in board_part file is either invalid or not available
WARNING: [Board 49-26] cannot add Board Part xilinx.com:zcu216ld:part0:2.0 available at /dfs/app/xilinx/Vivado/2023.1/data/xhub/boards/XilinxBoardStore/boards/Xilinx/zcu216ld/production/2.0/board.xml as part xczu59dr-ffvf1760-2-i specified in board_part file is either invalid or not available
WARNING: [Board 49-26] cannot add Board Part xilinx.com:zcu670:part0:2.0 available at /dfs/app/xilinx/Vivado/2023.1/data/xhub/boards/XilinxBoardStore/boards/Xilinx/zcu670/2.0/board.xml as part xczu67dr-fsve1156-2-i specified in board_part file is either invalid or not available
WARNING: [Board 49-26] cannot add Board Part xilinx.com:zcu670ld:part0:1.0 available at /dfs/app/xilinx/Vivado/2023.1/data/xhub/boards/XilinxBoardStore/boards/Xilinx/zcu670ld/1.0/board.xml as part xczu57dr-fsve1156-2-i specified in board_part file is either invalid or not available
open_project /dfs/usrhome/twipaa/Documents/uart/ZW02a-25_FYP_repo/DIRECT_ACCESS/mergeTest/mergeTest.xpr
Scanning sources...
Finished scanning sources
INFO: [IP_Flow 19-234] Refreshing IP repositories
INFO: [IP_Flow 19-1700] Loaded user IP repository '/dfs/usrhome/twipaa/Documents/uart/ZW02a-25_FYP_repo/DIRECT_ACCESS/ip_repo'.
INFO: [IP_Flow 19-2313] Loaded Vivado IP repository '/usr/eelocal/xilinx/Vivado/2023.1/data/ip'.
WARNING: [IP_Flow 19-3664] IP 'MergeTest_merge_0_0' generated file not found '/dfs/usrhome/twipaa/Documents/uart/ZW02a-25_FYP_repo/DIRECT_ACCESS/mergeTest/mergeTest.gen/sources_1/bd/MergeTest/ip/MergeTest_merge_0_0/MergeTest_merge_0_0.dcp'. Please regenerate to continue.
WARNING: [IP_Flow 19-3664] IP 'MergeTest_merge_0_0' generated file not found '/dfs/usrhome/twipaa/Documents/uart/ZW02a-25_FYP_repo/DIRECT_ACCESS/mergeTest/mergeTest.gen/sources_1/bd/MergeTest/ip/MergeTest_merge_0_0/MergeTest_merge_0_0_stub.v'. Please regenerate to continue.
WARNING: [IP_Flow 19-3664] IP 'MergeTest_merge_0_0' generated file not found '/dfs/usrhome/twipaa/Documents/uart/ZW02a-25_FYP_repo/DIRECT_ACCESS/mergeTest/mergeTest.gen/sources_1/bd/MergeTest/ip/MergeTest_merge_0_0/MergeTest_merge_0_0_stub.vhdl'. Please regenerate to continue.
WARNING: [IP_Flow 19-3664] IP 'MergeTest_merge_0_0' generated file not found '/dfs/usrhome/twipaa/Documents/uart/ZW02a-25_FYP_repo/DIRECT_ACCESS/mergeTest/mergeTest.gen/sources_1/bd/MergeTest/ip/MergeTest_merge_0_0/MergeTest_merge_0_0_sim_netlist.v'. Please regenerate to continue.
WARNING: [IP_Flow 19-3664] IP 'MergeTest_merge_0_0' generated file not found '/dfs/usrhome/twipaa/Documents/uart/ZW02a-25_FYP_repo/DIRECT_ACCESS/mergeTest/mergeTest.gen/sources_1/bd/MergeTest/ip/MergeTest_merge_0_0/MergeTest_merge_0_0_sim_netlist.vhdl'. Please regenerate to continue.
open_project: Time (s): cpu = 00:00:11 ; elapsed = 00:00:09 . Memory (MB): peak = 9253.809 ; gain = 281.641 ; free physical = 143189 ; free virtual = 193231
update_compile_order -fileset sources_1
open_bd_design {/dfs/usrhome/twipaa/Documents/uart/ZW02a-25_FYP_repo/DIRECT_ACCESS/mergeTest/mergeTest.srcs/sources_1/bd/MergeTest/MergeTest.bd}
Reading block design file </dfs/usrhome/twipaa/Documents/uart/ZW02a-25_FYP_repo/DIRECT_ACCESS/mergeTest/mergeTest.srcs/sources_1/bd/MergeTest/MergeTest.bd>...
Adding component instance block -- xilinx.com:ip:processing_system7:5.5 - processing_system7_0
Adding component instance block -- user.org:user:merge:1.0 - merge_0
Adding component instance block -- xilinx.com:ip:axi_interconnect:2.1 - ps7_0_axi_periph
Adding component instance block -- xilinx.com:ip:axi_protocol_converter:2.1 - auto_pc
Adding component instance block -- xilinx.com:ip:proc_sys_reset:5.0 - rst_ps7_0_50M
Successfully read diagram <MergeTest> from block design file </dfs/usrhome/twipaa/Documents/uart/ZW02a-25_FYP_repo/DIRECT_ACCESS/mergeTest/mergeTest.srcs/sources_1/bd/MergeTest/MergeTest.bd>
open_bd_design: Time (s): cpu = 00:00:02 ; elapsed = 00:00:09 . Memory (MB): peak = 9432.820 ; gain = 0.000 ; free physical = 143115 ; free virtual = 193163
delete_bd_objs [get_bd_intf_nets ps7_0_axi_periph_M00_AXI] [get_bd_cells merge_0]
startgroup
create_bd_cell -type ip -vlnv user.org:user:merge:1.0 merge_0
endgroup
set_property location {2.5 886 113} [get_bd_cells merge_0]
apply_bd_automation -rule xilinx.com:bd_rule:axi4 -config { Clk_master {/processing_system7_0/FCLK_CLK0 (50 MHz)} Clk_slave {Auto} Clk_xbar {/processing_system7_0/FCLK_CLK0 (50 MHz)} Master {/processing_system7_0/M_AXI_GP0} Slave {/merge_0/S00_AXI} ddr_seg {Auto} intc_ip {/ps7_0_axi_periph} master_apm {0}}  [get_bd_intf_pins merge_0/S00_AXI]
Slave segment '/merge_0/S00_AXI/S00_AXI_reg' is being assigned into address space '/processing_system7_0/Data' at <0x43C0_0000 [ 64K ]>.
delete_bd_objs [get_bd_intf_nets ps7_0_axi_periph_M00_AXI] [get_bd_cells merge_0]
update_ip_catalog -rebuild
INFO: [IP_Flow 19-234] Refreshing IP repositories
INFO: [IP_Flow 19-1700] Loaded user IP repository '/dfs/usrhome/twipaa/Documents/uart/ZW02a-25_FYP_repo/DIRECT_ACCESS/ip_repo'.
startgroup
create_bd_cell -type ip -vlnv user.org:user:merge:1.0 merge_0
endgroup
set_property location {2.5 918 109} [get_bd_cells merge_0]
apply_bd_automation -rule xilinx.com:bd_rule:axi4 -config { Clk_master {/processing_system7_0/FCLK_CLK0 (50 MHz)} Clk_slave {Auto} Clk_xbar {/processing_system7_0/FCLK_CLK0 (50 MHz)} Master {/processing_system7_0/M_AXI_GP0} Slave {/merge_0/S00_AXI} ddr_seg {Auto} intc_ip {/ps7_0_axi_periph} master_apm {0}}  [get_bd_intf_pins merge_0/S00_AXI]
Slave segment '/merge_0/S00_AXI/S00_AXI_reg' is being assigned into address space '/processing_system7_0/Data' at <0x43C0_0000 [ 64K ]>.
set_property  ip_repo_paths  {/dfs/usrhome/twipaa/Documents/uart/ZW02a-25_FYP_repo/DIRECT_ACCESS/ip_repo /dfs/usrhome/twipaa/Documents/uart/ZW02a-25_FYP_repo/ip_repo} [current_project]
update_ip_catalog
INFO: [IP_Flow 19-234] Refreshing IP repositories
INFO: [IP_Flow 19-1700] Loaded user IP repository '/dfs/usrhome/twipaa/Documents/uart/ZW02a-25_FYP_repo/DIRECT_ACCESS/ip_repo'.
INFO: [IP_Flow 19-1700] Loaded user IP repository '/dfs/usrhome/twipaa/Documents/uart/ZW02a-25_FYP_repo/ip_repo'.
save_bd_design
Wrote  : </dfs/usrhome/twipaa/Documents/uart/ZW02a-25_FYP_repo/DIRECT_ACCESS/mergeTest/mergeTest.srcs/sources_1/bd/MergeTest/MergeTest.bd> 
Wrote  : </dfs/usrhome/twipaa/Documents/uart/ZW02a-25_FYP_repo/DIRECT_ACCESS/mergeTest/mergeTest.srcs/sources_1/bd/MergeTest/ui/bd_2264e7ea.ui> 
exit
INFO: [Common 17-206] Exiting Vivado at Wed Apr 15 17:09:02 2026...
