
*** Running vivado
    with args -log tpu.vds -m64 -product Vivado -mode batch -messageDb vivado.pb -notrace -source tpu.tcl


****** Vivado v2023.1 (64-bit)
  **** SW Build 3865809 on Sun May  7 15:04:56 MDT 2023
  **** IP Build 3864474 on Sun May  7 20:36:21 MDT 2023
  **** SharedData Build 3865790 on Sun May 07 13:33:03 MDT 2023
    ** Copyright 1986-2022 Xilinx, Inc. All Rights Reserved.
    ** Copyright 2022-2023 Advanced Micro Devices, Inc. All Rights Reserved.

source tpu.tcl -notrace
Command: read_checkpoint -auto_incremental -incremental /dfs/usrhome/twipaa/Documents/fpga/ZW02a-25_FYP_repo/fpga/ZW02a-25_FYP/ZW02a-25_FYP.srcs/utils_1/imports/synth_1/tpu.dcp
INFO: [Vivado 12-5825] Read reference checkpoint from /dfs/usrhome/twipaa/Documents/fpga/ZW02a-25_FYP_repo/fpga/ZW02a-25_FYP/ZW02a-25_FYP.srcs/utils_1/imports/synth_1/tpu.dcp for incremental synthesis
INFO: [Vivado 12-7989] Please ensure there are no constraint changes
Command: synth_design -top tpu -part xc7z020clg484-1
Starting synth_design
Attempting to get a license for feature 'Synthesis' and/or device 'xc7z020'
INFO: [Common 17-349] Got license for feature 'Synthesis' and/or device 'xc7z020'
INFO: [Device 21-403] Loading part xc7z020clg484-1
INFO: [Synth 8-7079] Multithreading enabled for synth_design using a maximum of 4 processes.
INFO: [Synth 8-7078] Launching helper process for spawning children vivado processes
INFO: [Synth 8-7075] Helper process launched with PID 71187
WARNING: [Synth 8-10714] extra semicolon is not allowed here in this dialect; use SystemVerilog mode instead [/dfs/usrhome/twipaa/Documents/fpga/ZW02a-25_FYP_repo/rtl/axi_read_intf.v:252]
INFO: [Synth 8-11241] undeclared symbol 'idu_alu_op', assumed default net type 'wire' [/dfs/usrhome/twipaa/Documents/fpga/ZW02a-25_FYP_repo/rtl/idu.v:450]
INFO: [Synth 8-11241] undeclared symbol 'idu_alu_funct3', assumed default net type 'wire' [/dfs/usrhome/twipaa/Documents/fpga/ZW02a-25_FYP_repo/rtl/idu.v:451]
INFO: [Synth 8-11241] undeclared symbol 'idu_alu_funct7', assumed default net type 'wire' [/dfs/usrhome/twipaa/Documents/fpga/ZW02a-25_FYP_repo/rtl/idu.v:452]
INFO: [Synth 8-11241] undeclared symbol 'lsu_st_vld', assumed default net type 'wire' [/dfs/usrhome/twipaa/Documents/fpga/ZW02a-25_FYP_repo/rtl/lsu.v:747]
INFO: [Synth 8-11241] undeclared symbol 'lsu_st_mm_vld', assumed default net type 'wire' [/dfs/usrhome/twipaa/Documents/fpga/ZW02a-25_FYP_repo/rtl/lsu.v:748]
INFO: [Synth 8-11241] undeclared symbol 'lsu_st_type2_bresp_resend_last', assumed default net type 'wire' [/dfs/usrhome/twipaa/Documents/fpga/ZW02a-25_FYP_repo/rtl/lsu.v:1174]
INFO: [Synth 8-11241] undeclared symbol 'lsu_st_type2_bresp_resend_sram_addr', assumed default net type 'wire' [/dfs/usrhome/twipaa/Documents/fpga/ZW02a-25_FYP_repo/rtl/lsu.v:1226]
INFO: [Synth 8-11241] undeclared symbol 'lsu_st_type1_done', assumed default net type 'wire' [/dfs/usrhome/twipaa/Documents/fpga/ZW02a-25_FYP_repo/rtl/lsu.v:1291]
INFO: [Synth 8-11241] undeclared symbol 'lsu_ld_vld', assumed default net type 'wire' [/dfs/usrhome/twipaa/Documents/fpga/ZW02a-25_FYP_repo/rtl/lsu.v:1490]
INFO: [Synth 8-11241] undeclared symbol 'lsu_ld_sram_chunk_cnt_nxt', assumed default net type 'wire' [/dfs/usrhome/twipaa/Documents/fpga/ZW02a-25_FYP_repo/rtl/lsu.v:1698]
INFO: [Synth 8-11241] undeclared symbol 'acc_clr_qual', assumed default net type 'wire' [/dfs/usrhome/twipaa/Documents/fpga/ZW02a-25_FYP_repo/rtl/mxu.v:244]
WARNING: [Synth 8-10714] extra semicolon is not allowed here in this dialect; use SystemVerilog mode instead [/dfs/usrhome/twipaa/Documents/fpga/ZW02a-25_FYP_repo/rtl/rf.v:33]
---------------------------------------------------------------------------------
Starting RTL Elaboration : Time (s): cpu = 00:00:03 ; elapsed = 00:00:03 . Memory (MB): peak = 3309.320 ; gain = 377.555 ; free physical = 206584 ; free virtual = 224088
---------------------------------------------------------------------------------
INFO: [Synth 8-6157] synthesizing module 'tpu' [/dfs/usrhome/twipaa/Documents/fpga/ZW02a-25_FYP_repo/rtl/tpu.v:1]
INFO: [Synth 8-6157] synthesizing module 'ifu' [/dfs/usrhome/twipaa/Documents/fpga/ZW02a-25_FYP_repo/rtl/ifu.v:1]
INFO: [Synth 8-6157] synthesizing module 'DFFR' [/dfs/usrhome/twipaa/Documents/fpga/ZW02a-25_FYP_repo/rtl/lib/DFFR.v:1]
	Parameter WIDTH bound to: 1 - type: integer 
INFO: [Synth 8-6155] done synthesizing module 'DFFR' (0#1) [/dfs/usrhome/twipaa/Documents/fpga/ZW02a-25_FYP_repo/rtl/lib/DFFR.v:1]
INFO: [Synth 8-6157] synthesizing module 'DFFE' [/dfs/usrhome/twipaa/Documents/fpga/ZW02a-25_FYP_repo/rtl/lib/DFFE.v:1]
	Parameter WIDTH bound to: 12 - type: integer 
INFO: [Synth 8-6155] done synthesizing module 'DFFE' (0#1) [/dfs/usrhome/twipaa/Documents/fpga/ZW02a-25_FYP_repo/rtl/lib/DFFE.v:1]
INFO: [Synth 8-6157] synthesizing module 'mem_wrapper' [/dfs/usrhome/twipaa/Documents/fpga/ZW02a-25_FYP_repo/fpga/ZW02a-25_FYP/ZW02a-25_FYP.runs/synth_1/.Xil/Vivado-71123-ecelvd711.ece.local/realtime/mem_wrapper_stub.v:6]
INFO: [Synth 8-6155] done synthesizing module 'mem_wrapper' (0#1) [/dfs/usrhome/twipaa/Documents/fpga/ZW02a-25_FYP_repo/fpga/ZW02a-25_FYP/ZW02a-25_FYP.runs/synth_1/.Xil/Vivado-71123-ecelvd711.ece.local/realtime/mem_wrapper_stub.v:6]
INFO: [Synth 8-6155] done synthesizing module 'ifu' (0#1) [/dfs/usrhome/twipaa/Documents/fpga/ZW02a-25_FYP_repo/rtl/ifu.v:1]
INFO: [Synth 8-6157] synthesizing module 'idu' [/dfs/usrhome/twipaa/Documents/fpga/ZW02a-25_FYP_repo/rtl/idu.v:1]
INFO: [Synth 8-6157] synthesizing module 'DFFE__parameterized0' [/dfs/usrhome/twipaa/Documents/fpga/ZW02a-25_FYP_repo/rtl/lib/DFFE.v:1]
	Parameter WIDTH bound to: 32 - type: integer 
INFO: [Synth 8-6155] done synthesizing module 'DFFE__parameterized0' (0#1) [/dfs/usrhome/twipaa/Documents/fpga/ZW02a-25_FYP_repo/rtl/lib/DFFE.v:1]
INFO: [Synth 8-6157] synthesizing module 'DFFRE' [/dfs/usrhome/twipaa/Documents/fpga/ZW02a-25_FYP_repo/rtl/lib/DFFRE.v:1]
	Parameter WIDTH bound to: 1 - type: integer 
INFO: [Synth 8-6155] done synthesizing module 'DFFRE' (0#1) [/dfs/usrhome/twipaa/Documents/fpga/ZW02a-25_FYP_repo/rtl/lib/DFFRE.v:1]
INFO: [Synth 8-6157] synthesizing module 'DFFE__parameterized1' [/dfs/usrhome/twipaa/Documents/fpga/ZW02a-25_FYP_repo/rtl/lib/DFFE.v:1]
	Parameter WIDTH bound to: 1 - type: integer 
INFO: [Synth 8-6155] done synthesizing module 'DFFE__parameterized1' (0#1) [/dfs/usrhome/twipaa/Documents/fpga/ZW02a-25_FYP_repo/rtl/lib/DFFE.v:1]
INFO: [Synth 8-6155] done synthesizing module 'idu' (0#1) [/dfs/usrhome/twipaa/Documents/fpga/ZW02a-25_FYP_repo/rtl/idu.v:1]
INFO: [Synth 8-6157] synthesizing module 'alu' [/dfs/usrhome/twipaa/Documents/fpga/ZW02a-25_FYP_repo/rtl/alu.v:1]
INFO: [Synth 8-6157] synthesizing module 'DFFE__parameterized2' [/dfs/usrhome/twipaa/Documents/fpga/ZW02a-25_FYP_repo/rtl/lib/DFFE.v:1]
	Parameter WIDTH bound to: 5 - type: integer 
INFO: [Synth 8-6155] done synthesizing module 'DFFE__parameterized2' (0#1) [/dfs/usrhome/twipaa/Documents/fpga/ZW02a-25_FYP_repo/rtl/lib/DFFE.v:1]
INFO: [Synth 8-6157] synthesizing module 'DFFE__parameterized3' [/dfs/usrhome/twipaa/Documents/fpga/ZW02a-25_FYP_repo/rtl/lib/DFFE.v:1]
	Parameter WIDTH bound to: 8 - type: integer 
INFO: [Synth 8-6155] done synthesizing module 'DFFE__parameterized3' (0#1) [/dfs/usrhome/twipaa/Documents/fpga/ZW02a-25_FYP_repo/rtl/lib/DFFE.v:1]
INFO: [Synth 8-6157] synthesizing module 'DFFE__parameterized4' [/dfs/usrhome/twipaa/Documents/fpga/ZW02a-25_FYP_repo/rtl/lib/DFFE.v:1]
	Parameter WIDTH bound to: 3 - type: integer 
INFO: [Synth 8-6155] done synthesizing module 'DFFE__parameterized4' (0#1) [/dfs/usrhome/twipaa/Documents/fpga/ZW02a-25_FYP_repo/rtl/lib/DFFE.v:1]
INFO: [Synth 8-6157] synthesizing module 'DFFE__parameterized5' [/dfs/usrhome/twipaa/Documents/fpga/ZW02a-25_FYP_repo/rtl/lib/DFFE.v:1]
	Parameter WIDTH bound to: 4 - type: integer 
INFO: [Synth 8-6155] done synthesizing module 'DFFE__parameterized5' (0#1) [/dfs/usrhome/twipaa/Documents/fpga/ZW02a-25_FYP_repo/rtl/lib/DFFE.v:1]
INFO: [Synth 8-6157] synthesizing module 'DFFE__parameterized6' [/dfs/usrhome/twipaa/Documents/fpga/ZW02a-25_FYP_repo/rtl/lib/DFFE.v:1]
	Parameter WIDTH bound to: 13 - type: integer 
INFO: [Synth 8-6155] done synthesizing module 'DFFE__parameterized6' (0#1) [/dfs/usrhome/twipaa/Documents/fpga/ZW02a-25_FYP_repo/rtl/lib/DFFE.v:1]
INFO: [Synth 8-6157] synthesizing module 'DFFE__parameterized7' [/dfs/usrhome/twipaa/Documents/fpga/ZW02a-25_FYP_repo/rtl/lib/DFFE.v:1]
	Parameter WIDTH bound to: 2 - type: integer 
INFO: [Synth 8-6155] done synthesizing module 'DFFE__parameterized7' (0#1) [/dfs/usrhome/twipaa/Documents/fpga/ZW02a-25_FYP_repo/rtl/lib/DFFE.v:1]
INFO: [Synth 8-6155] done synthesizing module 'alu' (0#1) [/dfs/usrhome/twipaa/Documents/fpga/ZW02a-25_FYP_repo/rtl/alu.v:1]
INFO: [Synth 8-6157] synthesizing module 'lsu' [/dfs/usrhome/twipaa/Documents/fpga/ZW02a-25_FYP_repo/rtl/lsu.v:1]
INFO: [Synth 8-6157] synthesizing module 'DFFRE__parameterized0' [/dfs/usrhome/twipaa/Documents/fpga/ZW02a-25_FYP_repo/rtl/lib/DFFRE.v:1]
	Parameter WIDTH bound to: 12 - type: integer 
INFO: [Synth 8-6155] done synthesizing module 'DFFRE__parameterized0' (0#1) [/dfs/usrhome/twipaa/Documents/fpga/ZW02a-25_FYP_repo/rtl/lib/DFFRE.v:1]
INFO: [Synth 8-6157] synthesizing module 'DFFRE__parameterized1' [/dfs/usrhome/twipaa/Documents/fpga/ZW02a-25_FYP_repo/rtl/lib/DFFRE.v:1]
	Parameter WIDTH bound to: 4 - type: integer 
INFO: [Synth 8-6155] done synthesizing module 'DFFRE__parameterized1' (0#1) [/dfs/usrhome/twipaa/Documents/fpga/ZW02a-25_FYP_repo/rtl/lib/DFFRE.v:1]
INFO: [Synth 8-6157] synthesizing module 'DFFRE__parameterized2' [/dfs/usrhome/twipaa/Documents/fpga/ZW02a-25_FYP_repo/rtl/lib/DFFRE.v:1]
	Parameter WIDTH bound to: 2 - type: integer 
INFO: [Synth 8-6155] done synthesizing module 'DFFRE__parameterized2' (0#1) [/dfs/usrhome/twipaa/Documents/fpga/ZW02a-25_FYP_repo/rtl/lib/DFFRE.v:1]
INFO: [Synth 8-6157] synthesizing module 'DFFRE__parameterized3' [/dfs/usrhome/twipaa/Documents/fpga/ZW02a-25_FYP_repo/rtl/lib/DFFRE.v:1]
	Parameter WIDTH bound to: 8 - type: integer 
INFO: [Synth 8-6155] done synthesizing module 'DFFRE__parameterized3' (0#1) [/dfs/usrhome/twipaa/Documents/fpga/ZW02a-25_FYP_repo/rtl/lib/DFFRE.v:1]
INFO: [Synth 8-6157] synthesizing module 'DFFRE__parameterized4' [/dfs/usrhome/twipaa/Documents/fpga/ZW02a-25_FYP_repo/rtl/lib/DFFRE.v:1]
	Parameter WIDTH bound to: 10 - type: integer 
INFO: [Synth 8-6155] done synthesizing module 'DFFRE__parameterized4' (0#1) [/dfs/usrhome/twipaa/Documents/fpga/ZW02a-25_FYP_repo/rtl/lib/DFFRE.v:1]
INFO: [Synth 8-6157] synthesizing module 'DFFRE__parameterized5' [/dfs/usrhome/twipaa/Documents/fpga/ZW02a-25_FYP_repo/rtl/lib/DFFRE.v:1]
	Parameter WIDTH bound to: 3 - type: integer 
INFO: [Synth 8-6155] done synthesizing module 'DFFRE__parameterized5' (0#1) [/dfs/usrhome/twipaa/Documents/fpga/ZW02a-25_FYP_repo/rtl/lib/DFFRE.v:1]
INFO: [Synth 8-6157] synthesizing module 'DFFRE__parameterized6' [/dfs/usrhome/twipaa/Documents/fpga/ZW02a-25_FYP_repo/rtl/lib/DFFRE.v:1]
	Parameter WIDTH bound to: 5 - type: integer 
INFO: [Synth 8-6155] done synthesizing module 'DFFRE__parameterized6' (0#1) [/dfs/usrhome/twipaa/Documents/fpga/ZW02a-25_FYP_repo/rtl/lib/DFFRE.v:1]
INFO: [Synth 8-6157] synthesizing module 'DFFRE__parameterized7' [/dfs/usrhome/twipaa/Documents/fpga/ZW02a-25_FYP_repo/rtl/lib/DFFRE.v:1]
	Parameter WIDTH bound to: 13 - type: integer 
INFO: [Synth 8-6155] done synthesizing module 'DFFRE__parameterized7' (0#1) [/dfs/usrhome/twipaa/Documents/fpga/ZW02a-25_FYP_repo/rtl/lib/DFFRE.v:1]
INFO: [Synth 8-6157] synthesizing module 'resp_data_get' [/dfs/usrhome/twipaa/Documents/fpga/ZW02a-25_FYP_repo/rtl/lib/resp_data_get.v:1]
INFO: [Synth 8-226] default block is never used [/dfs/usrhome/twipaa/Documents/fpga/ZW02a-25_FYP_repo/rtl/lib/resp_data_get.v:12]
INFO: [Synth 8-6155] done synthesizing module 'resp_data_get' (0#1) [/dfs/usrhome/twipaa/Documents/fpga/ZW02a-25_FYP_repo/rtl/lib/resp_data_get.v:1]
INFO: [Synth 8-6157] synthesizing module 'dec5to32' [/dfs/usrhome/twipaa/Documents/fpga/ZW02a-25_FYP_repo/rtl/lib/dec5to32.v:1]
INFO: [Synth 8-226] default block is never used [/dfs/usrhome/twipaa/Documents/fpga/ZW02a-25_FYP_repo/rtl/lib/dec5to32.v:9]
INFO: [Synth 8-6155] done synthesizing module 'dec5to32' (0#1) [/dfs/usrhome/twipaa/Documents/fpga/ZW02a-25_FYP_repo/rtl/lib/dec5to32.v:1]
INFO: [Synth 8-6157] synthesizing module 'resp_assign' [/dfs/usrhome/twipaa/Documents/fpga/ZW02a-25_FYP_repo/rtl/lib/resp_assign.v:1]
INFO: [Synth 8-226] default block is never used [/dfs/usrhome/twipaa/Documents/fpga/ZW02a-25_FYP_repo/rtl/lib/resp_assign.v:12]
INFO: [Synth 8-6155] done synthesizing module 'resp_assign' (0#1) [/dfs/usrhome/twipaa/Documents/fpga/ZW02a-25_FYP_repo/rtl/lib/resp_assign.v:1]
INFO: [Synth 8-6157] synthesizing module 'dec8to3' [/dfs/usrhome/twipaa/Documents/fpga/ZW02a-25_FYP_repo/rtl/lib/dec8to4.v:1]
WARNING: [Synth 8-153] case item 32'b0000000000000000000000001xxxxxxx will never be executed [/dfs/usrhome/twipaa/Documents/fpga/ZW02a-25_FYP_repo/rtl/lib/dec8to4.v:10]
WARNING: [Synth 8-153] case item 32'b00000000000000000000000001xxxxxx will never be executed [/dfs/usrhome/twipaa/Documents/fpga/ZW02a-25_FYP_repo/rtl/lib/dec8to4.v:10]
WARNING: [Synth 8-153] case item 32'b000000000000000000000000001xxxxx will never be executed [/dfs/usrhome/twipaa/Documents/fpga/ZW02a-25_FYP_repo/rtl/lib/dec8to4.v:10]
WARNING: [Synth 8-153] case item 32'b0000000000000000000000000001xxxx will never be executed [/dfs/usrhome/twipaa/Documents/fpga/ZW02a-25_FYP_repo/rtl/lib/dec8to4.v:10]
WARNING: [Synth 8-153] case item 32'b00000000000000000000000000001xxx will never be executed [/dfs/usrhome/twipaa/Documents/fpga/ZW02a-25_FYP_repo/rtl/lib/dec8to4.v:10]
WARNING: [Synth 8-153] case item 32'b000000000000000000000000000001xx will never be executed [/dfs/usrhome/twipaa/Documents/fpga/ZW02a-25_FYP_repo/rtl/lib/dec8to4.v:10]
WARNING: [Synth 8-153] case item 32'b0000000000000000000000000000001x will never be executed [/dfs/usrhome/twipaa/Documents/fpga/ZW02a-25_FYP_repo/rtl/lib/dec8to4.v:10]
INFO: [Synth 8-6155] done synthesizing module 'dec8to3' (0#1) [/dfs/usrhome/twipaa/Documents/fpga/ZW02a-25_FYP_repo/rtl/lib/dec8to4.v:1]
INFO: [Synth 8-6157] synthesizing module 'mux8' [/dfs/usrhome/twipaa/Documents/fpga/ZW02a-25_FYP_repo/rtl/lib/mxu8.v:1]
INFO: [Synth 8-6155] done synthesizing module 'mux8' (0#1) [/dfs/usrhome/twipaa/Documents/fpga/ZW02a-25_FYP_repo/rtl/lib/mxu8.v:1]
INFO: [Synth 8-6157] synthesizing module 'dec32to5' [/dfs/usrhome/twipaa/Documents/fpga/ZW02a-25_FYP_repo/rtl/lib/dec32to5.v:1]
WARNING: [Synth 8-153] case item 32'b1xxxxxxxxxxxxxxxxxxxxxxxxxxxxxxx will never be executed [/dfs/usrhome/twipaa/Documents/fpga/ZW02a-25_FYP_repo/rtl/lib/dec32to5.v:10]
WARNING: [Synth 8-153] case item 32'b01xxxxxxxxxxxxxxxxxxxxxxxxxxxxxx will never be executed [/dfs/usrhome/twipaa/Documents/fpga/ZW02a-25_FYP_repo/rtl/lib/dec32to5.v:10]
WARNING: [Synth 8-153] case item 32'b001xxxxxxxxxxxxxxxxxxxxxxxxxxxxx will never be executed [/dfs/usrhome/twipaa/Documents/fpga/ZW02a-25_FYP_repo/rtl/lib/dec32to5.v:10]
WARNING: [Synth 8-153] case item 32'b0001xxxxxxxxxxxxxxxxxxxxxxxxxxxx will never be executed [/dfs/usrhome/twipaa/Documents/fpga/ZW02a-25_FYP_repo/rtl/lib/dec32to5.v:10]
WARNING: [Synth 8-153] case item 32'b00001xxxxxxxxxxxxxxxxxxxxxxxxxxx will never be executed [/dfs/usrhome/twipaa/Documents/fpga/ZW02a-25_FYP_repo/rtl/lib/dec32to5.v:10]
WARNING: [Synth 8-153] case item 32'b000001xxxxxxxxxxxxxxxxxxxxxxxxxx will never be executed [/dfs/usrhome/twipaa/Documents/fpga/ZW02a-25_FYP_repo/rtl/lib/dec32to5.v:10]
WARNING: [Synth 8-153] case item 32'b0000001xxxxxxxxxxxxxxxxxxxxxxxxx will never be executed [/dfs/usrhome/twipaa/Documents/fpga/ZW02a-25_FYP_repo/rtl/lib/dec32to5.v:10]
WARNING: [Synth 8-153] case item 32'b00000001xxxxxxxxxxxxxxxxxxxxxxxx will never be executed [/dfs/usrhome/twipaa/Documents/fpga/ZW02a-25_FYP_repo/rtl/lib/dec32to5.v:10]
WARNING: [Synth 8-153] case item 32'b000000001xxxxxxxxxxxxxxxxxxxxxxx will never be executed [/dfs/usrhome/twipaa/Documents/fpga/ZW02a-25_FYP_repo/rtl/lib/dec32to5.v:10]
WARNING: [Synth 8-153] case item 32'b0000000001xxxxxxxxxxxxxxxxxxxxxx will never be executed [/dfs/usrhome/twipaa/Documents/fpga/ZW02a-25_FYP_repo/rtl/lib/dec32to5.v:10]
WARNING: [Synth 8-153] case item 32'b00000000001xxxxxxxxxxxxxxxxxxxxx will never be executed [/dfs/usrhome/twipaa/Documents/fpga/ZW02a-25_FYP_repo/rtl/lib/dec32to5.v:10]
WARNING: [Synth 8-153] case item 32'b000000000001xxxxxxxxxxxxxxxxxxxx will never be executed [/dfs/usrhome/twipaa/Documents/fpga/ZW02a-25_FYP_repo/rtl/lib/dec32to5.v:10]
WARNING: [Synth 8-153] case item 32'b0000000000001xxxxxxxxxxxxxxxxxxx will never be executed [/dfs/usrhome/twipaa/Documents/fpga/ZW02a-25_FYP_repo/rtl/lib/dec32to5.v:10]
WARNING: [Synth 8-153] case item 32'b00000000000001xxxxxxxxxxxxxxxxxx will never be executed [/dfs/usrhome/twipaa/Documents/fpga/ZW02a-25_FYP_repo/rtl/lib/dec32to5.v:10]
WARNING: [Synth 8-153] case item 32'b000000000000001xxxxxxxxxxxxxxxxx will never be executed [/dfs/usrhome/twipaa/Documents/fpga/ZW02a-25_FYP_repo/rtl/lib/dec32to5.v:10]
WARNING: [Synth 8-153] case item 32'b00000000000000x1xxxxxxxxxxxxxxxx will never be executed [/dfs/usrhome/twipaa/Documents/fpga/ZW02a-25_FYP_repo/rtl/lib/dec32to5.v:10]
WARNING: [Synth 8-153] case item 32'b00000000000000001xxxxxxxxxxxxxxx will never be executed [/dfs/usrhome/twipaa/Documents/fpga/ZW02a-25_FYP_repo/rtl/lib/dec32to5.v:10]
WARNING: [Synth 8-153] case item 32'b000000000000000001xxxxxxxxxxxxxx will never be executed [/dfs/usrhome/twipaa/Documents/fpga/ZW02a-25_FYP_repo/rtl/lib/dec32to5.v:10]
WARNING: [Synth 8-153] case item 32'b0000000000000000001xxxxxxxxxxxxx will never be executed [/dfs/usrhome/twipaa/Documents/fpga/ZW02a-25_FYP_repo/rtl/lib/dec32to5.v:10]
WARNING: [Synth 8-153] case item 32'b00000000000000000001xxxxxxxxxxxx will never be executed [/dfs/usrhome/twipaa/Documents/fpga/ZW02a-25_FYP_repo/rtl/lib/dec32to5.v:10]
WARNING: [Synth 8-153] case item 32'b000000000000000000001xxxxxxxxxxx will never be executed [/dfs/usrhome/twipaa/Documents/fpga/ZW02a-25_FYP_repo/rtl/lib/dec32to5.v:10]
WARNING: [Synth 8-153] case item 32'b0000000000000000000001xxxxxxxxxx will never be executed [/dfs/usrhome/twipaa/Documents/fpga/ZW02a-25_FYP_repo/rtl/lib/dec32to5.v:10]
WARNING: [Synth 8-153] case item 32'b00000000000000000000001xxxxxxxxx will never be executed [/dfs/usrhome/twipaa/Documents/fpga/ZW02a-25_FYP_repo/rtl/lib/dec32to5.v:10]
WARNING: [Synth 8-153] case item 32'b000000000000000000000001xxxxxxxx will never be executed [/dfs/usrhome/twipaa/Documents/fpga/ZW02a-25_FYP_repo/rtl/lib/dec32to5.v:10]
WARNING: [Synth 8-153] case item 32'b0000000000000000000000001xxxxxxx will never be executed [/dfs/usrhome/twipaa/Documents/fpga/ZW02a-25_FYP_repo/rtl/lib/dec32to5.v:10]
WARNING: [Synth 8-153] case item 32'b00000000000000000000000001xxxxxx will never be executed [/dfs/usrhome/twipaa/Documents/fpga/ZW02a-25_FYP_repo/rtl/lib/dec32to5.v:10]
WARNING: [Synth 8-153] case item 32'b000000000000000000000000001xxxxx will never be executed [/dfs/usrhome/twipaa/Documents/fpga/ZW02a-25_FYP_repo/rtl/lib/dec32to5.v:10]
WARNING: [Synth 8-153] case item 32'b0000000000000000000000000001xxxx will never be executed [/dfs/usrhome/twipaa/Documents/fpga/ZW02a-25_FYP_repo/rtl/lib/dec32to5.v:10]
WARNING: [Synth 8-153] case item 32'b00000000000000000000000000001xxx will never be executed [/dfs/usrhome/twipaa/Documents/fpga/ZW02a-25_FYP_repo/rtl/lib/dec32to5.v:10]
WARNING: [Synth 8-153] case item 32'b000000000000000000000000000001xx will never be executed [/dfs/usrhome/twipaa/Documents/fpga/ZW02a-25_FYP_repo/rtl/lib/dec32to5.v:10]
WARNING: [Synth 8-153] case item 32'b0000000000000000000000000000001x will never be executed [/dfs/usrhome/twipaa/Documents/fpga/ZW02a-25_FYP_repo/rtl/lib/dec32to5.v:10]
INFO: [Synth 8-6155] done synthesizing module 'dec32to5' (0#1) [/dfs/usrhome/twipaa/Documents/fpga/ZW02a-25_FYP_repo/rtl/lib/dec32to5.v:1]
INFO: [Synth 8-6157] synthesizing module 'DFFR__parameterized0' [/dfs/usrhome/twipaa/Documents/fpga/ZW02a-25_FYP_repo/rtl/lib/DFFR.v:1]
	Parameter WIDTH bound to: 8 - type: integer 
INFO: [Synth 8-6155] done synthesizing module 'DFFR__parameterized0' (0#1) [/dfs/usrhome/twipaa/Documents/fpga/ZW02a-25_FYP_repo/rtl/lib/DFFR.v:1]
INFO: [Synth 8-6157] synthesizing module 'DFFRE__parameterized8' [/dfs/usrhome/twipaa/Documents/fpga/ZW02a-25_FYP_repo/rtl/lib/DFFRE.v:1]
	Parameter WIDTH bound to: 9 - type: integer 
INFO: [Synth 8-6155] done synthesizing module 'DFFRE__parameterized8' (0#1) [/dfs/usrhome/twipaa/Documents/fpga/ZW02a-25_FYP_repo/rtl/lib/DFFRE.v:1]
INFO: [Synth 8-6157] synthesizing module 'DFFRE__parameterized9' [/dfs/usrhome/twipaa/Documents/fpga/ZW02a-25_FYP_repo/rtl/lib/DFFRE.v:1]
	Parameter WIDTH bound to: 16 - type: integer 
INFO: [Synth 8-6155] done synthesizing module 'DFFRE__parameterized9' (0#1) [/dfs/usrhome/twipaa/Documents/fpga/ZW02a-25_FYP_repo/rtl/lib/DFFRE.v:1]
INFO: [Synth 8-6157] synthesizing module 'mux16' [/dfs/usrhome/twipaa/Documents/fpga/ZW02a-25_FYP_repo/rtl/lib/mux16.v:1]
	Parameter WIDTH bound to: 128 - type: integer 
INFO: [Synth 8-6155] done synthesizing module 'mux16' (0#1) [/dfs/usrhome/twipaa/Documents/fpga/ZW02a-25_FYP_repo/rtl/lib/mux16.v:1]
INFO: [Synth 8-6157] synthesizing module 'mux16__parameterized0' [/dfs/usrhome/twipaa/Documents/fpga/ZW02a-25_FYP_repo/rtl/lib/mux16.v:1]
	Parameter WIDTH bound to: 256 - type: integer 
INFO: [Synth 8-6155] done synthesizing module 'mux16__parameterized0' (0#1) [/dfs/usrhome/twipaa/Documents/fpga/ZW02a-25_FYP_repo/rtl/lib/mux16.v:1]
INFO: [Synth 8-6157] synthesizing module 'DFFR__parameterized1' [/dfs/usrhome/twipaa/Documents/fpga/ZW02a-25_FYP_repo/rtl/lib/DFFR.v:1]
	Parameter WIDTH bound to: 128 - type: integer 
INFO: [Synth 8-6155] done synthesizing module 'DFFR__parameterized1' (0#1) [/dfs/usrhome/twipaa/Documents/fpga/ZW02a-25_FYP_repo/rtl/lib/DFFR.v:1]
INFO: [Synth 8-6157] synthesizing module 'mm_ctrl_buffer' [/dfs/usrhome/twipaa/Documents/fpga/ZW02a-25_FYP_repo/rtl/mm_ctrl_buffer.v:1]
	Parameter RAM_TYPE bound to: IRAM - type: string 
INFO: [Synth 8-6157] synthesizing module 'DFFE__parameterized8' [/dfs/usrhome/twipaa/Documents/fpga/ZW02a-25_FYP_repo/rtl/lib/DFFE.v:1]
	Parameter WIDTH bound to: 128 - type: integer 
INFO: [Synth 8-6155] done synthesizing module 'DFFE__parameterized8' (0#1) [/dfs/usrhome/twipaa/Documents/fpga/ZW02a-25_FYP_repo/rtl/lib/DFFE.v:1]
INFO: [Synth 8-6157] synthesizing module 'data_byte_shift' [/dfs/usrhome/twipaa/Documents/fpga/ZW02a-25_FYP_repo/rtl/lib/data_byte_shift.v:1]
INFO: [Synth 8-226] default block is never used [/dfs/usrhome/twipaa/Documents/fpga/ZW02a-25_FYP_repo/rtl/lib/data_byte_shift.v:11]
INFO: [Synth 8-6155] done synthesizing module 'data_byte_shift' (0#1) [/dfs/usrhome/twipaa/Documents/fpga/ZW02a-25_FYP_repo/rtl/lib/data_byte_shift.v:1]
INFO: [Synth 8-6157] synthesizing module 'DFFR__parameterized2' [/dfs/usrhome/twipaa/Documents/fpga/ZW02a-25_FYP_repo/rtl/lib/DFFR.v:1]
	Parameter WIDTH bound to: 16 - type: integer 
INFO: [Synth 8-6155] done synthesizing module 'DFFR__parameterized2' (0#1) [/dfs/usrhome/twipaa/Documents/fpga/ZW02a-25_FYP_repo/rtl/lib/DFFR.v:1]
INFO: [Synth 8-6155] done synthesizing module 'mm_ctrl_buffer' (0#1) [/dfs/usrhome/twipaa/Documents/fpga/ZW02a-25_FYP_repo/rtl/mm_ctrl_buffer.v:1]
INFO: [Synth 8-6157] synthesizing module 'mm_ctrl_buffer__parameterized0' [/dfs/usrhome/twipaa/Documents/fpga/ZW02a-25_FYP_repo/rtl/mm_ctrl_buffer.v:1]
	Parameter RAM_TYPE bound to: WRAM - type: string 
INFO: [Synth 8-6155] done synthesizing module 'mm_ctrl_buffer__parameterized0' (0#1) [/dfs/usrhome/twipaa/Documents/fpga/ZW02a-25_FYP_repo/rtl/mm_ctrl_buffer.v:1]
INFO: [Synth 8-6157] synthesizing module 'ram_mem_wrapper' [/dfs/usrhome/twipaa/Documents/fpga/ZW02a-25_FYP_repo/fpga/ZW02a-25_FYP/ZW02a-25_FYP.runs/synth_1/.Xil/Vivado-71123-ecelvd711.ece.local/realtime/ram_mem_wrapper_stub.v:6]
INFO: [Synth 8-6155] done synthesizing module 'ram_mem_wrapper' (0#1) [/dfs/usrhome/twipaa/Documents/fpga/ZW02a-25_FYP_repo/fpga/ZW02a-25_FYP/ZW02a-25_FYP.runs/synth_1/.Xil/Vivado-71123-ecelvd711.ece.local/realtime/ram_mem_wrapper_stub.v:6]
INFO: [Synth 8-6157] synthesizing module 'DFFR__parameterized3' [/dfs/usrhome/twipaa/Documents/fpga/ZW02a-25_FYP_repo/rtl/lib/DFFR.v:1]
	Parameter WIDTH bound to: 13 - type: integer 
INFO: [Synth 8-6155] done synthesizing module 'DFFR__parameterized3' (0#1) [/dfs/usrhome/twipaa/Documents/fpga/ZW02a-25_FYP_repo/rtl/lib/DFFR.v:1]
INFO: [Synth 8-6157] synthesizing module 'DFFR__parameterized4' [/dfs/usrhome/twipaa/Documents/fpga/ZW02a-25_FYP_repo/rtl/lib/DFFR.v:1]
	Parameter WIDTH bound to: 5 - type: integer 
INFO: [Synth 8-6155] done synthesizing module 'DFFR__parameterized4' (0#1) [/dfs/usrhome/twipaa/Documents/fpga/ZW02a-25_FYP_repo/rtl/lib/DFFR.v:1]
INFO: [Synth 8-6157] synthesizing module 'DFFR__parameterized5' [/dfs/usrhome/twipaa/Documents/fpga/ZW02a-25_FYP_repo/rtl/lib/DFFR.v:1]
	Parameter WIDTH bound to: 32 - type: integer 
INFO: [Synth 8-6155] done synthesizing module 'DFFR__parameterized5' (0#1) [/dfs/usrhome/twipaa/Documents/fpga/ZW02a-25_FYP_repo/rtl/lib/DFFR.v:1]
INFO: [Synth 8-6155] done synthesizing module 'lsu' (0#1) [/dfs/usrhome/twipaa/Documents/fpga/ZW02a-25_FYP_repo/rtl/lsu.v:1]
INFO: [Synth 8-6157] synthesizing module 'mxu' [/dfs/usrhome/twipaa/Documents/fpga/ZW02a-25_FYP_repo/rtl/mxu.v:1]
INFO: [Synth 8-6157] synthesizing module 'DFFSE' [/dfs/usrhome/twipaa/Documents/fpga/ZW02a-25_FYP_repo/rtl/lib/DFFSE.v:1]
	Parameter WIDTH bound to: 1 - type: integer 
INFO: [Synth 8-6155] done synthesizing module 'DFFSE' (0#1) [/dfs/usrhome/twipaa/Documents/fpga/ZW02a-25_FYP_repo/rtl/lib/DFFSE.v:1]
INFO: [Synth 8-6157] synthesizing module 'pe' [/dfs/usrhome/twipaa/Documents/fpga/ZW02a-25_FYP_repo/rtl/pe.v:1]
INFO: [Synth 8-6157] synthesizing module 'DFFE__parameterized9' [/dfs/usrhome/twipaa/Documents/fpga/ZW02a-25_FYP_repo/rtl/lib/DFFE.v:1]
	Parameter WIDTH bound to: 16 - type: integer 
INFO: [Synth 8-6155] done synthesizing module 'DFFE__parameterized9' (0#1) [/dfs/usrhome/twipaa/Documents/fpga/ZW02a-25_FYP_repo/rtl/lib/DFFE.v:1]
INFO: [Synth 8-6155] done synthesizing module 'pe' (0#1) [/dfs/usrhome/twipaa/Documents/fpga/ZW02a-25_FYP_repo/rtl/pe.v:1]
INFO: [Synth 8-6157] synthesizing module 'acc' [/dfs/usrhome/twipaa/Documents/fpga/ZW02a-25_FYP_repo/rtl/acc.v:1]
INFO: [Synth 8-6155] done synthesizing module 'acc' (0#1) [/dfs/usrhome/twipaa/Documents/fpga/ZW02a-25_FYP_repo/rtl/acc.v:1]
INFO: [Synth 8-6157] synthesizing module 'act_mod' [/dfs/usrhome/twipaa/Documents/fpga/ZW02a-25_FYP_repo/rtl/act_mod.v:1]
INFO: [Synth 8-6155] done synthesizing module 'act_mod' (0#1) [/dfs/usrhome/twipaa/Documents/fpga/ZW02a-25_FYP_repo/rtl/act_mod.v:1]
INFO: [Synth 8-6155] done synthesizing module 'mxu' (0#1) [/dfs/usrhome/twipaa/Documents/fpga/ZW02a-25_FYP_repo/rtl/mxu.v:1]
INFO: [Synth 8-6157] synthesizing module 'rf' [/dfs/usrhome/twipaa/Documents/fpga/ZW02a-25_FYP_repo/rtl/rf.v:1]
INFO: [Synth 8-6157] synthesizing module 'DFFRE__parameterized10' [/dfs/usrhome/twipaa/Documents/fpga/ZW02a-25_FYP_repo/rtl/lib/DFFRE.v:1]
	Parameter WIDTH bound to: 32 - type: integer 
INFO: [Synth 8-6155] done synthesizing module 'DFFRE__parameterized10' (0#1) [/dfs/usrhome/twipaa/Documents/fpga/ZW02a-25_FYP_repo/rtl/lib/DFFRE.v:1]
INFO: [Synth 8-6155] done synthesizing module 'rf' (0#1) [/dfs/usrhome/twipaa/Documents/fpga/ZW02a-25_FYP_repo/rtl/rf.v:1]
INFO: [Synth 8-6157] synthesizing module 'AXI_READ_INFT' [/dfs/usrhome/twipaa/Documents/fpga/ZW02a-25_FYP_repo/rtl/axi_read_intf.v:1]
	Parameter ARID_WIDTH bound to: 4 - type: integer 
	Parameter ARADDR_WIDTH bound to: 32 - type: integer 
	Parameter RDATA_WIDTH bound to: 64 - type: integer 
INFO: [Synth 8-6157] synthesizing module 'DFFRE__parameterized11' [/dfs/usrhome/twipaa/Documents/fpga/ZW02a-25_FYP_repo/rtl/lib/DFFRE.v:1]
	Parameter WIDTH bound to: 15 - type: integer 
INFO: [Synth 8-6155] done synthesizing module 'DFFRE__parameterized11' (0#1) [/dfs/usrhome/twipaa/Documents/fpga/ZW02a-25_FYP_repo/rtl/lib/DFFRE.v:1]
INFO: [Synth 8-6157] synthesizing module 'dec4to16' [/dfs/usrhome/twipaa/Documents/fpga/ZW02a-25_FYP_repo/rtl/lib/dec4to16.v:1]
INFO: [Synth 8-226] default block is never used [/dfs/usrhome/twipaa/Documents/fpga/ZW02a-25_FYP_repo/rtl/lib/dec4to16.v:10]
INFO: [Synth 8-6155] done synthesizing module 'dec4to16' (0#1) [/dfs/usrhome/twipaa/Documents/fpga/ZW02a-25_FYP_repo/rtl/lib/dec4to16.v:1]
INFO: [Synth 8-6157] synthesizing module 'DFFRE__parameterized12' [/dfs/usrhome/twipaa/Documents/fpga/ZW02a-25_FYP_repo/rtl/lib/DFFRE.v:1]
	Parameter WIDTH bound to: 64 - type: integer 
INFO: [Synth 8-6155] done synthesizing module 'DFFRE__parameterized12' (0#1) [/dfs/usrhome/twipaa/Documents/fpga/ZW02a-25_FYP_repo/rtl/lib/DFFRE.v:1]
INFO: [Synth 8-6157] synthesizing module 'DFFE__parameterized10' [/dfs/usrhome/twipaa/Documents/fpga/ZW02a-25_FYP_repo/rtl/lib/DFFE.v:1]
	Parameter WIDTH bound to: 9 - type: integer 
INFO: [Synth 8-6155] done synthesizing module 'DFFE__parameterized10' (0#1) [/dfs/usrhome/twipaa/Documents/fpga/ZW02a-25_FYP_repo/rtl/lib/DFFE.v:1]
INFO: [Synth 8-6155] done synthesizing module 'AXI_READ_INFT' (0#1) [/dfs/usrhome/twipaa/Documents/fpga/ZW02a-25_FYP_repo/rtl/axi_read_intf.v:1]
INFO: [Synth 8-6157] synthesizing module 'AXI_WRITE_INFT' [/dfs/usrhome/twipaa/Documents/fpga/ZW02a-25_FYP_repo/rtl/axi_write_intf.v:1]
	Parameter AWID_WIDTH bound to: 4 - type: integer 
	Parameter AWADDR_WIDTH bound to: 32 - type: integer 
	Parameter WDATA_WIDTH bound to: 64 - type: integer 
INFO: [Synth 8-6157] synthesizing module 'DFFE__parameterized11' [/dfs/usrhome/twipaa/Documents/fpga/ZW02a-25_FYP_repo/rtl/lib/DFFE.v:1]
	Parameter WIDTH bound to: 64 - type: integer 
INFO: [Synth 8-6155] done synthesizing module 'DFFE__parameterized11' (0#1) [/dfs/usrhome/twipaa/Documents/fpga/ZW02a-25_FYP_repo/rtl/lib/DFFE.v:1]
INFO: [Synth 8-6157] synthesizing module 'mux16__parameterized1' [/dfs/usrhome/twipaa/Documents/fpga/ZW02a-25_FYP_repo/rtl/lib/mux16.v:1]
	Parameter WIDTH bound to: 13 - type: integer 
INFO: [Synth 8-6155] done synthesizing module 'mux16__parameterized1' (0#1) [/dfs/usrhome/twipaa/Documents/fpga/ZW02a-25_FYP_repo/rtl/lib/mux16.v:1]
INFO: [Synth 8-6155] done synthesizing module 'AXI_WRITE_INFT' (0#1) [/dfs/usrhome/twipaa/Documents/fpga/ZW02a-25_FYP_repo/rtl/axi_write_intf.v:1]
INFO: [Synth 8-6155] done synthesizing module 'tpu' (0#1) [/dfs/usrhome/twipaa/Documents/fpga/ZW02a-25_FYP_repo/rtl/tpu.v:1]
WARNING: [Synth 8-3848] Net lsu_mxu_pool_size in module/entity lsu does not have driver. [/dfs/usrhome/twipaa/Documents/fpga/ZW02a-25_FYP_repo/rtl/lsu.v:301]
WARNING: [Synth 8-3848] Net lsu_axi_awid in module/entity lsu does not have driver. [/dfs/usrhome/twipaa/Documents/fpga/ZW02a-25_FYP_repo/rtl/lsu.v:308]
WARNING: [Synth 8-3848] Net lsu_axi_arid in module/entity lsu does not have driver. [/dfs/usrhome/twipaa/Documents/fpga/ZW02a-25_FYP_repo/rtl/lsu.v:323]
WARNING: [Synth 8-3848] Net lsu_ld_rd_doing in module/entity lsu does not have driver. [/dfs/usrhome/twipaa/Documents/fpga/ZW02a-25_FYP_repo/rtl/lsu.v:1674]
WARNING: [Synth 8-3848] Net load_data in module/entity acc does not have driver. [/dfs/usrhome/twipaa/Documents/fpga/ZW02a-25_FYP_repo/rtl/acc.v:19]
WARNING: [Synth 8-3848] Net axi_lsu_bid in module/entity AXI_WRITE_INFT does not have driver. [/dfs/usrhome/twipaa/Documents/fpga/ZW02a-25_FYP_repo/rtl/axi_write_intf.v:94]
WARNING: [Synth 8-7129] Port axi_lsu_bid in module AXI_WRITE_INFT is either unconnected or has no load
WARNING: [Synth 8-7129] Port lsu_axi_awid[7] in module AXI_WRITE_INFT is either unconnected or has no load
WARNING: [Synth 8-7129] Port lsu_axi_awid[6] in module AXI_WRITE_INFT is either unconnected or has no load
WARNING: [Synth 8-7129] Port lsu_axi_awid[5] in module AXI_WRITE_INFT is either unconnected or has no load
WARNING: [Synth 8-7129] Port lsu_axi_awid[4] in module AXI_WRITE_INFT is either unconnected or has no load
WARNING: [Synth 8-7129] Port lsu_axi_awid[3] in module AXI_WRITE_INFT is either unconnected or has no load
WARNING: [Synth 8-7129] Port lsu_axi_awid[2] in module AXI_WRITE_INFT is either unconnected or has no load
WARNING: [Synth 8-7129] Port lsu_axi_awid[1] in module AXI_WRITE_INFT is either unconnected or has no load
WARNING: [Synth 8-7129] Port lsu_axi_awid[0] in module AXI_WRITE_INFT is either unconnected or has no load
WARNING: [Synth 8-7129] Port lsu_axi_awnum[7] in module AXI_WRITE_INFT is either unconnected or has no load
WARNING: [Synth 8-7129] Port lsu_axi_awnum[6] in module AXI_WRITE_INFT is either unconnected or has no load
WARNING: [Synth 8-7129] Port lsu_axi_awnum[5] in module AXI_WRITE_INFT is either unconnected or has no load
WARNING: [Synth 8-7129] Port lsu_axi_awnum[4] in module AXI_WRITE_INFT is either unconnected or has no load
WARNING: [Synth 8-7129] Port lsu_axi_arid[7] in module AXI_READ_INFT is either unconnected or has no load
WARNING: [Synth 8-7129] Port lsu_axi_arid[6] in module AXI_READ_INFT is either unconnected or has no load
WARNING: [Synth 8-7129] Port lsu_axi_arid[5] in module AXI_READ_INFT is either unconnected or has no load
WARNING: [Synth 8-7129] Port lsu_axi_arid[4] in module AXI_READ_INFT is either unconnected or has no load
WARNING: [Synth 8-7129] Port lsu_axi_arid[3] in module AXI_READ_INFT is either unconnected or has no load
WARNING: [Synth 8-7129] Port lsu_axi_arid[2] in module AXI_READ_INFT is either unconnected or has no load
WARNING: [Synth 8-7129] Port lsu_axi_arid[1] in module AXI_READ_INFT is either unconnected or has no load
WARNING: [Synth 8-7129] Port lsu_axi_arid[0] in module AXI_READ_INFT is either unconnected or has no load
WARNING: [Synth 8-7129] Port clk in module act_mod is either unconnected or has no load
WARNING: [Synth 8-7129] Port rst_n in module act_mod is either unconnected or has no load
WARNING: [Synth 8-7129] Port act_type[1] in module act_mod is either unconnected or has no load
WARNING: [Synth 8-7129] Port act_type[0] in module act_mod is either unconnected or has no load
WARNING: [Synth 8-7129] Port lsu_mxu_pool_vld in module mxu is either unconnected or has no load
WARNING: [Synth 8-7129] Port lsu_mxu_pool_size[1] in module mxu is either unconnected or has no load
WARNING: [Synth 8-7129] Port lsu_mxu_pool_size[0] in module mxu is either unconnected or has no load
WARNING: [Synth 8-7129] Port lsu_mm_buff_ram_alloc_addr[7] in module mm_ctrl_buffer__parameterized0 is either unconnected or has no load
WARNING: [Synth 8-7129] Port lsu_mm_buff_ram_alloc_addr[6] in module mm_ctrl_buffer__parameterized0 is either unconnected or has no load
WARNING: [Synth 8-7129] Port lsu_mm_buff_ram_alloc_addr[5] in module mm_ctrl_buffer__parameterized0 is either unconnected or has no load
WARNING: [Synth 8-7129] Port lsu_mm_buff_ram_alloc_addr[4] in module mm_ctrl_buffer__parameterized0 is either unconnected or has no load
WARNING: [Synth 8-7129] Port lsu_mm_buff_ram_alloc_addr[3] in module mm_ctrl_buffer__parameterized0 is either unconnected or has no load
WARNING: [Synth 8-7129] Port lsu_mm_buff_ram_alloc_addr[2] in module mm_ctrl_buffer__parameterized0 is either unconnected or has no load
WARNING: [Synth 8-7129] Port lsu_mm_buff_ram_alloc_addr[1] in module mm_ctrl_buffer__parameterized0 is either unconnected or has no load
WARNING: [Synth 8-7129] Port lsu_mm_buff_ram_alloc_addr[0] in module mm_ctrl_buffer__parameterized0 is either unconnected or has no load
WARNING: [Synth 8-7129] Port lsu_mm_buff_ram_alloc_addr[7] in module mm_ctrl_buffer is either unconnected or has no load
WARNING: [Synth 8-7129] Port lsu_mm_buff_ram_alloc_addr[6] in module mm_ctrl_buffer is either unconnected or has no load
WARNING: [Synth 8-7129] Port lsu_mm_buff_ram_alloc_addr[5] in module mm_ctrl_buffer is either unconnected or has no load
WARNING: [Synth 8-7129] Port lsu_mm_buff_ram_alloc_addr[4] in module mm_ctrl_buffer is either unconnected or has no load
WARNING: [Synth 8-7129] Port lsu_mm_buff_ram_alloc_addr[3] in module mm_ctrl_buffer is either unconnected or has no load
WARNING: [Synth 8-7129] Port lsu_mm_buff_ram_alloc_addr[2] in module mm_ctrl_buffer is either unconnected or has no load
WARNING: [Synth 8-7129] Port lsu_mm_buff_ram_alloc_addr[1] in module mm_ctrl_buffer is either unconnected or has no load
WARNING: [Synth 8-7129] Port lsu_mm_buff_ram_alloc_addr[0] in module mm_ctrl_buffer is either unconnected or has no load
WARNING: [Synth 8-7129] Port in[31] in module dec32to5 is either unconnected or has no load
WARNING: [Synth 8-7129] Port in[30] in module dec32to5 is either unconnected or has no load
WARNING: [Synth 8-7129] Port in[29] in module dec32to5 is either unconnected or has no load
WARNING: [Synth 8-7129] Port in[28] in module dec32to5 is either unconnected or has no load
WARNING: [Synth 8-7129] Port in[27] in module dec32to5 is either unconnected or has no load
WARNING: [Synth 8-7129] Port in[26] in module dec32to5 is either unconnected or has no load
WARNING: [Synth 8-7129] Port in[25] in module dec32to5 is either unconnected or has no load
WARNING: [Synth 8-7129] Port in[24] in module dec32to5 is either unconnected or has no load
WARNING: [Synth 8-7129] Port in[23] in module dec32to5 is either unconnected or has no load
WARNING: [Synth 8-7129] Port in[22] in module dec32to5 is either unconnected or has no load
WARNING: [Synth 8-7129] Port in[21] in module dec32to5 is either unconnected or has no load
WARNING: [Synth 8-7129] Port in[20] in module dec32to5 is either unconnected or has no load
WARNING: [Synth 8-7129] Port in[19] in module dec32to5 is either unconnected or has no load
WARNING: [Synth 8-7129] Port in[18] in module dec32to5 is either unconnected or has no load
WARNING: [Synth 8-7129] Port in[17] in module dec32to5 is either unconnected or has no load
WARNING: [Synth 8-7129] Port in[16] in module dec32to5 is either unconnected or has no load
WARNING: [Synth 8-7129] Port in[15] in module dec32to5 is either unconnected or has no load
WARNING: [Synth 8-7129] Port in[14] in module dec32to5 is either unconnected or has no load
WARNING: [Synth 8-7129] Port in[13] in module dec32to5 is either unconnected or has no load
WARNING: [Synth 8-7129] Port in[12] in module dec32to5 is either unconnected or has no load
WARNING: [Synth 8-7129] Port in[11] in module dec32to5 is either unconnected or has no load
WARNING: [Synth 8-7129] Port in[10] in module dec32to5 is either unconnected or has no load
WARNING: [Synth 8-7129] Port in[9] in module dec32to5 is either unconnected or has no load
WARNING: [Synth 8-7129] Port in[8] in module dec32to5 is either unconnected or has no load
WARNING: [Synth 8-7129] Port in[7] in module dec32to5 is either unconnected or has no load
WARNING: [Synth 8-7129] Port in[6] in module dec32to5 is either unconnected or has no load
WARNING: [Synth 8-7129] Port in[5] in module dec32to5 is either unconnected or has no load
WARNING: [Synth 8-7129] Port in[4] in module dec32to5 is either unconnected or has no load
WARNING: [Synth 8-7129] Port in[3] in module dec32to5 is either unconnected or has no load
WARNING: [Synth 8-7129] Port in[2] in module dec32to5 is either unconnected or has no load
WARNING: [Synth 8-7129] Port in[1] in module dec32to5 is either unconnected or has no load
WARNING: [Synth 8-7129] Port in[0] in module dec32to5 is either unconnected or has no load
WARNING: [Synth 8-7129] Port in[7] in module dec8to3 is either unconnected or has no load
WARNING: [Synth 8-7129] Port in[6] in module dec8to3 is either unconnected or has no load
WARNING: [Synth 8-7129] Port in[5] in module dec8to3 is either unconnected or has no load
WARNING: [Synth 8-7129] Port in[4] in module dec8to3 is either unconnected or has no load
WARNING: [Synth 8-7129] Port in[3] in module dec8to3 is either unconnected or has no load
WARNING: [Synth 8-7129] Port in[2] in module dec8to3 is either unconnected or has no load
WARNING: [Synth 8-7129] Port in[1] in module dec8to3 is either unconnected or has no load
WARNING: [Synth 8-7129] Port in[0] in module dec8to3 is either unconnected or has no load
WARNING: [Synth 8-7129] Port lsu_mxu_pool_size[1] in module lsu is either unconnected or has no load
WARNING: [Synth 8-7129] Port lsu_mxu_pool_size[0] in module lsu is either unconnected or has no load
WARNING: [Synth 8-7129] Port lsu_axi_awid[7] in module lsu is either unconnected or has no load
WARNING: [Synth 8-7129] Port lsu_axi_awid[6] in module lsu is either unconnected or has no load
WARNING: [Synth 8-7129] Port lsu_axi_awid[5] in module lsu is either unconnected or has no load
WARNING: [Synth 8-7129] Port lsu_axi_awid[4] in module lsu is either unconnected or has no load
WARNING: [Synth 8-7129] Port lsu_axi_awid[3] in module lsu is either unconnected or has no load
WARNING: [Synth 8-7129] Port lsu_axi_awid[2] in module lsu is either unconnected or has no load
WARNING: [Synth 8-7129] Port lsu_axi_awid[1] in module lsu is either unconnected or has no load
WARNING: [Synth 8-7129] Port lsu_axi_awid[0] in module lsu is either unconnected or has no load
WARNING: [Synth 8-7129] Port lsu_axi_arid[7] in module lsu is either unconnected or has no load
WARNING: [Synth 8-7129] Port lsu_axi_arid[6] in module lsu is either unconnected or has no load
WARNING: [Synth 8-7129] Port lsu_axi_arid[5] in module lsu is either unconnected or has no load
WARNING: [Synth 8-7129] Port lsu_axi_arid[4] in module lsu is either unconnected or has no load
WARNING: [Synth 8-7129] Port lsu_axi_arid[3] in module lsu is either unconnected or has no load
WARNING: [Synth 8-7129] Port lsu_axi_arid[2] in module lsu is either unconnected or has no load
INFO: [Common 17-14] Message 'Synth 8-7129' appears 100 times and further instances of the messages will be disabled. Use the Tcl command set_msg_config to change the current settings.
---------------------------------------------------------------------------------
Finished RTL Elaboration : Time (s): cpu = 00:00:05 ; elapsed = 00:00:06 . Memory (MB): peak = 3450.238 ; gain = 518.473 ; free physical = 206438 ; free virtual = 223955
---------------------------------------------------------------------------------
---------------------------------------------------------------------------------
Start Handling Custom Attributes
---------------------------------------------------------------------------------
---------------------------------------------------------------------------------
Finished Handling Custom Attributes : Time (s): cpu = 00:00:05 ; elapsed = 00:00:06 . Memory (MB): peak = 3456.164 ; gain = 524.398 ; free physical = 206433 ; free virtual = 223950
---------------------------------------------------------------------------------
---------------------------------------------------------------------------------
Finished RTL Optimization Phase 1 : Time (s): cpu = 00:00:05 ; elapsed = 00:00:06 . Memory (MB): peak = 3456.164 ; gain = 524.398 ; free physical = 206433 ; free virtual = 223950
---------------------------------------------------------------------------------
Netlist sorting complete. Time (s): cpu = 00:00:00.36 ; elapsed = 00:00:00.36 . Memory (MB): peak = 3456.168 ; gain = 0.000 ; free physical = 206420 ; free virtual = 223937
INFO: [Project 1-570] Preparing netlist for logic optimization

Processing XDC Constraints
Initializing timing engine
Parsing XDC File [/dfs/usrhome/twipaa/Documents/fpga/ZW02a-25_FYP_repo/fpga/ZW02a-25_FYP/ZW02a-25_FYP.gen/sources_1/ip/mem_wrapper/mem_wrapper/mem_wrapper_in_context.xdc] for cell 'u_ifu/ifu_mem_wrap_256x128'
Finished Parsing XDC File [/dfs/usrhome/twipaa/Documents/fpga/ZW02a-25_FYP_repo/fpga/ZW02a-25_FYP/ZW02a-25_FYP.gen/sources_1/ip/mem_wrapper/mem_wrapper/mem_wrapper_in_context.xdc] for cell 'u_ifu/ifu_mem_wrap_256x128'
Parsing XDC File [/dfs/usrhome/twipaa/Documents/fpga/ZW02a-25_FYP_repo/fpga/ZW02a-25_FYP/ZW02a-25_FYP.gen/sources_1/ip/ram_mem_wrapper/ram_mem_wrapper/ram_mem_wrapper_in_context.xdc] for cell 'u_lsu/iram'
Finished Parsing XDC File [/dfs/usrhome/twipaa/Documents/fpga/ZW02a-25_FYP_repo/fpga/ZW02a-25_FYP/ZW02a-25_FYP.gen/sources_1/ip/ram_mem_wrapper/ram_mem_wrapper/ram_mem_wrapper_in_context.xdc] for cell 'u_lsu/iram'
Parsing XDC File [/dfs/usrhome/twipaa/Documents/fpga/ZW02a-25_FYP_repo/fpga/ZW02a-25_FYP/ZW02a-25_FYP.gen/sources_1/ip/ram_mem_wrapper/ram_mem_wrapper/ram_mem_wrapper_in_context.xdc] for cell 'u_lsu/wram'
Finished Parsing XDC File [/dfs/usrhome/twipaa/Documents/fpga/ZW02a-25_FYP_repo/fpga/ZW02a-25_FYP/ZW02a-25_FYP.gen/sources_1/ip/ram_mem_wrapper/ram_mem_wrapper/ram_mem_wrapper_in_context.xdc] for cell 'u_lsu/wram'
Parsing XDC File [/dfs/usrhome/twipaa/Documents/fpga/ZW02a-25_FYP_repo/fpga/ZW02a-25_FYP/ZW02a-25_FYP.gen/sources_1/ip/ram_mem_wrapper/ram_mem_wrapper/ram_mem_wrapper_in_context.xdc] for cell 'u_lsu/oram_lo'
Finished Parsing XDC File [/dfs/usrhome/twipaa/Documents/fpga/ZW02a-25_FYP_repo/fpga/ZW02a-25_FYP/ZW02a-25_FYP.gen/sources_1/ip/ram_mem_wrapper/ram_mem_wrapper/ram_mem_wrapper_in_context.xdc] for cell 'u_lsu/oram_lo'
Parsing XDC File [/dfs/usrhome/twipaa/Documents/fpga/ZW02a-25_FYP_repo/fpga/ZW02a-25_FYP/ZW02a-25_FYP.gen/sources_1/ip/ram_mem_wrapper/ram_mem_wrapper/ram_mem_wrapper_in_context.xdc] for cell 'u_lsu/oram_hi'
Finished Parsing XDC File [/dfs/usrhome/twipaa/Documents/fpga/ZW02a-25_FYP_repo/fpga/ZW02a-25_FYP/ZW02a-25_FYP.gen/sources_1/ip/ram_mem_wrapper/ram_mem_wrapper/ram_mem_wrapper_in_context.xdc] for cell 'u_lsu/oram_hi'
Parsing XDC File [/dfs/usrhome/twipaa/Documents/fpga/ZW02a-25_FYP_repo/fpga/ZW02a-25_FYP/ZW02a-25_FYP.srcs/constrs_1/new/constraint.xdc]
WARNING: [Vivado 12-584] No ports matched 'Clk'. [/dfs/usrhome/twipaa/Documents/fpga/ZW02a-25_FYP_repo/fpga/ZW02a-25_FYP/ZW02a-25_FYP.srcs/constrs_1/new/constraint.xdc:1]
WARNING: [Vivado 12-663] port, pin or net ':' not found. [/dfs/usrhome/twipaa/Documents/fpga/ZW02a-25_FYP_repo/fpga/ZW02a-25_FYP/ZW02a-25_FYP.srcs/constrs_1/new/constraint.xdc:1]
Finished Parsing XDC File [/dfs/usrhome/twipaa/Documents/fpga/ZW02a-25_FYP_repo/fpga/ZW02a-25_FYP/ZW02a-25_FYP.srcs/constrs_1/new/constraint.xdc]
WARNING: [Project 1-498] One or more constraints failed evaluation while reading constraint file [/dfs/usrhome/twipaa/Documents/fpga/ZW02a-25_FYP_repo/fpga/ZW02a-25_FYP/ZW02a-25_FYP.srcs/constrs_1/new/constraint.xdc] and the design contains unresolved black boxes. These constraints will be read post-synthesis (as long as their source constraint file is marked as used_in_implementation) and should be applied correctly then. You should review the constraints listed in the file [.Xil/tpu_propImpl.xdc] and check the run log file to verify that these constraints were correctly applied.
Completed Processing XDC Constraints

Netlist sorting complete. Time (s): cpu = 00:00:00 ; elapsed = 00:00:00.01 . Memory (MB): peak = 3609.648 ; gain = 0.000 ; free physical = 206380 ; free virtual = 223897
INFO: [Project 1-111] Unisim Transformation Summary:
No Unisim elements were transformed.

Constraint Validation Runtime : Time (s): cpu = 00:00:00.07 ; elapsed = 00:00:00.07 . Memory (MB): peak = 3609.648 ; gain = 0.000 ; free physical = 206380 ; free virtual = 223897
---------------------------------------------------------------------------------
Finished Constraint Validation : Time (s): cpu = 00:00:16 ; elapsed = 00:00:15 . Memory (MB): peak = 3609.648 ; gain = 677.883 ; free physical = 206375 ; free virtual = 223902
---------------------------------------------------------------------------------
---------------------------------------------------------------------------------
Start Loading Part and Timing Information
---------------------------------------------------------------------------------
Loading part: xc7z020clg484-1
---------------------------------------------------------------------------------
Finished Loading Part and Timing Information : Time (s): cpu = 00:00:16 ; elapsed = 00:00:15 . Memory (MB): peak = 3609.648 ; gain = 677.883 ; free physical = 206375 ; free virtual = 223902
---------------------------------------------------------------------------------
---------------------------------------------------------------------------------
Start Applying 'set_property' XDC Constraints
---------------------------------------------------------------------------------
Applied set_property KEEP_HIERARCHY = SOFT for u_ifu/ifu_mem_wrap_256x128. (constraint file  auto generated constraint).
Applied set_property KEEP_HIERARCHY = SOFT for u_lsu/iram. (constraint file  auto generated constraint).
Applied set_property KEEP_HIERARCHY = SOFT for u_lsu/oram_hi. (constraint file  auto generated constraint).
Applied set_property KEEP_HIERARCHY = SOFT for u_lsu/oram_lo. (constraint file  auto generated constraint).
Applied set_property KEEP_HIERARCHY = SOFT for u_lsu/wram. (constraint file  auto generated constraint).
---------------------------------------------------------------------------------
Finished applying 'set_property' XDC Constraints : Time (s): cpu = 00:00:16 ; elapsed = 00:00:15 . Memory (MB): peak = 3609.648 ; gain = 677.883 ; free physical = 206375 ; free virtual = 223902
---------------------------------------------------------------------------------
---------------------------------------------------------------------------------
Start Preparing Guide Design
---------------------------------------------------------------------------------
---------------------------------------------------------------------------------
Finished Doing Graph Differ : Time (s): cpu = 00:00:17 ; elapsed = 00:00:16 . Memory (MB): peak = 3609.648 ; gain = 677.883 ; free physical = 206333 ; free virtual = 223906
---------------------------------------------------------------------------------
mxu__GB3mxu__GB2mxu__GB1mxu__GB0---------------------------------------------------------------------------------
Finished Preparing Guide Design : Time (s): cpu = 00:00:17 ; elapsed = 00:00:16 . Memory (MB): peak = 3609.648 ; gain = 677.883 ; free physical = 206331 ; free virtual = 223906
---------------------------------------------------------------------------------
WARNING: [Synth 8-327] inferring latch for variable 'out_reg' [/dfs/usrhome/twipaa/Documents/fpga/ZW02a-25_FYP_repo/rtl/lib/resp_assign.v:13]
---------------------------------------------------------------------------------
Finished RTL Optimization Phase 2 : Time (s): cpu = 00:00:18 ; elapsed = 00:00:17 . Memory (MB): peak = 3609.648 ; gain = 677.883 ; free physical = 206324 ; free virtual = 223898
---------------------------------------------------------------------------------
---------------------------------------------------------------------------------
Start Mimic Skeleton from Reference
---------------------------------------------------------------------------------
---------------------------------------------------------------------------------
Finished Mimic Skeleton from Reference : Time (s): cpu = 00:00:19 ; elapsed = 00:00:18 . Memory (MB): peak = 3609.648 ; gain = 677.883 ; free physical = 206323 ; free virtual = 223898
---------------------------------------------------------------------------------


Incremental Synthesis Report Summary:

1. Incremental synthesis run: yes

   Stitch points used : unchanged


2. Change Summary

Report Incremental Modules: 
+------+----------------+------------+----------+----------+
|      |Changed Modules |Replication |Instances |Changed % |
+------+----------------+------------+----------+----------+
|1     |lsu             |           1|     38908|   34.9578|
+------+----------------+------------+----------+----------+


   Full Design Size (number of cells) : 111300
   Resynthesis Design Size (number of cells) : 51590
   Resynth % : 46.3522,  Reuse % : 53.6478

3. Reference Checkpoint Information

+-------------------------------------------------------------------------------------------------------------------------------------------+
| DCP Location:  | /dfs/usrhome/twipaa/Documents/fpga/ZW02a-25_FYP_repo/fpga/ZW02a-25_FYP/ZW02a-25_FYP.srcs/utils_1/imports/synth_1/tpu.dcp |
+-------------------------------------------------------------------------------------------------------------------------------------------+


+--------------------------------+------------------------------+
|         DCP Information        |             Value            |
+--------------------------------+------------------------------+
| Vivado Version                 |                    v2023.1 |
| DCP State                      |                              |
+--------------------------------+------------------------------+



Report RTL Partitions: 
+------+-----------------+------------+----------+
|      |RTL Partition    |Replication |Instances |
+------+-----------------+------------+----------+
|1     |tpu__GCB0        |           1|     41019|
|2     |tpu__GCB1        |           1|     10571|
|3     |mxu__GB0_#REUSE# |           1|         0|
|4     |mxu__GB1_#REUSE# |           1|         0|
|5     |mxu__GB2_#REUSE# |           1|         0|
|6     |mxu__GB3_#REUSE# |           1|         0|
+------+-----------------+------------+----------+
---------------------------------------------------------------------------------
Start RTL Component Statistics 
---------------------------------------------------------------------------------
Detailed RTL Component Info : 
+---Adders : 
	   3 Input   32 Bit       Adders := 1     
	   2 Input   32 Bit       Adders := 4     
	   2 Input   15 Bit       Adders := 1     
	   2 Input   13 Bit       Adders := 3     
	   2 Input   12 Bit       Adders := 8     
	   2 Input    9 Bit       Adders := 1     
	   2 Input    8 Bit       Adders := 7     
	   2 Input    5 Bit       Adders := 2     
	   2 Input    4 Bit       Adders := 27    
	   2 Input    3 Bit       Adders := 1     
	   2 Input    2 Bit       Adders := 1     
+---XORs : 
	   2 Input     32 Bit         XORs := 2     
	   2 Input      1 Bit         XORs := 1     
+---Registers : 
	              128 Bit    Registers := 33    
	               64 Bit    Registers := 2     
	               32 Bit    Registers := 59    
	               16 Bit    Registers := 9     
	               15 Bit    Registers := 4     
	               13 Bit    Registers := 8     
	               12 Bit    Registers := 30    
	               10 Bit    Registers := 1     
	                9 Bit    Registers := 2     
	                8 Bit    Registers := 21    
	                5 Bit    Registers := 3     
	                4 Bit    Registers := 52    
	                3 Bit    Registers := 11    
	                2 Bit    Registers := 9     
	                1 Bit    Registers := 129   
+---Muxes : 
	   8 Input  256 Bit        Muxes := 1     
	   2 Input  256 Bit        Muxes := 1     
	   2 Input  128 Bit        Muxes := 18    
	   2 Input   64 Bit        Muxes := 2     
	   2 Input   32 Bit        Muxes := 17    
	   2 Input   16 Bit        Muxes := 2     
	   2 Input   13 Bit        Muxes := 3     
	   2 Input   12 Bit        Muxes := 6     
	   2 Input    9 Bit        Muxes := 1     
	   2 Input    8 Bit        Muxes := 19    
	   3 Input    8 Bit        Muxes := 1     
	   2 Input    7 Bit        Muxes := 2     
	   2 Input    6 Bit        Muxes := 1     
	   2 Input    4 Bit        Muxes := 39    
	   2 Input    3 Bit        Muxes := 7     
	   2 Input    2 Bit        Muxes := 5     
	   4 Input    2 Bit        Muxes := 1     
	   2 Input    1 Bit        Muxes := 18    
---------------------------------------------------------------------------------
Finished RTL Component Statistics 
---------------------------------------------------------------------------------
---------------------------------------------------------------------------------
Start Part Resource Summary
---------------------------------------------------------------------------------
Part Resources:
DSPs: 220 (col length:60)
BRAMs: 280 (col length: RAMB18 60 RAMB36 30)
---------------------------------------------------------------------------------
Finished Part Resource Summary
---------------------------------------------------------------------------------
---------------------------------------------------------------------------------
Start Cross Boundary and Area Optimization
---------------------------------------------------------------------------------
INFO: [Synth 8-5546] ROM "out" won't be mapped to RAM because it is too sparse
INFO: [Synth 8-5544] ROM "out" won't be mapped to Block RAM because address size (3) smaller than threshold (5)
WARNING: [Synth 8-3936] Found unconnected internal register 'ff_lsu_mm_buff_ctrl_start_addr/q_reg' and it is trimmed from '12' to '4' bits. [/dfs/usrhome/twipaa/Documents/fpga/ZW02a-25_FYP_repo/rtl/lib/DFFE.v:17]
WARNING: [Synth 8-3936] Found unconnected internal register 'ff_lsu_mm_buff_ctrl_start_addr/q_reg' and it is trimmed from '12' to '4' bits. [/dfs/usrhome/twipaa/Documents/fpga/ZW02a-25_FYP_repo/rtl/lib/DFFE.v:17]
WARNING: [Synth 8-3936] Found unconnected internal register 'ff_alu_lsu_ld_st_addr/q_reg' and it is trimmed from '13' to '4' bits. [/dfs/usrhome/twipaa/Documents/fpga/ZW02a-25_FYP_repo/rtl/lib/DFFE.v:17]
INFO: [Synth 8-5544] ROM "u_AXI_WRITE_INTF/resp_BID_dec/out" won't be mapped to Block RAM because address size (4) smaller than threshold (5)
INFO: [Synth 8-5544] ROM "u_AXI_WRITE_INTF/out_BID_dec/out" won't be mapped to Block RAM because address size (4) smaller than threshold (5)
WARNING: [Synth 8-3917] design tpu__GCB0 has port AWREGION[3] driven by constant 0
WARNING: [Synth 8-3917] design tpu__GCB0 has port AWREGION[2] driven by constant 0
WARNING: [Synth 8-3917] design tpu__GCB0 has port AWREGION[1] driven by constant 0
WARNING: [Synth 8-3917] design tpu__GCB0 has port AWREGION[0] driven by constant 0
INFO: [Synth 8-3886] merging instance 'u_lsu/ff_lsu_axi_wstrb/q_reg[2]' (FDE) to 'u_lsu/ff_lsu_axi_wstrb/q_reg[3]'
INFO: [Synth 8-3886] merging instance 'u_lsu/ff_lsu_axi_wstrb/q_reg[4]' (FDE) to 'u_lsu/ff_lsu_axi_wstrb/q_reg[5]'
INFO: [Synth 8-3886] merging instance 'u_lsu/ff_lsu_axi_wstrb/q_reg[5]' (FDE) to 'u_lsu/ff_lsu_axi_wstrb/q_reg[6]'
INFO: [Synth 8-3886] merging instance 'u_lsu/ff_lsu_axi_wstrb/q_reg[6]' (FDE) to 'u_lsu/ff_lsu_axi_wstrb/q_reg[7]'
WARNING: [Synth 8-3332] Sequential element (out_reg[255]) is unused and will be removed from module resp_assign__1.
WARNING: [Synth 8-3332] Sequential element (out_reg[254]) is unused and will be removed from module resp_assign__1.
WARNING: [Synth 8-3332] Sequential element (out_reg[253]) is unused and will be removed from module resp_assign__1.
WARNING: [Synth 8-3332] Sequential element (out_reg[252]) is unused and will be removed from module resp_assign__1.
WARNING: [Synth 8-3332] Sequential element (out_reg[251]) is unused and will be removed from module resp_assign__1.
WARNING: [Synth 8-3332] Sequential element (out_reg[250]) is unused and will be removed from module resp_assign__1.
WARNING: [Synth 8-3332] Sequential element (out_reg[249]) is unused and will be removed from module resp_assign__1.
WARNING: [Synth 8-3332] Sequential element (out_reg[248]) is unused and will be removed from module resp_assign__1.
WARNING: [Synth 8-3332] Sequential element (out_reg[247]) is unused and will be removed from module resp_assign__1.
WARNING: [Synth 8-3332] Sequential element (out_reg[246]) is unused and will be removed from module resp_assign__1.
WARNING: [Synth 8-3332] Sequential element (out_reg[245]) is unused and will be removed from module resp_assign__1.
WARNING: [Synth 8-3332] Sequential element (out_reg[244]) is unused and will be removed from module resp_assign__1.
WARNING: [Synth 8-3332] Sequential element (out_reg[243]) is unused and will be removed from module resp_assign__1.
WARNING: [Synth 8-3332] Sequential element (out_reg[242]) is unused and will be removed from module resp_assign__1.
WARNING: [Synth 8-3332] Sequential element (out_reg[241]) is unused and will be removed from module resp_assign__1.
WARNING: [Synth 8-3332] Sequential element (out_reg[240]) is unused and will be removed from module resp_assign__1.
WARNING: [Synth 8-3332] Sequential element (out_reg[239]) is unused and will be removed from module resp_assign__1.
WARNING: [Synth 8-3332] Sequential element (out_reg[238]) is unused and will be removed from module resp_assign__1.
WARNING: [Synth 8-3332] Sequential element (out_reg[237]) is unused and will be removed from module resp_assign__1.
WARNING: [Synth 8-3332] Sequential element (out_reg[236]) is unused and will be removed from module resp_assign__1.
WARNING: [Synth 8-3332] Sequential element (out_reg[235]) is unused and will be removed from module resp_assign__1.
WARNING: [Synth 8-3332] Sequential element (out_reg[234]) is unused and will be removed from module resp_assign__1.
WARNING: [Synth 8-3332] Sequential element (out_reg[233]) is unused and will be removed from module resp_assign__1.
WARNING: [Synth 8-3332] Sequential element (out_reg[232]) is unused and will be removed from module resp_assign__1.
WARNING: [Synth 8-3332] Sequential element (out_reg[231]) is unused and will be removed from module resp_assign__1.
WARNING: [Synth 8-3332] Sequential element (out_reg[230]) is unused and will be removed from module resp_assign__1.
WARNING: [Synth 8-3332] Sequential element (out_reg[229]) is unused and will be removed from module resp_assign__1.
WARNING: [Synth 8-3332] Sequential element (out_reg[228]) is unused and will be removed from module resp_assign__1.
WARNING: [Synth 8-3332] Sequential element (out_reg[227]) is unused and will be removed from module resp_assign__1.
WARNING: [Synth 8-3332] Sequential element (out_reg[226]) is unused and will be removed from module resp_assign__1.
WARNING: [Synth 8-3332] Sequential element (out_reg[225]) is unused and will be removed from module resp_assign__1.
WARNING: [Synth 8-3332] Sequential element (out_reg[224]) is unused and will be removed from module resp_assign__1.
WARNING: [Synth 8-3332] Sequential element (out_reg[223]) is unused and will be removed from module resp_assign__1.
WARNING: [Synth 8-3332] Sequential element (out_reg[222]) is unused and will be removed from module resp_assign__1.
WARNING: [Synth 8-3332] Sequential element (out_reg[221]) is unused and will be removed from module resp_assign__1.
WARNING: [Synth 8-3332] Sequential element (out_reg[220]) is unused and will be removed from module resp_assign__1.
WARNING: [Synth 8-3332] Sequential element (out_reg[219]) is unused and will be removed from module resp_assign__1.
WARNING: [Synth 8-3332] Sequential element (out_reg[218]) is unused and will be removed from module resp_assign__1.
WARNING: [Synth 8-3332] Sequential element (out_reg[217]) is unused and will be removed from module resp_assign__1.
WARNING: [Synth 8-3332] Sequential element (out_reg[216]) is unused and will be removed from module resp_assign__1.
WARNING: [Synth 8-3332] Sequential element (out_reg[215]) is unused and will be removed from module resp_assign__1.
WARNING: [Synth 8-3332] Sequential element (out_reg[214]) is unused and will be removed from module resp_assign__1.
WARNING: [Synth 8-3332] Sequential element (out_reg[213]) is unused and will be removed from module resp_assign__1.
WARNING: [Synth 8-3332] Sequential element (out_reg[212]) is unused and will be removed from module resp_assign__1.
WARNING: [Synth 8-3332] Sequential element (out_reg[211]) is unused and will be removed from module resp_assign__1.
WARNING: [Synth 8-3332] Sequential element (out_reg[210]) is unused and will be removed from module resp_assign__1.
WARNING: [Synth 8-3332] Sequential element (out_reg[209]) is unused and will be removed from module resp_assign__1.
WARNING: [Synth 8-3332] Sequential element (out_reg[208]) is unused and will be removed from module resp_assign__1.
WARNING: [Synth 8-3332] Sequential element (out_reg[207]) is unused and will be removed from module resp_assign__1.
WARNING: [Synth 8-3332] Sequential element (out_reg[206]) is unused and will be removed from module resp_assign__1.
WARNING: [Synth 8-3332] Sequential element (out_reg[205]) is unused and will be removed from module resp_assign__1.
WARNING: [Synth 8-3332] Sequential element (out_reg[204]) is unused and will be removed from module resp_assign__1.
WARNING: [Synth 8-3332] Sequential element (out_reg[203]) is unused and will be removed from module resp_assign__1.
WARNING: [Synth 8-3332] Sequential element (out_reg[202]) is unused and will be removed from module resp_assign__1.
WARNING: [Synth 8-3332] Sequential element (out_reg[201]) is unused and will be removed from module resp_assign__1.
WARNING: [Synth 8-3332] Sequential element (out_reg[200]) is unused and will be removed from module resp_assign__1.
WARNING: [Synth 8-3332] Sequential element (out_reg[199]) is unused and will be removed from module resp_assign__1.
WARNING: [Synth 8-3332] Sequential element (out_reg[198]) is unused and will be removed from module resp_assign__1.
WARNING: [Synth 8-3332] Sequential element (out_reg[197]) is unused and will be removed from module resp_assign__1.
WARNING: [Synth 8-3332] Sequential element (out_reg[196]) is unused and will be removed from module resp_assign__1.
WARNING: [Synth 8-3332] Sequential element (out_reg[195]) is unused and will be removed from module resp_assign__1.
WARNING: [Synth 8-3332] Sequential element (out_reg[194]) is unused and will be removed from module resp_assign__1.
WARNING: [Synth 8-3332] Sequential element (out_reg[193]) is unused and will be removed from module resp_assign__1.
WARNING: [Synth 8-3332] Sequential element (out_reg[192]) is unused and will be removed from module resp_assign__1.
WARNING: [Synth 8-3332] Sequential element (out_reg[191]) is unused and will be removed from module resp_assign__1.
WARNING: [Synth 8-3332] Sequential element (out_reg[190]) is unused and will be removed from module resp_assign__1.
WARNING: [Synth 8-3332] Sequential element (out_reg[189]) is unused and will be removed from module resp_assign__1.
WARNING: [Synth 8-3332] Sequential element (out_reg[188]) is unused and will be removed from module resp_assign__1.
WARNING: [Synth 8-3332] Sequential element (out_reg[187]) is unused and will be removed from module resp_assign__1.
WARNING: [Synth 8-3332] Sequential element (out_reg[186]) is unused and will be removed from module resp_assign__1.
WARNING: [Synth 8-3332] Sequential element (out_reg[185]) is unused and will be removed from module resp_assign__1.
WARNING: [Synth 8-3332] Sequential element (out_reg[184]) is unused and will be removed from module resp_assign__1.
WARNING: [Synth 8-3332] Sequential element (out_reg[183]) is unused and will be removed from module resp_assign__1.
WARNING: [Synth 8-3332] Sequential element (out_reg[182]) is unused and will be removed from module resp_assign__1.
WARNING: [Synth 8-3332] Sequential element (out_reg[181]) is unused and will be removed from module resp_assign__1.
WARNING: [Synth 8-3332] Sequential element (out_reg[180]) is unused and will be removed from module resp_assign__1.
WARNING: [Synth 8-3332] Sequential element (out_reg[179]) is unused and will be removed from module resp_assign__1.
WARNING: [Synth 8-3332] Sequential element (out_reg[178]) is unused and will be removed from module resp_assign__1.
WARNING: [Synth 8-3332] Sequential element (out_reg[177]) is unused and will be removed from module resp_assign__1.
WARNING: [Synth 8-3332] Sequential element (out_reg[176]) is unused and will be removed from module resp_assign__1.
WARNING: [Synth 8-3332] Sequential element (out_reg[175]) is unused and will be removed from module resp_assign__1.
WARNING: [Synth 8-3332] Sequential element (out_reg[174]) is unused and will be removed from module resp_assign__1.
WARNING: [Synth 8-3332] Sequential element (out_reg[173]) is unused and will be removed from module resp_assign__1.
WARNING: [Synth 8-3332] Sequential element (out_reg[172]) is unused and will be removed from module resp_assign__1.
WARNING: [Synth 8-3332] Sequential element (out_reg[171]) is unused and will be removed from module resp_assign__1.
WARNING: [Synth 8-3332] Sequential element (out_reg[170]) is unused and will be removed from module resp_assign__1.
WARNING: [Synth 8-3332] Sequential element (out_reg[169]) is unused and will be removed from module resp_assign__1.
WARNING: [Synth 8-3332] Sequential element (out_reg[168]) is unused and will be removed from module resp_assign__1.
WARNING: [Synth 8-3332] Sequential element (out_reg[167]) is unused and will be removed from module resp_assign__1.
WARNING: [Synth 8-3332] Sequential element (out_reg[166]) is unused and will be removed from module resp_assign__1.
WARNING: [Synth 8-3332] Sequential element (out_reg[165]) is unused and will be removed from module resp_assign__1.
WARNING: [Synth 8-3332] Sequential element (out_reg[164]) is unused and will be removed from module resp_assign__1.
WARNING: [Synth 8-3332] Sequential element (out_reg[163]) is unused and will be removed from module resp_assign__1.
WARNING: [Synth 8-3332] Sequential element (out_reg[162]) is unused and will be removed from module resp_assign__1.
WARNING: [Synth 8-3332] Sequential element (out_reg[161]) is unused and will be removed from module resp_assign__1.
WARNING: [Synth 8-3332] Sequential element (out_reg[160]) is unused and will be removed from module resp_assign__1.
WARNING: [Synth 8-3332] Sequential element (out_reg[159]) is unused and will be removed from module resp_assign__1.
WARNING: [Synth 8-3332] Sequential element (out_reg[158]) is unused and will be removed from module resp_assign__1.
WARNING: [Synth 8-3332] Sequential element (out_reg[157]) is unused and will be removed from module resp_assign__1.
WARNING: [Synth 8-3332] Sequential element (out_reg[156]) is unused and will be removed from module resp_assign__1.
INFO: [Common 17-14] Message 'Synth 8-3332' appears 100 times and further instances of the messages will be disabled. Use the Tcl command set_msg_config to change the current settings.
INFO: [Common 17-14] Message 'Synth 8-3332' appears 100 times and further instances of the messages will be disabled. Use the Tcl command set_msg_config to change the current settings.
INFO: [Synth 8-5544] ROM "resp_RID_dec/out" won't be mapped to Block RAM because address size (4) smaller than threshold (5)
INFO: [Synth 8-3886] merging instance 'u_idu/ff_idu_alu_br_st_imm/q_reg[31]' (FDE) to 'u_idu/ff_idu_alu_br_st_imm/q_reg[14]'
INFO: [Synth 8-3886] merging instance 'u_idu/ff_idu_alu_br_st_imm/q_reg[14]' (FDE) to 'u_idu/ff_idu_alu_br_st_imm/q_reg[12]'
INFO: [Synth 8-3886] merging instance 'u_idu/ff_idu_alu_br_st_imm/q_reg[15]' (FDE) to 'u_idu/ff_idu_alu_br_st_imm/q_reg[12]'
INFO: [Synth 8-3886] merging instance 'u_idu/ff_idu_alu_br_st_imm/q_reg[16]' (FDE) to 'u_idu/ff_idu_alu_br_st_imm/q_reg[12]'
INFO: [Synth 8-3886] merging instance 'u_idu/ff_idu_alu_br_st_imm/q_reg[17]' (FDE) to 'u_idu/ff_idu_alu_br_st_imm/q_reg[12]'
INFO: [Synth 8-3886] merging instance 'u_idu/ff_idu_alu_br_st_imm/q_reg[18]' (FDE) to 'u_idu/ff_idu_alu_br_st_imm/q_reg[12]'
INFO: [Synth 8-3886] merging instance 'u_idu/ff_idu_alu_br_st_imm/q_reg[19]' (FDE) to 'u_idu/ff_idu_alu_br_st_imm/q_reg[12]'
INFO: [Synth 8-3886] merging instance 'u_idu/ff_idu_alu_br_st_imm/q_reg[20]' (FDE) to 'u_idu/ff_idu_alu_br_st_imm/q_reg[12]'
INFO: [Synth 8-3886] merging instance 'u_idu/ff_idu_alu_br_st_imm/q_reg[21]' (FDE) to 'u_idu/ff_idu_alu_br_st_imm/q_reg[12]'
INFO: [Synth 8-3886] merging instance 'u_idu/ff_idu_alu_br_st_imm/q_reg[22]' (FDE) to 'u_idu/ff_idu_alu_br_st_imm/q_reg[12]'
INFO: [Synth 8-3886] merging instance 'u_idu/ff_idu_alu_br_st_imm/q_reg[23]' (FDE) to 'u_idu/ff_idu_alu_br_st_imm/q_reg[12]'
INFO: [Synth 8-3886] merging instance 'u_idu/ff_idu_alu_br_st_imm/q_reg[24]' (FDE) to 'u_idu/ff_idu_alu_br_st_imm/q_reg[12]'
INFO: [Synth 8-3886] merging instance 'u_idu/ff_idu_alu_br_st_imm/q_reg[25]' (FDE) to 'u_idu/ff_idu_alu_br_st_imm/q_reg[12]'
INFO: [Synth 8-3886] merging instance 'u_idu/ff_idu_alu_br_st_imm/q_reg[26]' (FDE) to 'u_idu/ff_idu_alu_br_st_imm/q_reg[12]'
INFO: [Synth 8-3886] merging instance 'u_idu/ff_idu_alu_br_st_imm/q_reg[27]' (FDE) to 'u_idu/ff_idu_alu_br_st_imm/q_reg[12]'
INFO: [Synth 8-3886] merging instance 'u_idu/ff_idu_alu_br_st_imm/q_reg[28]' (FDE) to 'u_idu/ff_idu_alu_br_st_imm/q_reg[12]'
INFO: [Synth 8-3886] merging instance 'u_idu/ff_idu_alu_br_st_imm/q_reg[29]' (FDE) to 'u_idu/ff_idu_alu_br_st_imm/q_reg[12]'
INFO: [Synth 8-3886] merging instance 'u_idu/ff_idu_alu_br_st_imm/q_reg[30]' (FDE) to 'u_idu/ff_idu_alu_br_st_imm/q_reg[12]'
INFO: [Synth 8-3886] merging instance 'u_idu/ff_idu_alu_br_st_imm/q_reg[12]' (FDE) to 'u_idu/ff_idu_alu_br_st_imm/q_reg[13]'
INFO: [Synth 8-3886] merging instance 'u_idu/ff_idu_alu_pc/q_reg[31]' (FDE) to 'u_idu/ff_idu_alu_pc/q_reg[30]'
INFO: [Synth 8-3886] merging instance 'u_idu/ff_idu_alu_pc/q_reg[12]' (FDE) to 'u_idu/ff_idu_alu_pc/q_reg[30]'
INFO: [Synth 8-3886] merging instance 'u_idu/ff_idu_alu_pc/q_reg[13]' (FDE) to 'u_idu/ff_idu_alu_pc/q_reg[30]'
INFO: [Synth 8-3886] merging instance 'u_idu/ff_idu_alu_pc/q_reg[14]' (FDE) to 'u_idu/ff_idu_alu_pc/q_reg[30]'
INFO: [Synth 8-3886] merging instance 'u_idu/ff_idu_alu_pc/q_reg[15]' (FDE) to 'u_idu/ff_idu_alu_pc/q_reg[30]'
INFO: [Synth 8-3886] merging instance 'u_idu/ff_idu_alu_pc/q_reg[16]' (FDE) to 'u_idu/ff_idu_alu_pc/q_reg[30]'
INFO: [Synth 8-3886] merging instance 'u_idu/ff_idu_alu_pc/q_reg[17]' (FDE) to 'u_idu/ff_idu_alu_pc/q_reg[30]'
INFO: [Synth 8-3886] merging instance 'u_idu/ff_idu_alu_pc/q_reg[18]' (FDE) to 'u_idu/ff_idu_alu_pc/q_reg[30]'
INFO: [Synth 8-3886] merging instance 'u_idu/ff_idu_alu_pc/q_reg[19]' (FDE) to 'u_idu/ff_idu_alu_pc/q_reg[30]'
INFO: [Synth 8-3886] merging instance 'u_idu/ff_idu_alu_pc/q_reg[20]' (FDE) to 'u_idu/ff_idu_alu_pc/q_reg[30]'
INFO: [Synth 8-3886] merging instance 'u_idu/ff_idu_alu_pc/q_reg[21]' (FDE) to 'u_idu/ff_idu_alu_pc/q_reg[30]'
INFO: [Synth 8-3886] merging instance 'u_idu/ff_idu_alu_pc/q_reg[22]' (FDE) to 'u_idu/ff_idu_alu_pc/q_reg[30]'
INFO: [Synth 8-3886] merging instance 'u_idu/ff_idu_alu_pc/q_reg[23]' (FDE) to 'u_idu/ff_idu_alu_pc/q_reg[30]'
INFO: [Synth 8-3886] merging instance 'u_idu/ff_idu_alu_pc/q_reg[24]' (FDE) to 'u_idu/ff_idu_alu_pc/q_reg[30]'
INFO: [Synth 8-3886] merging instance 'u_idu/ff_idu_alu_pc/q_reg[25]' (FDE) to 'u_idu/ff_idu_alu_pc/q_reg[30]'
INFO: [Synth 8-3886] merging instance 'u_idu/ff_idu_alu_pc/q_reg[26]' (FDE) to 'u_idu/ff_idu_alu_pc/q_reg[30]'
INFO: [Synth 8-3886] merging instance 'u_idu/ff_idu_alu_pc/q_reg[27]' (FDE) to 'u_idu/ff_idu_alu_pc/q_reg[30]'
INFO: [Synth 8-3886] merging instance 'u_idu/ff_idu_alu_pc/q_reg[28]' (FDE) to 'u_idu/ff_idu_alu_pc/q_reg[30]'
INFO: [Synth 8-3886] merging instance 'u_idu/ff_idu_alu_pc/q_reg[29]' (FDE) to 'u_idu/ff_idu_alu_pc/q_reg[30]'
INFO: [Synth 8-3333] propagating constant 0 across sequential element (u_idu/\ff_idu_alu_pc/q_reg[30] )
INFO: [Synth 8-3886] merging instance 'u_alu/ff_alu_lsu_mxu_clr/q_reg[0]' (FDE) to 'u_alu/ff_alu_lsu_st_low/q_reg[0]'
INFO: [Synth 8-3886] merging instance 'u_alu/ff_alu_lsu_pool_size/q_reg[0]' (FDE) to 'u_alu/ff_alu_lsu_act_type/q_reg[0]'
INFO: [Synth 8-3886] merging instance 'u_alu/ff_alu_lsu_pool_size/q_reg[1]' (FDE) to 'u_alu/ff_alu_lsu_act_type/q_reg[1]'
INFO: [Synth 8-3886] merging instance 'u_alu/ff_alu_lsu_act_type/q_reg[0]' (FDE) to 'u_alu/ff_alu_lsu_col_len/q_reg[0]'
INFO: [Synth 8-3886] merging instance 'u_alu/ff_alu_lsu_act_type/q_reg[1]' (FDE) to 'u_alu/ff_alu_lsu_col_len/q_reg[1]'
INFO: [Synth 8-3886] merging instance 'u_alu/ff_alu_lsu_col_len/q_reg[0]' (FDE) to 'u_alu/ff_alu_lsu_st_col/q_reg[0]'
INFO: [Synth 8-3886] merging instance 'u_alu/ff_alu_lsu_col_len/q_reg[1]' (FDE) to 'u_alu/ff_alu_lsu_st_col/q_reg[1]'
INFO: [Synth 8-3886] merging instance 'u_alu/ff_alu_lsu_col_len/q_reg[2]' (FDE) to 'u_alu/ff_alu_lsu_st_col/q_reg[2]'
INFO: [Synth 8-3886] merging instance 'u_alu/ff_alu_lsu_col_len/q_reg[3]' (FDE) to 'u_alu/ff_alu_lsu_st_col/q_reg[3]'
INFO: [Synth 8-3886] merging instance 'u_alu/ff_alu_lsu_iram_row_len/q_reg[0]' (FDE) to 'u_alu/ff_alu_lsu_st_row/q_reg[0]'
INFO: [Synth 8-3886] merging instance 'u_alu/ff_alu_lsu_iram_row_len/q_reg[1]' (FDE) to 'u_alu/ff_alu_lsu_st_row/q_reg[1]'
INFO: [Synth 8-3886] merging instance 'u_alu/ff_alu_lsu_iram_row_len/q_reg[2]' (FDE) to 'u_alu/ff_alu_lsu_st_row/q_reg[2]'
INFO: [Synth 8-3886] merging instance 'u_alu/ff_alu_lsu_iram_row_len/q_reg[3]' (FDE) to 'u_alu/ff_alu_lsu_st_row/q_reg[3]'
INFO: [Synth 8-3886] merging instance 'u_alu/ff_alu_lsu_wram_row_len/q_reg[0]' (FDE) to 'u_alu/ff_alu_lsu_num/q_reg[2]'
INFO: [Synth 8-3886] merging instance 'u_alu/ff_alu_lsu_wram_row_len/q_reg[1]' (FDE) to 'u_alu/ff_alu_lsu_num/q_reg[3]'
INFO: [Synth 8-3886] merging instance 'u_alu/ff_alu_lsu_wram_row_len/q_reg[2]' (FDE) to 'u_alu/ff_alu_lsu_num/q_reg[4]'
INFO: [Synth 8-3886] merging instance 'u_alu/ff_alu_lsu_wram_row_len/q_reg[3]' (FDE) to 'u_alu/ff_alu_lsu_num/q_reg[5]'
INFO: [Synth 8-3886] merging instance 'u_alu/ff_alu_lsu_wram_start_addr/q_reg[0]' (FDE) to 'u_alu/ff_alu_lsu_start_y/q_reg[0]'
INFO: [Synth 8-3886] merging instance 'u_alu/ff_alu_lsu_wram_start_addr/q_reg[1]' (FDE) to 'u_alu/ff_alu_lsu_start_y/q_reg[1]'
INFO: [Synth 8-3886] merging instance 'u_alu/ff_alu_lsu_wram_start_addr/q_reg[2]' (FDE) to 'u_alu/ff_alu_lsu_start_y/q_reg[2]'
INFO: [Synth 8-3886] merging instance 'u_alu/ff_alu_lsu_wram_start_addr/q_reg[3]' (FDE) to 'u_alu/ff_alu_lsu_start_y/q_reg[3]'
INFO: [Synth 8-3886] merging instance 'u_alu/ff_alu_lsu_wram_start_addr/q_reg[4]' (FDE) to 'u_alu/ff_alu_lsu_dram_addr/q_reg[4]'
INFO: [Synth 8-3886] merging instance 'u_alu/ff_alu_lsu_wram_start_addr/q_reg[5]' (FDE) to 'u_alu/ff_alu_lsu_dram_addr/q_reg[5]'
INFO: [Synth 8-3886] merging instance 'u_alu/ff_alu_lsu_wram_start_addr/q_reg[6]' (FDE) to 'u_alu/ff_alu_lsu_dram_addr/q_reg[6]'
INFO: [Synth 8-3886] merging instance 'u_alu/ff_alu_lsu_wram_start_addr/q_reg[7]' (FDE) to 'u_alu/ff_alu_lsu_dram_addr/q_reg[7]'
INFO: [Synth 8-3886] merging instance 'u_alu/ff_alu_lsu_wram_start_addr/q_reg[8]' (FDE) to 'u_alu/ff_alu_lsu_dram_addr/q_reg[8]'
INFO: [Synth 8-3886] merging instance 'u_alu/ff_alu_lsu_wram_start_addr/q_reg[9]' (FDE) to 'u_alu/ff_alu_lsu_dram_addr/q_reg[9]'
INFO: [Synth 8-3886] merging instance 'u_alu/ff_alu_lsu_wram_start_addr/q_reg[10]' (FDE) to 'u_alu/ff_alu_lsu_dram_addr/q_reg[10]'
INFO: [Synth 8-3886] merging instance 'u_alu/ff_alu_lsu_wram_start_addr/q_reg[11]' (FDE) to 'u_alu/ff_alu_lsu_dram_addr/q_reg[11]'
INFO: [Synth 8-3886] merging instance 'u_alu/ff_alu_lsu_st_col/q_reg[0]' (FDE) to 'u_alu/ff_alu_lsu_str/q_reg[0]'
INFO: [Synth 8-3886] merging instance 'u_alu/ff_alu_lsu_st_col/q_reg[1]' (FDE) to 'u_alu/ff_alu_lsu_str/q_reg[1]'
INFO: [Synth 8-3886] merging instance 'u_alu/ff_alu_lsu_st_col/q_reg[2]' (FDE) to 'u_alu/ff_alu_lsu_str/q_reg[2]'
INFO: [Synth 8-3886] merging instance 'u_alu/ff_alu_lsu_st_col/q_reg[3]' (FDE) to 'u_alu/ff_alu_lsu_len/q_reg[0]'
INFO: [Synth 8-3886] merging instance 'u_alu/ff_alu_lsu_st_row/q_reg[0]' (FDE) to 'u_alu/ff_alu_lsu_len/q_reg[1]'
INFO: [Synth 8-3886] merging instance 'u_alu/ff_alu_lsu_st_row/q_reg[1]' (FDE) to 'u_alu/ff_alu_lsu_len/q_reg[2]'
INFO: [Synth 8-3886] merging instance 'u_alu/ff_alu_lsu_st_row/q_reg[2]' (FDE) to 'u_alu/ff_alu_lsu_num/q_reg[0]'
INFO: [Synth 8-3886] merging instance 'u_alu/ff_alu_lsu_st_row/q_reg[3]' (FDE) to 'u_alu/ff_alu_lsu_num/q_reg[1]'
INFO: [Synth 8-3886] merging instance 'u_alu/ff_alu_lsu_start_y/q_reg[0]' (FDE) to 'u_alu/ff_alu_lsu_start_x/q_reg[0]'
INFO: [Synth 8-3886] merging instance 'u_alu/ff_alu_lsu_start_y/q_reg[1]' (FDE) to 'u_alu/ff_alu_lsu_start_x/q_reg[1]'
INFO: [Synth 8-3886] merging instance 'u_alu/ff_alu_lsu_start_y/q_reg[2]' (FDE) to 'u_alu/ff_alu_lsu_start_x/q_reg[2]'
INFO: [Synth 8-3886] merging instance 'u_alu/ff_alu_lsu_start_y/q_reg[3]' (FDE) to 'u_alu/ff_alu_lsu_start_x/q_reg[3]'
INFO: [Synth 8-3886] merging instance 'u_alu/ff_alu_lsu_start_x/q_reg[0]' (FDE) to 'u_alu/ff_alu_lsu_dram_addr/q_reg[0]'
INFO: [Synth 8-3886] merging instance 'u_alu/ff_alu_lsu_start_x/q_reg[1]' (FDE) to 'u_alu/ff_alu_lsu_dram_addr/q_reg[1]'
INFO: [Synth 8-3886] merging instance 'u_alu/ff_alu_lsu_start_x/q_reg[2]' (FDE) to 'u_alu/ff_alu_lsu_dram_addr/q_reg[2]'
INFO: [Synth 8-3886] merging instance 'u_alu/ff_alu_lsu_start_x/q_reg[3]' (FDE) to 'u_alu/ff_alu_lsu_dram_addr/q_reg[3]'
INFO: [Synth 8-3886] merging instance 'u_alu/ff_alu_lsu_str/q_reg[0]' (FDE) to 'u_alu/ff_alu_lsu_wb_addr/q_reg[0]'
INFO: [Synth 8-3886] merging instance 'u_alu/ff_alu_lsu_str/q_reg[1]' (FDE) to 'u_alu/ff_alu_lsu_wb_addr/q_reg[1]'
INFO: [Synth 8-3886] merging instance 'u_alu/ff_alu_lsu_str/q_reg[2]' (FDE) to 'u_alu/ff_alu_lsu_wb_addr/q_reg[2]'
INFO: [Synth 8-3886] merging instance 'u_alu/ff_alu_lsu_len/q_reg[0]' (FDE) to 'u_alu/ff_alu_lsu_wb_addr/q_reg[3]'
INFO: [Synth 8-3886] merging instance 'u_alu/ff_alu_lsu_len/q_reg[1]' (FDE) to 'u_alu/ff_alu_lsu_wb_addr/q_reg[4]'
INFO: [Synth 8-3886] merging instance 'u_alu/ff_alu_lsu_dram_addr/q_reg[0]' (FDE) to 'u_alu/ff_alu_lsu_src2/q_reg[0]'
INFO: [Synth 8-3886] merging instance 'u_alu/ff_alu_lsu_dram_addr/q_reg[1]' (FDE) to 'u_alu/ff_alu_lsu_src2/q_reg[1]'
INFO: [Synth 8-3886] merging instance 'u_alu/ff_alu_lsu_dram_addr/q_reg[2]' (FDE) to 'u_alu/ff_alu_lsu_src2/q_reg[2]'
INFO: [Synth 8-3886] merging instance 'u_alu/ff_alu_lsu_dram_addr/q_reg[3]' (FDE) to 'u_alu/ff_alu_lsu_src2/q_reg[3]'
INFO: [Synth 8-3886] merging instance 'u_alu/ff_alu_lsu_dram_addr/q_reg[4]' (FDE) to 'u_alu/ff_alu_lsu_src2/q_reg[4]'
INFO: [Synth 8-3886] merging instance 'u_alu/ff_alu_lsu_dram_addr/q_reg[5]' (FDE) to 'u_alu/ff_alu_lsu_src2/q_reg[5]'
INFO: [Synth 8-3886] merging instance 'u_alu/ff_alu_lsu_dram_addr/q_reg[6]' (FDE) to 'u_alu/ff_alu_lsu_src2/q_reg[6]'
INFO: [Synth 8-3886] merging instance 'u_alu/ff_alu_lsu_dram_addr/q_reg[7]' (FDE) to 'u_alu/ff_alu_lsu_src2/q_reg[7]'
INFO: [Common 17-14] Message 'Synth 8-3886' appears 100 times and further instances of the messages will be disabled. Use the Tcl command set_msg_config to change the current settings.
INFO: [Common 17-14] Message 'Synth 8-3886' appears 100 times and further instances of the messages will be disabled. Use the Tcl command set_msg_config to change the current settings.
---------------------------------------------------------------------------------
Finished Cross Boundary and Area Optimization : Time (s): cpu = 00:00:26 ; elapsed = 00:00:49 . Memory (MB): peak = 3609.648 ; gain = 677.883 ; free physical = 201438 ; free virtual = 218990
---------------------------------------------------------------------------------
---------------------------------------------------------------------------------
Start Stitch Unchanged AreaOpt Partitions
---------------------------------------------------------------------------------
---------------------------------------------------------------------------------
Finished Stitch Unchanged AreaOpt Partitions : Time (s): cpu = 00:00:26 ; elapsed = 00:00:49 . Memory (MB): peak = 3609.648 ; gain = 677.883 ; free physical = 201438 ; free virtual = 218991
---------------------------------------------------------------------------------
---------------------------------------------------------------------------------
Start Applying XDC Timing Constraints
---------------------------------------------------------------------------------
---------------------------------------------------------------------------------
Finished Applying XDC Timing Constraints : Time (s): cpu = 00:00:31 ; elapsed = 00:00:55 . Memory (MB): peak = 3609.648 ; gain = 677.883 ; free physical = 201357 ; free virtual = 218947
---------------------------------------------------------------------------------
---------------------------------------------------------------------------------
Start Timing Optimization
---------------------------------------------------------------------------------
---------------------------------------------------------------------------------
Finished Timing Optimization : Time (s): cpu = 00:00:32 ; elapsed = 00:00:56 . Memory (MB): peak = 3609.648 ; gain = 677.883 ; free physical = 201357 ; free virtual = 218947
---------------------------------------------------------------------------------
---------------------------------------------------------------------------------
Start Technology Mapping
---------------------------------------------------------------------------------
---------------------------------------------------------------------------------
Finished Technology Mapping : Time (s): cpu = 00:00:33 ; elapsed = 00:01:03 . Memory (MB): peak = 3609.648 ; gain = 677.883 ; free physical = 201333 ; free virtual = 218940
---------------------------------------------------------------------------------
---------------------------------------------------------------------------------
Start Stitch Unchanged Partitions
---------------------------------------------------------------------------------
---------------------------------------------------------------------------------
Finished Stitch Unchanged Partitions : Time (s): cpu = 00:00:33 ; elapsed = 00:01:04 . Memory (MB): peak = 3609.648 ; gain = 677.883 ; free physical = 201327 ; free virtual = 218935
---------------------------------------------------------------------------------
---------------------------------------------------------------------------------
Start IO Insertion
---------------------------------------------------------------------------------
---------------------------------------------------------------------------------
Start Flattening Before IO Insertion
---------------------------------------------------------------------------------
---------------------------------------------------------------------------------
Finished Flattening Before IO Insertion
---------------------------------------------------------------------------------
---------------------------------------------------------------------------------
Start Final Netlist Cleanup
---------------------------------------------------------------------------------
---------------------------------------------------------------------------------
Finished Final Netlist Cleanup
---------------------------------------------------------------------------------
---------------------------------------------------------------------------------
Finished IO Insertion : Time (s): cpu = 00:00:41 ; elapsed = 00:01:12 . Memory (MB): peak = 3616.152 ; gain = 684.387 ; free physical = 201269 ; free virtual = 218910
---------------------------------------------------------------------------------
---------------------------------------------------------------------------------
Start Renaming Generated Instances
---------------------------------------------------------------------------------
---------------------------------------------------------------------------------
Finished Renaming Generated Instances : Time (s): cpu = 00:00:42 ; elapsed = 00:01:12 . Memory (MB): peak = 3616.152 ; gain = 684.387 ; free physical = 201270 ; free virtual = 218911
---------------------------------------------------------------------------------
---------------------------------------------------------------------------------
Start Rebuilding User Hierarchy
---------------------------------------------------------------------------------
---------------------------------------------------------------------------------
Finished Rebuilding User Hierarchy : Time (s): cpu = 00:00:46 ; elapsed = 00:01:16 . Memory (MB): peak = 3616.152 ; gain = 684.387 ; free physical = 201284 ; free virtual = 218912
---------------------------------------------------------------------------------
---------------------------------------------------------------------------------
Start Renaming Generated Ports
---------------------------------------------------------------------------------
---------------------------------------------------------------------------------
Finished Renaming Generated Ports : Time (s): cpu = 00:00:47 ; elapsed = 00:01:18 . Memory (MB): peak = 3616.152 ; gain = 684.387 ; free physical = 201270 ; free virtual = 218897
---------------------------------------------------------------------------------
---------------------------------------------------------------------------------
Start Handling Custom Attributes
---------------------------------------------------------------------------------
---------------------------------------------------------------------------------
Finished Handling Custom Attributes : Time (s): cpu = 00:00:48 ; elapsed = 00:01:19 . Memory (MB): peak = 3616.152 ; gain = 684.387 ; free physical = 201260 ; free virtual = 218886
---------------------------------------------------------------------------------
---------------------------------------------------------------------------------
Start Renaming Generated Nets
---------------------------------------------------------------------------------
---------------------------------------------------------------------------------
Finished Renaming Generated Nets : Time (s): cpu = 00:00:49 ; elapsed = 00:01:19 . Memory (MB): peak = 3616.152 ; gain = 684.387 ; free physical = 201261 ; free virtual = 218886
---------------------------------------------------------------------------------
---------------------------------------------------------------------------------
Start Writing Synthesis Report
---------------------------------------------------------------------------------

Report BlackBoxes: 
+------+----------------+----------+
|      |BlackBox name   |Instances |
+------+----------------+----------+
|1     |mem_wrapper     |         1|
|2     |ram_mem_wrapper |         4|
+------+----------------+----------+

Report Cell Usage: 
+------+----------------+------+
|      |Cell            |Count |
+------+----------------+------+
|1     |mem_wrapper     |     1|
|2     |ram_mem_wrapper |     4|
|6     |BUFG            |     1|
|7     |CARRY4          |  4198|
|8     |LUT1            |    28|
|9     |LUT2            | 10807|
|10    |LUT3            |  4551|
|11    |LUT4            |  7383|
|12    |LUT5            |  3319|
|13    |LUT6            | 18947|
|14    |MUXF7           |   414|
|15    |MUXF8           |    91|
|16    |FDCE            |  6271|
|17    |FDPE            |     5|
|18    |FDRE            | 11891|
|19    |IBUF            |    91|
|20    |OBUF            |   185|
+------+----------------+------+
---------------------------------------------------------------------------------
Finished Writing Synthesis Report : Time (s): cpu = 00:00:49 ; elapsed = 00:01:19 . Memory (MB): peak = 3616.152 ; gain = 684.387 ; free physical = 201261 ; free virtual = 218886
---------------------------------------------------------------------------------
Synthesis finished with 0 errors, 0 critical warnings and 238 warnings.
Synthesis Optimization Runtime : Time (s): cpu = 00:00:45 ; elapsed = 00:01:16 . Memory (MB): peak = 3620.059 ; gain = 534.809 ; free physical = 206417 ; free virtual = 224042
Synthesis Optimization Complete : Time (s): cpu = 00:00:52 ; elapsed = 00:01:21 . Memory (MB): peak = 3620.059 ; gain = 688.293 ; free physical = 206420 ; free virtual = 224042
INFO: [Project 1-571] Translating synthesized netlist
Netlist sorting complete. Time (s): cpu = 00:00:00.63 ; elapsed = 00:00:00.63 . Memory (MB): peak = 3620.059 ; gain = 0.000 ; free physical = 206440 ; free virtual = 224057
INFO: [Netlist 29-17] Analyzing 4703 Unisim elements for replacement
INFO: [Netlist 29-28] Unisim Transformation completed in 0 CPU seconds
INFO: [Project 1-570] Preparing netlist for logic optimization
INFO: [Opt 31-138] Pushed 0 inverter(s) to 0 load pin(s).
Netlist sorting complete. Time (s): cpu = 00:00:00.01 ; elapsed = 00:00:00.01 . Memory (MB): peak = 3797.426 ; gain = 0.000 ; free physical = 206342 ; free virtual = 223948
INFO: [Project 1-111] Unisim Transformation Summary:
No Unisim elements were transformed.

Synth Design complete | Checksum: 330433f6
INFO: [Common 17-83] Releasing license: Synthesis
267 Infos, 257 Warnings, 0 Critical Warnings and 0 Errors encountered.
synth_design completed successfully
synth_design: Time (s): cpu = 00:01:06 ; elapsed = 00:01:35 . Memory (MB): peak = 3797.426 ; gain = 1211.461 ; free physical = 206345 ; free virtual = 223951
INFO: [Common 17-2834] synth_design peak Physical Memory [PSS] (MB): overall = 7873.454; main = 2764.104; forked = 5280.823
INFO: [Common 17-2834] synth_design peak Virtual Memory [VSS] (MB): overall = 12300.129; main = 3797.426; forked = 8683.977
INFO: [Common 17-1381] The checkpoint '/dfs/usrhome/twipaa/Documents/fpga/ZW02a-25_FYP_repo/fpga/ZW02a-25_FYP/ZW02a-25_FYP.runs/synth_1/tpu.dcp' has been generated.
write_checkpoint: Time (s): cpu = 00:00:08 ; elapsed = 00:00:06 . Memory (MB): peak = 3869.461 ; gain = 72.035 ; free physical = 206205 ; free virtual = 223961
INFO: [runtcl-4] Executing : report_utilization -file tpu_utilization_synth.rpt -pb tpu_utilization_synth.pb
INFO: [Common 17-206] Exiting Vivado at Mon Mar  2 22:35:36 2026...
